2025-01-26 13:41:16.449 [info] [main] Log level: Info
2025-01-26 13:41:16.449 [info] [main] Validating found git in: "git"
2025-01-26 13:41:16.449 [info] [main] Using git "2.48.1" from "git"
2025-01-26 13:41:16.449 [info] [Model][doInitialScan] Initial repository scan started
2025-01-26 13:41:16.449 [info] > git rev-parse --show-toplevel [80ms]
2025-01-26 13:41:16.449 [info] > git rev-parse --git-dir --git-common-dir [3ms]
2025-01-26 13:41:16.449 [info] [Model][openRepository] Opened repository: /home/elf/.config
2025-01-26 13:41:16.451 [info] > git config --get commit.template [35ms]
2025-01-26 13:41:16.474 [info] > git for-each-ref --format=%(refname)%00%(upstream:short)%00%(objectname)%00%(upstream:track)%00%(upstream:remotename)%00%(upstream:remoteref) refs/heads/master refs/remotes/master [2ms]
2025-01-26 13:41:16.490 [info] > git for-each-ref --sort -committerdate --format %(refname) %(objectname) %(*objectname) [2ms]
2025-01-26 13:41:16.501 [info] > git rev-parse --show-toplevel [2ms]
2025-01-26 13:41:16.509 [info] > git status -z -uall [28ms]
2025-01-26 13:41:16.535 [info] > git for-each-ref --format=%(refname)%00%(upstream:short)%00%(objectname)%00%(upstream:track)%00%(upstream:remotename)%00%(upstream:remoteref) refs/heads/master refs/remotes/master [10ms]
2025-01-26 13:41:16.542 [info] > git rev-parse --show-toplevel [33ms]
2025-01-26 13:41:16.552 [info] > git config --local branch.master.vscode-merge-base [11ms]
2025-01-26 13:41:16.553 [warning] [Git][config] git config failed: Failed to execute git
2025-01-26 13:41:16.558 [info] > git config --get commit.template [23ms]
2025-01-26 13:41:16.559 [info] > git rev-parse --show-toplevel [8ms]
2025-01-26 13:41:16.572 [info] > git reflog master --grep-reflog=branch: Created from *. [15ms]
2025-01-26 13:41:16.578 [info] > git rev-parse --show-toplevel [6ms]
2025-01-26 13:41:16.578 [info] > git for-each-ref --format=%(refname)%00%(upstream:short)%00%(objectname)%00%(upstream:track)%00%(upstream:remotename)%00%(upstream:remoteref) refs/heads/master refs/remotes/master [12ms]
2025-01-26 13:41:16.604 [info] > git status -z -uall [19ms]
2025-01-26 13:41:16.605 [info] > git for-each-ref --sort -committerdate --format %(refname) %(objectname) %(*objectname) [14ms]
2025-01-26 13:41:16.605 [info] > git symbolic-ref --short refs/remotes/origin/HEAD [29ms]
2025-01-26 13:41:16.605 [info] fatal: ref refs/remotes/origin/HEAD is not a symbolic ref
2025-01-26 13:41:16.605 [warning] [Repository][getDefaultBranch] Failed to get default branch details: Failed to execute git.
2025-01-26 13:41:16.607 [info] > git rev-parse --show-toplevel [3ms]
2025-01-26 13:41:16.648 [info] > git rev-parse --show-toplevel [1ms]
2025-01-26 13:41:16.653 [info] > git rev-parse --show-toplevel [1ms]
2025-01-26 13:41:16.657 [info] > git rev-parse --show-toplevel [1ms]
2025-01-26 13:41:16.664 [info] > git rev-parse --show-toplevel [1ms]
2025-01-26 13:41:16.670 [info] > git rev-parse --show-toplevel [1ms]
2025-01-26 13:41:16.686 [info] > git rev-parse --show-toplevel [13ms]
2025-01-26 13:41:16.691 [info] > git rev-parse --show-toplevel [1ms]
2025-01-26 13:41:16.697 [info] > git rev-parse --show-toplevel [1ms]
2025-01-26 13:41:16.704 [info] > git rev-parse --show-toplevel [1ms]
2025-01-26 13:41:16.718 [info] > git rev-parse --show-toplevel [10ms]
2025-01-26 13:41:16.723 [info] > git rev-parse --show-toplevel [1ms]
2025-01-26 13:41:16.728 [info] > git rev-parse --show-toplevel [1ms]
2025-01-26 13:41:16.733 [info] > git rev-parse --show-toplevel [1ms]
2025-01-26 13:41:16.737 [info] > git rev-parse --show-toplevel [1ms]
2025-01-26 13:41:16.741 [info] > git rev-parse --show-toplevel [1ms]
2025-01-26 13:41:16.747 [info] > git rev-parse --show-toplevel [1ms]
2025-01-26 13:41:16.752 [info] > git rev-parse --show-toplevel [1ms]
2025-01-26 13:41:16.756 [info] > git rev-parse --show-toplevel [1ms]
2025-01-26 13:41:16.759 [info] [Model][doInitialScan] Initial repository scan completed - repositories (1), closed repositories (0), parent repositories (0), unsafe repositories (0)
2025-01-26 13:41:16.986 [info] > git check-ignore -v -z --stdin [7ms]
2025-01-26 13:41:18.331 [info] > git config --get commit.template [3ms]
2025-01-26 13:41:18.332 [info] > git for-each-ref --format=%(refname)%00%(upstream:short)%00%(objectname)%00%(upstream:track)%00%(upstream:remotename)%00%(upstream:remoteref) refs/heads/master refs/remotes/master [1ms]
2025-01-26 13:41:18.341 [info] > git for-each-ref --sort -committerdate --format %(refname) %(objectname) %(*objectname) [1ms]
2025-01-26 13:41:18.349 [info] > git status -z -uall [14ms]
2025-01-26 13:41:23.368 [info] > git config --get commit.template [6ms]
2025-01-26 13:41:23.369 [info] > git for-each-ref --format=%(refname)%00%(upstream:short)%00%(objectname)%00%(upstream:track)%00%(upstream:remotename)%00%(upstream:remoteref) refs/heads/master refs/remotes/master [2ms]
2025-01-26 13:41:23.378 [info] > git for-each-ref --sort -committerdate --format %(refname) %(objectname) %(*objectname) [1ms]
2025-01-26 13:41:23.386 [info] > git status -z -uall [14ms]
2025-01-26 13:41:26.019 [info] > git log --format=%H%n%aN%n%aE%n%at%n%ct%n%P%n%D%n%B -z -n-1 [1ms]
2025-01-26 13:41:28.402 [info] > git config --get commit.template [4ms]
2025-01-26 13:41:28.403 [info] > git for-each-ref --format=%(refname)%00%(upstream:short)%00%(objectname)%00%(upstream:track)%00%(upstream:remotename)%00%(upstream:remoteref) refs/heads/master refs/remotes/master [1ms]
2025-01-26 13:41:28.412 [info] > git for-each-ref --sort -committerdate --format %(refname) %(objectname) %(*objectname) [1ms]
2025-01-26 13:41:28.419 [info] > git status -z -uall [13ms]
2025-01-26 13:41:59.296 [info] > git config --get commit.template [2ms]
2025-01-26 13:41:59.303 [info] > git for-each-ref --format=%(refname)%00%(upstream:short)%00%(objectname)%00%(upstream:track)%00%(upstream:remotename)%00%(upstream:remoteref) refs/heads/master refs/remotes/master [1ms]
2025-01-26 13:41:59.317 [info] > git for-each-ref --sort -committerdate --format %(refname) %(objectname) %(*objectname) [2ms]
2025-01-26 13:41:59.328 [info] > git status -z -uall [18ms]
2025-01-26 13:42:04.347 [info] > git config --get commit.template [4ms]
2025-01-26 13:42:04.348 [info] > git for-each-ref --format=%(refname)%00%(upstream:short)%00%(objectname)%00%(upstream:track)%00%(upstream:remotename)%00%(upstream:remoteref) refs/heads/master refs/remotes/master [1ms]
2025-01-26 13:42:04.356 [info] > git for-each-ref --sort -committerdate --format %(refname) %(objectname) %(*objectname) [1ms]
2025-01-26 13:42:04.363 [info] > git status -z -uall [12ms]
2025-01-26 13:42:10.418 [info] > git config --get commit.template [6ms]
2025-01-26 13:42:10.418 [info] > git for-each-ref --format=%(refname)%00%(upstream:short)%00%(objectname)%00%(upstream:track)%00%(upstream:remotename)%00%(upstream:remoteref) refs/heads/master refs/remotes/master [1ms]
2025-01-26 13:42:10.433 [info] > git for-each-ref --sort -committerdate --format %(refname) %(objectname) %(*objectname) [2ms]
2025-01-26 13:42:10.448 [info] > git status -z -uall [24ms]
2025-01-26 13:42:15.462 [info] > git config --get commit.template [4ms]
2025-01-26 13:42:15.462 [info] > git for-each-ref --format=%(refname)%00%(upstream:short)%00%(objectname)%00%(upstream:track)%00%(upstream:remotename)%00%(upstream:remoteref) refs/heads/master refs/remotes/master [1ms]
2025-01-26 13:42:15.471 [info] > git for-each-ref --sort -committerdate --format %(refname) %(objectname) %(*objectname) [1ms]
2025-01-26 13:42:15.483 [info] > git status -z -uall [18ms]
2025-01-26 13:42:20.498 [info] > git config --get commit.template [3ms]
2025-01-26 13:42:20.499 [info] > git for-each-ref --format=%(refname)%00%(upstream:short)%00%(objectname)%00%(upstream:track)%00%(upstream:remotename)%00%(upstream:remoteref) refs/heads/master refs/remotes/master [1ms]
2025-01-26 13:42:20.507 [info] > git for-each-ref --sort -committerdate --format %(refname) %(objectname) %(*objectname) [1ms]
2025-01-26 13:42:20.517 [info] > git status -z -uall [15ms]
2025-01-26 13:42:25.534 [info] > git config --get commit.template [7ms]
2025-01-26 13:42:25.535 [info] > git for-each-ref --format=%(refname)%00%(upstream:short)%00%(objectname)%00%(upstream:track)%00%(upstream:remotename)%00%(upstream:remoteref) refs/heads/master refs/remotes/master [2ms]
2025-01-26 13:42:25.550 [info] > git for-each-ref --sort -committerdate --format %(refname) %(objectname) %(*objectname) [2ms]
2025-01-26 13:42:25.570 [info] > git status -z -uall [29ms]
2025-01-26 13:42:30.595 [info] > git config --get commit.template [3ms]
2025-01-26 13:42:30.614 [info] > git for-each-ref --format=%(refname)%00%(upstream:short)%00%(objectname)%00%(upstream:track)%00%(upstream:remotename)%00%(upstream:remoteref) refs/heads/master refs/remotes/master [4ms]
2025-01-26 13:42:30.640 [info] > git for-each-ref --sort -committerdate --format %(refname) %(objectname) %(*objectname) [1ms]
2025-01-26 13:42:30.652 [info] > git status -z -uall [26ms]
2025-01-26 13:42:35.668 [info] > git config --get commit.template [4ms]
2025-01-26 13:42:35.669 [info] > git for-each-ref --format=%(refname)%00%(upstream:short)%00%(objectname)%00%(upstream:track)%00%(upstream:remotename)%00%(upstream:remoteref) refs/heads/master refs/remotes/master [1ms]
2025-01-26 13:42:35.683 [info] > git for-each-ref --sort -committerdate --format %(refname) %(objectname) %(*objectname) [1ms]
2025-01-26 13:42:35.693 [info] > git status -z -uall [16ms]
2025-01-26 13:42:40.709 [info] > git config --get commit.template [4ms]
2025-01-26 13:42:40.710 [info] > git for-each-ref --format=%(refname)%00%(upstream:short)%00%(objectname)%00%(upstream:track)%00%(upstream:remotename)%00%(upstream:remoteref) refs/heads/master refs/remotes/master [2ms]
2025-01-26 13:42:40.718 [info] > git for-each-ref --sort -committerdate --format %(refname) %(objectname) %(*objectname) [1ms]
2025-01-26 13:42:40.732 [info] > git status -z -uall [20ms]
2025-01-26 13:42:45.746 [info] > git config --get commit.template [3ms]
2025-01-26 13:42:45.746 [info] > git for-each-ref --format=%(refname)%00%(upstream:short)%00%(objectname)%00%(upstream:track)%00%(upstream:remotename)%00%(upstream:remoteref) refs/heads/master refs/remotes/master [1ms]
2025-01-26 13:42:45.757 [info] > git for-each-ref --sort -committerdate --format %(refname) %(objectname) %(*objectname) [2ms]
2025-01-26 13:42:45.773 [info] > git status -z -uall [23ms]
2025-01-26 13:43:05.573 [info] > git config --get commit.template [7ms]
2025-01-26 13:43:05.574 [info] > git for-each-ref --format=%(refname)%00%(upstream:short)%00%(objectname)%00%(upstream:track)%00%(upstream:remotename)%00%(upstream:remoteref) refs/heads/master refs/remotes/master [1ms]
2025-01-26 13:43:05.591 [info] > git for-each-ref --sort -committerdate --format %(refname) %(objectname) %(*objectname) [1ms]
2025-01-26 13:43:05.609 [info] > git status -z -uall [26ms]
2025-01-26 13:43:10.645 [info] > git config --get commit.template [14ms]
2025-01-26 13:43:10.647 [info] > git for-each-ref --format=%(refname)%00%(upstream:short)%00%(objectname)%00%(upstream:track)%00%(upstream:remotename)%00%(upstream:remoteref) refs/heads/master refs/remotes/master [4ms]
2025-01-26 13:43:10.675 [info] > git for-each-ref --sort -committerdate --format %(refname) %(objectname) %(*objectname) [3ms]
2025-01-26 13:43:10.703 [info] > git status -z -uall [44ms]
2025-01-26 13:43:15.726 [info] > git config --get commit.template [9ms]
2025-01-26 13:43:15.728 [info] > git for-each-ref --format=%(refname)%00%(upstream:short)%00%(objectname)%00%(upstream:track)%00%(upstream:remotename)%00%(upstream:remoteref) refs/heads/master refs/remotes/master [2ms]
2025-01-26 13:43:15.741 [info] > git for-each-ref --sort -committerdate --format %(refname) %(objectname) %(*objectname) [1ms]
2025-01-26 13:43:15.761 [info] > git status -z -uall [26ms]
2025-01-26 13:43:20.781 [info] > git config --get commit.template [5ms]
2025-01-26 13:43:20.781 [info] > git for-each-ref --format=%(refname)%00%(upstream:short)%00%(objectname)%00%(upstream:track)%00%(upstream:remotename)%00%(upstream:remoteref) refs/heads/master refs/remotes/master [1ms]
2025-01-26 13:43:20.796 [info] > git for-each-ref --sort -committerdate --format %(refname) %(objectname) %(*objectname) [2ms]
2025-01-26 13:43:20.810 [info] > git status -z -uall [23ms]
2025-01-26 13:43:25.833 [info] > git config --get commit.template [8ms]
2025-01-26 13:43:25.833 [info] > git for-each-ref --format=%(refname)%00%(upstream:short)%00%(objectname)%00%(upstream:track)%00%(upstream:remotename)%00%(upstream:remoteref) refs/heads/master refs/remotes/master [1ms]
2025-01-26 13:43:25.847 [info] > git for-each-ref --sort -committerdate --format %(refname) %(objectname) %(*objectname) [2ms]
2025-01-26 13:43:25.864 [info] > git status -z -uall [26ms]
