2025-01-24 22:22:05.120 [info] Reading sessions from keychain...
2025-01-24 22:22:05.120 [info] Getting sessions for all scopes...
2025-01-24 22:22:05.120 [info] Getting sessions for all scopes...
2025-01-24 22:22:05.121 [info] Getting sessions for all scopes...
2025-01-24 22:22:05.121 [info] Getting sessions for all scopes...
2025-01-24 22:22:05.121 [info] Getting sessions for all scopes...
2025-01-24 22:22:05.121 [info] Getting sessions for all scopes...
2025-01-24 22:22:05.121 [info] Getting sessions for all scopes...
2025-01-24 22:22:05.550 [info] Got stored sessions!
2025-01-24 22:22:05.550 [info] Got 1 verified sessions.
2025-01-24 22:22:05.550 [info] Got 1 sessions for ...
2025-01-24 22:22:05.550 [info] Got 1 sessions for ...
2025-01-24 22:22:05.550 [info] Got 1 sessions for ...
2025-01-24 22:22:05.550 [info] Got 1 sessions for ...
2025-01-24 22:22:05.550 [info] Got 1 sessions for ...
2025-01-24 22:22:05.550 [info] Got 1 sessions for ...
2025-01-24 22:22:05.550 [info] Got 1 sessions for ...
2025-01-24 22:22:05.610 [info] Getting sessions for all scopes...
2025-01-24 22:22:05.610 [info] Got 1 sessions for ...
2025-01-24 22:22:06.690 [info] Getting sessions for all scopes...
2025-01-24 22:22:06.690 [info] Got 1 sessions for ...
