2025-01-24 18:26:30.300 [info] Reading sessions from keychain...
2025-01-24 18:26:30.300 [info] Getting sessions for all scopes...
2025-01-24 18:26:30.300 [info] Getting sessions for all scopes...
2025-01-24 18:26:30.300 [info] Getting sessions for all scopes...
2025-01-24 18:26:30.300 [info] Getting sessions for all scopes...
2025-01-24 18:26:30.300 [info] Getting sessions for all scopes...
2025-01-24 18:26:30.300 [info] Getting sessions for all scopes...
2025-01-24 18:26:30.300 [info] Getting sessions for all scopes...
2025-01-24 18:26:30.349 [info] Got stored sessions!
2025-01-24 18:26:30.349 [info] Got 1 verified sessions.
2025-01-24 18:26:30.349 [info] Got 1 sessions for ...
2025-01-24 18:26:30.349 [info] Got 1 sessions for ...
2025-01-24 18:26:30.349 [info] Got 1 sessions for ...
2025-01-24 18:26:30.349 [info] Got 1 sessions for ...
2025-01-24 18:26:30.349 [info] Got 1 sessions for ...
2025-01-24 18:26:30.349 [info] Got 1 sessions for ...
2025-01-24 18:26:30.349 [info] Got 1 sessions for ...
2025-01-24 18:26:30.720 [info] Getting sessions for all scopes...
2025-01-24 18:26:30.720 [info] Got 1 sessions for ...
2025-01-24 18:26:31.766 [info] Getting sessions for read:user,repo,user:email,workflow...
2025-01-24 18:26:31.767 [info] Got 1 sessions for read:user,repo,user:email,workflow...
2025-01-24 18:26:31.938 [info] Getting sessions for all scopes...
2025-01-24 18:26:31.939 [info] Got 1 sessions for ...
2025-01-24 18:26:32.304 [info] Getting sessions for read:user,repo,user:email,workflow...
2025-01-24 18:26:32.304 [info] Got 1 sessions for read:user,repo,user:email,workflow...
