2025-01-24 22:25:33.257 [info] Reading sessions from keychain...
2025-01-24 22:25:33.257 [info] Getting sessions for all scopes...
2025-01-24 22:25:33.257 [info] Getting sessions for all scopes...
2025-01-24 22:25:33.257 [info] Getting sessions for all scopes...
2025-01-24 22:25:33.257 [info] Getting sessions for all scopes...
2025-01-24 22:25:33.257 [info] Getting sessions for all scopes...
2025-01-24 22:25:33.257 [info] Getting sessions for all scopes...
2025-01-24 22:25:33.257 [info] Getting sessions for all scopes...
2025-01-24 22:25:33.722 [info] Got stored sessions!
2025-01-24 22:25:33.722 [info] Got 1 verified sessions.
2025-01-24 22:25:33.722 [info] Got 1 sessions for ...
2025-01-24 22:25:33.722 [info] Got 1 sessions for ...
2025-01-24 22:25:33.722 [info] Got 1 sessions for ...
2025-01-24 22:25:33.722 [info] Got 1 sessions for ...
2025-01-24 22:25:33.722 [info] Got 1 sessions for ...
2025-01-24 22:25:33.722 [info] Got 1 sessions for ...
2025-01-24 22:25:33.722 [info] Got 1 sessions for ...
2025-01-24 22:25:33.724 [info] Getting sessions for all scopes...
2025-01-24 22:25:33.724 [info] Got 1 sessions for ...
2025-01-24 22:25:34.822 [info] Getting sessions for all scopes...
2025-01-24 22:25:34.822 [info] Got 1 sessions for ...
2025-01-24 22:28:58.712 [info] Getting sessions for read:user,repo,user:email,workflow...
2025-01-24 22:28:58.712 [info] Got 1 sessions for read:user,repo,user:email,workflow...
