2025-01-24 22:25:34.503 [info] [main] Log level: Info
2025-01-24 22:25:34.503 [info] [main] Validating found git in: "git"
2025-01-24 22:25:34.503 [info] [main] Using git "2.48.1" from "git"
2025-01-24 22:25:34.503 [info] [Model][doInitialScan] Initial repository scan started
2025-01-24 22:25:34.503 [info] > git rev-parse --show-toplevel [158ms]
2025-01-24 22:25:34.503 [info] fatal: not a git repository (or any parent up to mount point /)
Stopping at filesystem boundary (GIT_DISCOVERY_ACROSS_FILESYSTEM not set).
2025-01-24 22:25:34.503 [info] > git rev-parse --show-toplevel [64ms]
2025-01-24 22:25:34.503 [info] fatal: not a git repository (or any parent up to mount point /)
Stopping at filesystem boundary (GIT_DISCOVERY_ACROSS_FILESYSTEM not set).
2025-01-24 22:25:34.503 [info] [Model][doInitialScan] Initial repository scan completed - repositories (0), closed repositories (0), parent repositories (0), unsafe repositories (0)
2025-01-24 22:25:34.676 [info] > git rev-parse --show-toplevel [2ms]
2025-01-24 22:25:34.676 [info] fatal: not a git repository (or any parent up to mount point /)
Stopping at filesystem boundary (GIT_DISCOVERY_ACROSS_FILESYSTEM not set).
2025-01-24 22:25:37.667 [info] > git rev-parse --show-toplevel [2ms]
2025-01-24 22:25:37.667 [info] fatal: not a git repository (or any parent up to mount point /)
Stopping at filesystem boundary (GIT_DISCOVERY_ACROSS_FILESYSTEM not set).
2025-01-24 22:28:58.634 [info] > git rev-parse --show-toplevel [1ms]
2025-01-24 22:28:58.638 [info] > git rev-parse --git-dir --git-common-dir [0ms]
2025-01-24 22:28:58.649 [info] [Model][openRepository] Opened repository: /home/elf/prog/docker_test/docker-yay
2025-01-24 22:28:58.660 [info] > git config --get commit.template [2ms]
2025-01-24 22:28:58.667 [warning] [Git][getHEAD] Failed to parse HEAD file: Repository is using reftable format.
2025-01-24 22:28:58.673 [info] > git symbolic-ref --short HEAD [7ms]
2025-01-24 22:28:58.673 [info] fatal: No such ref: HEAD
2025-01-24 22:28:58.680 [info] > git rev-parse HEAD [1ms]
2025-01-24 22:28:58.680 [info] fatal: ambiguous argument 'HEAD': unknown revision or path not in the working tree.
Use '--' to separate paths from revisions, like this:
'git <command> [<revision>...] -- [<file>...]'
2025-01-24 22:28:58.692 [info] > git status -z -uall [6ms]
2025-01-24 22:28:58.692 [info] > git for-each-ref --sort -committerdate --format %(refname) %(objectname) %(*objectname) [1ms]
2025-01-24 22:28:58.707 [info] > git config --get commit.template [1ms]
2025-01-24 22:28:58.707 [info] > git symbolic-ref --short HEAD [7ms]
2025-01-24 22:28:58.707 [info] fatal: No such ref: HEAD
2025-01-24 22:28:58.713 [info] > git rev-parse HEAD [2ms]
2025-01-24 22:28:58.713 [info] fatal: ambiguous argument 'HEAD': unknown revision or path not in the working tree.
Use '--' to separate paths from revisions, like this:
'git <command> [<revision>...] -- [<file>...]'
2025-01-24 22:28:58.734 [info] > git status -z -uall [17ms]
2025-01-24 22:28:58.734 [info] > git for-each-ref --sort -committerdate --format %(refname) %(objectname) %(*objectname) [13ms]
2025-01-24 22:29:07.049 [info] > git symbolic-ref --short HEAD [10ms]
2025-01-24 22:29:07.056 [info] > git config --get commit.template [9ms]
2025-01-24 22:29:07.057 [info] > git for-each-ref --format=%(refname)%00%(upstream:short)%00%(objectname)%00%(upstream:track)%00%(upstream:remotename)%00%(upstream:remoteref) refs/heads/master refs/remotes/master [1ms]
2025-01-24 22:29:07.062 [warning] [Git][revParse] Unable to read file: ENOENT: no such file or directory, open '/home/elf/prog/docker_test/docker-yay/.git/refs/remotes/origin/master'
2025-01-24 22:29:07.064 [info] > git rev-parse refs/remotes/origin/master [1ms]
2025-01-24 22:29:07.076 [info] > git status -z -uall [6ms]
2025-01-24 22:29:07.077 [info] > git for-each-ref --sort -committerdate --format %(refname) %(objectname) %(*objectname) [2ms]
2025-01-24 22:29:07.091 [info] > git for-each-ref --format=%(refname)%00%(upstream:short)%00%(objectname)%00%(upstream:track)%00%(upstream:remotename)%00%(upstream:remoteref) refs/heads/master refs/remotes/master [2ms]
2025-01-24 22:29:07.100 [info] > git config --local branch.master.vscode-merge-base [1ms]
2025-01-24 22:29:07.100 [warning] [Git][config] git config failed: Failed to execute git
2025-01-24 22:29:07.108 [info] > git reflog master --grep-reflog=branch: Created from *. [2ms]
2025-01-24 22:29:07.115 [info] > git symbolic-ref --short refs/remotes/origin/HEAD [1ms]
2025-01-24 22:29:07.122 [info] > git for-each-ref --format=%(refname)%00%(upstream:short)%00%(objectname)%00%(upstream:track)%00%(upstream:remotename)%00%(upstream:remoteref) refs/heads/origin/master refs/remotes/origin/master [1ms]
2025-01-24 22:29:07.130 [info] > git config --local branch.master.vscode-merge-base origin/master [1ms]
2025-01-24 22:29:07.144 [info] > git symbolic-ref --short HEAD [7ms]
2025-01-24 22:29:07.151 [info] > git config --get commit.template [7ms]
2025-01-24 22:29:07.152 [info] > git for-each-ref --format=%(refname)%00%(upstream:short)%00%(objectname)%00%(upstream:track)%00%(upstream:remotename)%00%(upstream:remoteref) refs/heads/master refs/remotes/master [2ms]
2025-01-24 22:29:07.157 [warning] [Git][revParse] Unable to read file: ENOENT: no such file or directory, open '/home/elf/prog/docker_test/docker-yay/.git/refs/remotes/origin/master'
2025-01-24 22:29:07.159 [info] > git rev-parse refs/remotes/origin/master [2ms]
2025-01-24 22:29:07.172 [info] > git status -z -uall [7ms]
2025-01-24 22:29:07.173 [info] > git for-each-ref --sort -committerdate --format %(refname) %(objectname) %(*objectname) [2ms]
2025-01-24 22:29:07.202 [info] > git merge-base refs/heads/master refs/remotes/origin/master [16ms]
2025-01-24 22:29:07.207 [info] > git for-each-ref --format=%(refname)%00%(upstream:short)%00%(objectname)%00%(upstream:track)%00%(upstream:remotename)%00%(upstream:remoteref) refs/heads/master refs/remotes/master [27ms]
2025-01-24 22:29:07.212 [info] > git diff --name-status -z --diff-filter=ADMR 772e6724e6de31d020ee1663f711c27118c698bd...refs/remotes/origin/master [5ms]
2025-01-24 22:29:07.215 [info] > git config --local branch.master.vscode-merge-base [4ms]
2025-01-24 22:29:07.220 [info] > git for-each-ref --format=%(refname)%00%(upstream:short)%00%(objectname)%00%(upstream:track)%00%(upstream:remotename)%00%(upstream:remoteref) refs/heads/origin/master refs/remotes/origin/master [1ms]
2025-01-24 22:29:12.098 [info] > git symbolic-ref --short HEAD [4ms]
2025-01-24 22:29:12.102 [info] > git config --get commit.template [4ms]
2025-01-24 22:29:12.103 [info] > git for-each-ref --format=%(refname)%00%(upstream:short)%00%(objectname)%00%(upstream:track)%00%(upstream:remotename)%00%(upstream:remoteref) refs/heads/master refs/remotes/master [1ms]
2025-01-24 22:29:12.107 [warning] [Git][revParse] Unable to read file: ENOENT: no such file or directory, open '/home/elf/prog/docker_test/docker-yay/.git/refs/remotes/origin/master'
2025-01-24 22:29:12.108 [info] > git rev-parse refs/remotes/origin/master [1ms]
2025-01-24 22:29:12.118 [info] > git status -z -uall [5ms]
2025-01-24 22:29:12.119 [info] > git for-each-ref --sort -committerdate --format %(refname) %(objectname) %(*objectname) [2ms]
2025-01-24 22:37:20.903 [warning] [Git][getRemotes] Error: ENOENT: no such file or directory, open '/home/elf/prog/docker_test/docker-yay/.git/config'
2025-01-24 22:37:20.927 [warning] [Git][getRemotes] Error: ENOENT: no such file or directory, open '/home/elf/prog/docker_test/docker-yay/.git/config'
