2025-01-24 19:40:49.793 [info] Added views:outline in workbench.view.explorer
2025-01-24 19:40:49.793 [info] Added views:workbench.view.search in workbench.view.search
2025-01-24 19:40:49.793 [info] Added views:workbench.scm in workbench.view.scm
2025-01-24 19:40:49.793 [info] Added views:workbench.panel.markers.view in workbench.panel.markers
2025-01-24 19:40:49.793 [info] Added views:workbench.panel.output in workbench.panel.output
2025-01-24 19:40:49.793 [info] Added views:terminal in terminal
2025-01-24 19:40:49.793 [info] Added views:timeline in workbench.view.explorer
2025-01-24 19:40:49.793 [info] Added views:workbench.explorer.fileView in workbench.view.explorer
2025-01-24 19:40:50.015 [info] Added views:workbench.debug.welcome in workbench.view.debug
2025-01-24 19:40:50.495 [info] Added views:blackbox-onboarding in workbench.view.extension.blackbox
2025-01-24 19:40:50.495 [info] Added views:remoteTargets in workbench.view.remote
2025-01-24 19:40:50.825 [info] Added views:workbench.panel.repl.view in workbench.panel.repl
2025-01-24 19:40:51.424 [info] Added views:workbench.view.testing in workbench.view.extension.test
2025-01-24 19:40:51.600 [info] Added views:~remote.forwardedPorts in ~remote.forwardedPortsContainer
2025-01-24 19:40:52.901 [info] Added views:workbench.scm.history in workbench.view.scm
2025-01-24 19:40:56.427 [info] Removed views:workbench.scm.history from workbench.view.scm
2025-01-24 19:40:56.431 [info] Removed views:workbench.view.testing from workbench.view.extension.test
2025-01-24 19:40:56.854 [info] Added views:outline in workbench.view.explorer
2025-01-24 19:40:56.854 [info] Added views:workbench.view.search in workbench.view.search
2025-01-24 19:40:56.854 [info] Added views:workbench.scm in workbench.view.scm
2025-01-24 19:40:56.854 [info] Added views:workbench.panel.markers.view in workbench.panel.markers
2025-01-24 19:40:56.854 [info] Added views:workbench.panel.output in workbench.panel.output
2025-01-24 19:40:56.854 [info] Added views:terminal in terminal
2025-01-24 19:40:56.854 [info] Added views:timeline in workbench.view.explorer
2025-01-24 19:40:56.854 [info] Added views:workbench.explorer.fileView in workbench.view.explorer
2025-01-24 19:40:57.563 [info] Added views:blackbox-onboarding in workbench.view.extension.blackbox
2025-01-24 19:40:57.564 [info] Added views:remoteTargets in workbench.view.remote
2025-01-24 19:40:57.640 [info] Added views:workbench.debug.welcome in workbench.view.debug
2025-01-24 19:40:57.711 [info] Added views:workbench.panel.repl.view in workbench.panel.repl
2025-01-24 19:40:58.083 [info] Added views:~remote.forwardedPorts in ~remote.forwardedPortsContainer
2025-01-24 19:40:59.035 [info] Added views:workbench.scm.history in workbench.view.scm
2025-01-24 19:42:44.225 [info] Removed views:workbench.scm.history from workbench.view.scm
2025-01-24 19:42:44.762 [info] Added views:outline in workbench.view.explorer
2025-01-24 19:42:44.762 [info] Added views:workbench.view.search in workbench.view.search
2025-01-24 19:42:44.762 [info] Added views:workbench.scm in workbench.view.scm
2025-01-24 19:42:44.762 [info] Added views:workbench.panel.markers.view in workbench.panel.markers
2025-01-24 19:42:44.762 [info] Added views:workbench.panel.output in workbench.panel.output
2025-01-24 19:42:44.762 [info] Added views:terminal in terminal
2025-01-24 19:42:44.762 [info] Added views:timeline in workbench.view.explorer
2025-01-24 19:42:44.762 [info] Added views:workbench.explorer.fileView in workbench.view.explorer
2025-01-24 19:42:45.150 [info] Added views:blackbox-onboarding in workbench.view.extension.blackbox
2025-01-24 19:42:45.151 [info] Added views:remoteTargets in workbench.view.remote
2025-01-24 19:42:45.310 [info] Added views:workbench.debug.variablesView,workbench.debug.watchExpressionsView,workbench.debug.callStackView,workbench.debug.breakPointsView in workbench.view.debug
2025-01-24 19:42:45.416 [info] Added views:~remote.forwardedPorts in ~remote.forwardedPortsContainer
2025-01-24 19:42:45.648 [info] Added views:workbench.panel.repl.view in workbench.panel.repl
2025-01-24 19:42:45.649 [info] Removed views:workbench.debug.breakPointsView,workbench.debug.callStackView,workbench.debug.watchExpressionsView,workbench.debug.variablesView from workbench.view.debug
2025-01-24 19:42:45.649 [info] Added views:workbench.debug.welcome in workbench.view.debug
