2025-01-26 13:32:55.240 [info] Deleted uninstalled extension from disk blackboxapp.blackboxagent /home/elf/.vscode/extensions/blackboxapp.blackboxagent-2.8.23
2025-01-26 13:32:55.311 [error] [uncaught exception in sharedProcess]: Error: ENOENT: no such file or directory, stat '/home/elf/.vscode/extensions/blackboxapp.blackboxagent-2.8.23.-6c9b964d.vsctmp': EntryNotFound (FileSystemError): Error: ENOENT: no such file or directory, stat '/home/elf/.vscode/extensions/blackboxapp.blackboxagent-2.8.23.-6c9b964d.vsctmp'
    at Gm.create (file:///opt/visual-studio-code/resources/app/out/vs/code/electron-utility/sharedProcess/sharedProcessMain.js:35:39624)
    at xs (file:///opt/visual-studio-code/resources/app/out/vs/code/electron-utility/sharedProcess/sharedProcessMain.js:35:39731)
    at Vr.ib (file:///opt/visual-studio-code/resources/app/out/vs/code/electron-utility/sharedProcess/sharedProcessMain.js:78:22778)
    at Vr.stat (file:///opt/visual-studio-code/resources/app/out/vs/code/electron-utility/sharedProcess/sharedProcessMain.js:78:16010)
    at async wh.stat (file:///opt/visual-studio-code/resources/app/out/vs/code/electron-utility/sharedProcess/sharedProcessMain.js:77:85488)
    at async fh.Ab (file:///opt/visual-studio-code/resources/app/out/vs/code/electron-utility/sharedProcess/sharedProcessMain.js:77:67180)
2025-01-26 13:32:58.781 [info] Getting Manifest... blackboxapp.blackboxagent
2025-01-26 13:33:00.607 [info] Installing extension: blackboxapp.blackboxagent {"context":{"extensionInstallSource":"command"},"isMachineScoped":false,"pinned":false,"profileLocation":{"$mid":1,"external":"vscode-userdata:/home/elf/.vscode/extensions/extensions.json","path":"/home/elf/.vscode/extensions/extensions.json","scheme":"vscode-userdata"},"installOnlyNewlyAddedFromExtensionPack":true,"isApplicationScoped":false,"productVersion":{"version":"1.96.0","date":"2024-12-11T02:29:09.626Z"}}
2025-01-26 13:33:00.718 [info] Extension installed successfully: blackboxapp.blackboxagent vscode-userdata:/home/elf/.vscode/extensions/extensions.json
2025-01-26 13:33:00.776 [error] [uncaught exception in sharedProcess]: Error: ENOENT: no such file or directory, stat '/home/elf/.vscode/extensions/extensions.json.vsctmp': EntryNotFound (FileSystemError): Error: ENOENT: no such file or directory, stat '/home/elf/.vscode/extensions/extensions.json.vsctmp'
    at Gm.create (file:///opt/visual-studio-code/resources/app/out/vs/code/electron-utility/sharedProcess/sharedProcessMain.js:35:39624)
    at xs (file:///opt/visual-studio-code/resources/app/out/vs/code/electron-utility/sharedProcess/sharedProcessMain.js:35:39731)
    at Vr.ib (file:///opt/visual-studio-code/resources/app/out/vs/code/electron-utility/sharedProcess/sharedProcessMain.js:78:22778)
    at Vr.stat (file:///opt/visual-studio-code/resources/app/out/vs/code/electron-utility/sharedProcess/sharedProcessMain.js:78:16010)
    at async wh.stat (file:///opt/visual-studio-code/resources/app/out/vs/code/electron-utility/sharedProcess/sharedProcessMain.js:77:85488)
    at async fh.Ab (file:///opt/visual-studio-code/resources/app/out/vs/code/electron-utility/sharedProcess/sharedProcessMain.js:77:67180)
2025-01-26 13:34:18.278 [info] Getting Manifest... blackboxapp.blackboxagent
2025-01-26 13:34:18.375 [info] Installing extension: blackboxapp.blackboxagent {"context":{"extensionInstallSource":"command"},"pinned":false,"productVersion":{"version":"1.96.4","date":"2025-01-16T00:13:50.682Z"},"operation":3,"isApplicationScoped":false,"profileLocation":{"$mid":1,"external":"vscode-userdata:/home/elf/.vscode/extensions/extensions.json","path":"/home/elf/.vscode/extensions/extensions.json","scheme":"vscode-userdata"},"installOnlyNewlyAddedFromExtensionPack":true}
2025-01-26 13:34:18.473 [info] Extension installed successfully: blackboxapp.blackboxagent vscode-userdata:/home/elf/.vscode/extensions/extensions.json
2025-01-26 13:34:18.538 [error] [uncaught exception in sharedProcess]: Error: ENOENT: no such file or directory, stat '/home/elf/.vscode/extensions/extensions.json.vsctmp': EntryNotFound (FileSystemError): Error: ENOENT: no such file or directory, stat '/home/elf/.vscode/extensions/extensions.json.vsctmp'
    at Gm.create (file:///opt/visual-studio-code/resources/app/out/vs/code/electron-utility/sharedProcess/sharedProcessMain.js:35:39624)
    at xs (file:///opt/visual-studio-code/resources/app/out/vs/code/electron-utility/sharedProcess/sharedProcessMain.js:35:39731)
    at Vr.ib (file:///opt/visual-studio-code/resources/app/out/vs/code/electron-utility/sharedProcess/sharedProcessMain.js:78:22778)
    at Vr.stat (file:///opt/visual-studio-code/resources/app/out/vs/code/electron-utility/sharedProcess/sharedProcessMain.js:78:16010)
    at async wh.stat (file:///opt/visual-studio-code/resources/app/out/vs/code/electron-utility/sharedProcess/sharedProcessMain.js:77:85488)
    at async fh.Ab (file:///opt/visual-studio-code/resources/app/out/vs/code/electron-utility/sharedProcess/sharedProcessMain.js:77:67180)
