2025-01-26 13:34:16.872 [info] Experiment 'pythonRecommendTensorboardExt' is active
2025-01-26 13:34:16.872 [info] Experiment 'pythonTerminalEnvVarActivation' is active
2025-01-26 13:34:16.872 [info] Experiment 'pythonTestAdapter' is active
2025-01-26 13:34:16.872 [warning] Dir "/home/elf/prog/monitor_for_meeting_room/.pixi/envs" is not watchable (directory does not exist)
2025-01-26 13:34:16.968 [info] Python interpreter path: ./.venv/bin/python
2025-01-26 13:34:18.496 [info] > pyenv which python
2025-01-26 13:34:18.496 [info] cwd: .
2025-01-26 13:34:18.912 [info] > . ./.venv/bin/activate && echo 'e8b39361-0157-4923-80e1-22d70d46dee6' && python ~/.vscode/extensions/ms-python.python-2024.22.2-linux-x64/python_files/printEnvVariables.py
2025-01-26 13:34:18.912 [info] shell: zsh
2025-01-26 13:34:18.976 [info] > /bin/python ~/.vscode/extensions/ms-python.python-2024.22.2-linux-x64/python_files/printEnvVariables.py
2025-01-26 13:34:18.976 [info] shell: zsh
2025-01-26 13:34:19.010 [info] Setting environment variable URL in collection to  {"applyAtShellIntegration":true,"applyAtProcessCreation":true}
2025-01-26 13:34:19.010 [info] Setting environment variable ROOM_NUMBER in collection to 1 {"applyAtShellIntegration":true,"applyAtProcessCreation":true}
2025-01-26 13:34:19.010 [info] Setting environment variable ROOM_NAME in collection to  {"applyAtShellIntegration":true,"applyAtProcessCreation":true}
2025-01-26 13:34:19.010 [info] Setting environment variable DISPL in collection to circle {"applyAtShellIntegration":true,"applyAtProcessCreation":true}
2025-01-26 13:34:19.010 [info] Prepending environment variable PATH in collection with /home/elf/.vscode/extensions/ms-python.python-2024.22.2-linux-x64/python_files/deactivate/zsh:/home/elf/prog/monitor_for_meeting_room/.venv/bin: {"applyAtShellIntegration":true,"applyAtProcessCreation":true}
2025-01-26 13:34:19.010 [info] Setting environment variable VIRTUAL_ENV in collection to /home/elf/prog/monitor_for_meeting_room/.venv {"applyAtShellIntegration":true,"applyAtProcessCreation":true}
2025-01-26 13:34:19.010 [info] Setting environment variable VIRTUAL_ENV_PROMPT in collection to .venv {"applyAtShellIntegration":true,"applyAtProcessCreation":true}
2025-01-26 13:34:19.010 [info] Prepending environment variable PS1 in collection with .venv {"applyAtShellIntegration":true,"applyAtProcessCreation":false}
2025-01-26 13:34:19.011 [info] Send text to terminal: /bin/python /home/elf/.vscode/extensions/ms-python.python-2024.22.2-linux-x64/python_files/printEnvVariablesToFile.py /home/elf/.vscode/extensions/ms-python.python-2024.22.2-linux-x64/python_files/deactivate/zsh/envVars.txt
2025-01-26 13:34:19.370 [info] Starting Pylance language server.
