2025-01-24 18:26:30.307 [info] Experiment 'pythonRecommendTensorboardExt' is active
2025-01-24 18:26:30.307 [info] Experiment 'pythonTerminalEnvVarActivation' is active
2025-01-24 18:26:30.307 [info] Experiment 'pythonTestAdapter' is active
2025-01-24 18:26:30.307 [warning] Dir "/home/elf/prog/monitor_for_meeting_room/.pixi/envs" is not watchable (directory does not exist)
2025-01-24 18:26:30.348 [info] Python interpreter path: ./.venv/bin/python
2025-01-24 18:26:30.792 [info] > pyenv which python
2025-01-24 18:26:30.792 [info] cwd: .
2025-01-24 18:26:31.663 [info] > . ./.venv/bin/activate && echo 'e8b39361-0157-4923-80e1-22d70d46dee6' && python ~/.vscode/extensions/ms-python.python-2024.22.2-linux-x64/python_files/printEnvVariables.py
2025-01-24 18:26:31.663 [info] shell: zsh
2025-01-24 18:26:31.710 [info] > /bin/python ~/.vscode/extensions/ms-python.python-2024.22.2-linux-x64/python_files/printEnvVariables.py
2025-01-24 18:26:31.710 [info] shell: zsh
2025-01-24 18:26:31.751 [info] Setting environment variable URL in collection to  {"applyAtShellIntegration":true,"applyAtProcessCreation":true}
2025-01-24 18:26:31.751 [info] Setting environment variable ROOM_NUMBER in collection to 1 {"applyAtShellIntegration":true,"applyAtProcessCreation":true}
2025-01-24 18:26:31.751 [info] Setting environment variable ROOM_NAME in collection to  {"applyAtShellIntegration":true,"applyAtProcessCreation":true}
2025-01-24 18:26:31.751 [info] Setting environment variable DISPL in collection to circle {"applyAtShellIntegration":true,"applyAtProcessCreation":true}
2025-01-24 18:26:31.751 [info] Prepending environment variable PATH in collection with /home/elf/.vscode/extensions/ms-python.python-2024.22.2-linux-x64/python_files/deactivate/zsh:/home/elf/prog/monitor_for_meeting_room/.venv/bin: {"applyAtShellIntegration":true,"applyAtProcessCreation":true}
2025-01-24 18:26:31.751 [info] Setting environment variable VIRTUAL_ENV in collection to /home/elf/prog/monitor_for_meeting_room/.venv {"applyAtShellIntegration":true,"applyAtProcessCreation":true}
2025-01-24 18:26:31.751 [info] Setting environment variable VIRTUAL_ENV_PROMPT in collection to .venv {"applyAtShellIntegration":true,"applyAtProcessCreation":true}
2025-01-24 18:26:31.751 [info] Prepending environment variable PS1 in collection with .venv {"applyAtShellIntegration":true,"applyAtProcessCreation":false}
2025-01-24 18:26:31.751 [info] Send text to terminal: /bin/python /home/elf/.vscode/extensions/ms-python.python-2024.22.2-linux-x64/python_files/printEnvVariablesToFile.py /home/elf/.vscode/extensions/ms-python.python-2024.22.2-linux-x64/python_files/deactivate/zsh/envVars.txt
2025-01-24 18:26:31.845 [info] Discover tests for workspace name: monitor_for_meeting_room - uri: /home/elf/prog/monitor_for_meeting_room/utils/gui.py
2025-01-24 18:26:41.182 [info] Starting Pylance language server.
