2025-01-24 14:46:10.322 [info] Extension host with pid 2167 started
2025-01-24 14:46:10.374 [info] ExtensionService#_doActivateExtension vscode.github-authentication, startup: false, activationEvent: 'onAuthenticationRequest:github'
2025-01-24 14:46:10.431 [info] ExtensionService#_doActivateExtension vscode.git-base, startup: true, activationEvent: '*', root cause: vscode.git
2025-01-24 14:46:10.434 [info] ExtensionService#_doActivateExtension Blackboxapp.blackbox, startup: true, activationEvent: '*'
2025-01-24 14:46:10.737 [info] ExtensionService#_doActivateExtension vscode.git, startup: true, activationEvent: '*'
2025-01-24 14:46:10.806 [info] ExtensionService#_doActivateExtension vscode.github, startup: true, activationEvent: '*'
2025-01-24 14:46:10.861 [info] ExtensionService#_doActivateExtension vscode.configuration-editing, startup: false, activationEvent: 'onLanguage:jsonc'
2025-01-24 14:46:10.869 [info] ExtensionService#_doActivateExtension vscode.json-language-features, startup: false, activationEvent: 'onLanguage:jsonc'
2025-01-24 14:46:10.910 [info] ExtensionService#_doActivateExtension vscode.typescript-language-features, startup: false, activationEvent: 'onLanguage:jsonc'
2025-01-24 14:46:10.949 [info] ExtensionService#_doActivateExtension vscode.emmet, startup: false, activationEvent: 'onLanguage'
2025-01-24 14:46:11.082 [info] Eager extensions activated
2025-01-24 14:46:11.105 [info] ExtensionService#_doActivateExtension vscode.debug-auto-launch, startup: false, activationEvent: 'onStartupFinished'
2025-01-24 14:46:11.112 [info] ExtensionService#_doActivateExtension vscode.merge-conflict, startup: false, activationEvent: 'onStartupFinished'
2025-01-24 14:57:54.710 [info] Extension host terminating: renderer closed the MessagePort
2025-01-24 14:57:54.729 [info] Extension host with pid 2167 exiting with code 0
2025-01-24 14:57:55.683 [info] Extension host with pid 2731 started
2025-01-24 14:57:55.683 [info] Skipping acquiring lock for /home/elf/.config/Code/User/workspaceStorage/b1804825fa8e1b8b1e7fcbd731ea0278.
2025-01-24 14:57:55.761 [info] ExtensionService#_doActivateExtension vscode.github-authentication, startup: false, activationEvent: 'onAuthenticationRequest:github'
2025-01-24 14:57:55.790 [info] ExtensionService#_doActivateExtension vscode.emmet, startup: false, activationEvent: 'onLanguage'
2025-01-24 14:57:55.805 [info] ExtensionService#_doActivateExtension ms-python.python, startup: false, activationEvent: 'onLanguage:python', root cause: ms-python.debugpy
2025-01-24 14:57:56.171 [info] ExtensionService#_doActivateExtension ms-python.debugpy, startup: false, activationEvent: 'onLanguage:python'
2025-01-24 14:57:56.210 [info] ExtensionService#_doActivateExtension ms-python.vscode-pylance, startup: false, activationEvent: 'onLanguage:python'
2025-01-24 14:57:56.556 [info] ExtensionService#_doActivateExtension vscode.git-base, startup: true, activationEvent: '*', root cause: vscode.git
2025-01-24 14:57:56.558 [info] ExtensionService#_doActivateExtension Blackboxapp.blackbox, startup: true, activationEvent: '*'
2025-01-24 14:57:56.829 [info] ExtensionService#_doActivateExtension vscode.git, startup: true, activationEvent: '*'
2025-01-24 14:57:56.884 [info] ExtensionService#_doActivateExtension vscode.github, startup: true, activationEvent: '*'
2025-01-24 14:57:57.022 [info] ExtensionService#_doActivateExtension vscode.configuration-editing, startup: false, activationEvent: 'onLanguage:jsonc'
2025-01-24 14:57:57.029 [info] ExtensionService#_doActivateExtension vscode.json-language-features, startup: false, activationEvent: 'onLanguage:jsonc'
2025-01-24 14:57:57.072 [info] ExtensionService#_doActivateExtension vscode.typescript-language-features, startup: false, activationEvent: 'onLanguage:jsonc'
2025-01-24 14:57:57.169 [info] Eager extensions activated
2025-01-24 14:57:57.204 [info] ExtensionService#_doActivateExtension vscode.debug-auto-launch, startup: false, activationEvent: 'onStartupFinished'
2025-01-24 14:57:57.206 [info] ExtensionService#_doActivateExtension vscode.merge-conflict, startup: false, activationEvent: 'onStartupFinished'
2025-01-24 15:01:15.482 [info] ExtensionService#_doActivateExtension vscode.npm, startup: false, activationEvent: 'onTerminalQuickFixRequest:ms-vscode.npm-command'
2025-01-24 15:14:30.486 [info] ExtensionService#_doActivateExtension vscode.html-language-features, startup: false, activationEvent: 'onLanguage:html'
2025-01-24 15:17:36.263 [warning] TextEditor is closed/disposed
2025-01-24 15:21:28.728 [error] TypeError: Cannot read properties of undefined (reading 'save')
	at Timeout.<anonymous> (/home/elf/.vscode/extensions/blackboxapp.blackbox-2.8.23/out/extension.js:1642:24)
	at listOnTimeout (node:internal/timers:581:17)
	at process.processTimers (node:internal/timers:519:7)
2025-01-24 15:21:29.362 [error] TypeError: Cannot read properties of undefined (reading 'save')
	at Timeout.<anonymous> (/home/elf/.vscode/extensions/blackboxapp.blackbox-2.8.23/out/extension.js:1642:24)
	at listOnTimeout (node:internal/timers:581:17)
	at process.processTimers (node:internal/timers:519:7)
2025-01-24 15:21:34.255 [error] TypeError: Cannot read properties of undefined (reading 'save')
	at Timeout._onTimeout (/home/elf/.vscode/extensions/blackboxapp.blackbox-2.8.23/out/extension.js:1642:24)
	at listOnTimeout (node:internal/timers:581:17)
	at process.processTimers (node:internal/timers:519:7)
2025-01-24 15:22:22.956 [error] TypeError: Cannot read properties of undefined (reading 'save')
	at Timeout.<anonymous> (/home/elf/.vscode/extensions/blackboxapp.blackbox-2.8.23/out/extension.js:1642:24)
	at listOnTimeout (node:internal/timers:581:17)
	at process.processTimers (node:internal/timers:519:7)
2025-01-24 15:22:24.543 [error] TypeError: Cannot read properties of undefined (reading 'save')
	at Timeout.<anonymous> (/home/elf/.vscode/extensions/blackboxapp.blackbox-2.8.23/out/extension.js:1642:24)
	at listOnTimeout (node:internal/timers:581:17)
	at process.processTimers (node:internal/timers:519:7)
2025-01-24 15:22:24.712 [error] TypeError: Cannot read properties of undefined (reading 'save')
	at Timeout.<anonymous> (/home/elf/.vscode/extensions/blackboxapp.blackbox-2.8.23/out/extension.js:1642:24)
	at listOnTimeout (node:internal/timers:581:17)
	at process.processTimers (node:internal/timers:519:7)
2025-01-24 15:22:26.515 [error] TypeError: Cannot read properties of undefined (reading 'save')
	at Timeout.<anonymous> (/home/elf/.vscode/extensions/blackboxapp.blackbox-2.8.23/out/extension.js:1642:24)
	at listOnTimeout (node:internal/timers:581:17)
	at process.processTimers (node:internal/timers:519:7)
2025-01-24 15:22:26.661 [error] TypeError: Cannot read properties of undefined (reading 'save')
	at Timeout.<anonymous> (/home/elf/.vscode/extensions/blackboxapp.blackbox-2.8.23/out/extension.js:1642:24)
	at listOnTimeout (node:internal/timers:581:17)
	at process.processTimers (node:internal/timers:519:7)
2025-01-24 15:22:43.270 [error] TypeError: Cannot read properties of undefined (reading 'save')
	at Timeout._onTimeout (/home/elf/.vscode/extensions/blackboxapp.blackbox-2.8.23/out/extension.js:1642:24)
	at listOnTimeout (node:internal/timers:581:17)
	at process.processTimers (node:internal/timers:519:7)
2025-01-24 15:22:51.468 [error] TypeError: Cannot read properties of undefined (reading 'save')
	at Timeout.<anonymous> (/home/elf/.vscode/extensions/blackboxapp.blackbox-2.8.23/out/extension.js:1642:24)
	at listOnTimeout (node:internal/timers:581:17)
	at process.processTimers (node:internal/timers:519:7)
2025-01-24 15:22:51.712 [error] TypeError: Cannot read properties of undefined (reading 'save')
	at Timeout.<anonymous> (/home/elf/.vscode/extensions/blackboxapp.blackbox-2.8.23/out/extension.js:1642:24)
	at listOnTimeout (node:internal/timers:581:17)
	at process.processTimers (node:internal/timers:519:7)
2025-01-24 15:22:51.958 [error] TypeError: Cannot read properties of undefined (reading 'save')
	at Timeout._onTimeout (/home/elf/.vscode/extensions/blackboxapp.blackbox-2.8.23/out/extension.js:1642:24)
	at listOnTimeout (node:internal/timers:581:17)
	at process.processTimers (node:internal/timers:519:7)
2025-01-24 15:35:06.177 [error] TypeError: Cannot read properties of undefined (reading 'save')
	at Timeout._onTimeout (/home/elf/.vscode/extensions/blackboxapp.blackbox-2.8.23/out/extension.js:1642:24)
	at listOnTimeout (node:internal/timers:581:17)
	at process.processTimers (node:internal/timers:519:7)
2025-01-24 15:53:31.287 [error] TypeError: Cannot read properties of undefined (reading 'save')
	at Timeout.<anonymous> (/home/elf/.vscode/extensions/blackboxapp.blackbox-2.8.23/out/extension.js:1642:24)
	at listOnTimeout (node:internal/timers:581:17)
	at process.processTimers (node:internal/timers:519:7)
2025-01-24 15:53:31.716 [error] TypeError: Cannot read properties of undefined (reading 'save')
	at Timeout._onTimeout (/home/elf/.vscode/extensions/blackboxapp.blackbox-2.8.23/out/extension.js:1642:24)
	at listOnTimeout (node:internal/timers:581:17)
	at process.processTimers (node:internal/timers:519:7)
2025-01-24 15:54:23.550 [error] TypeError: Cannot read properties of undefined (reading 'save')
	at Timeout.<anonymous> (/home/elf/.vscode/extensions/blackboxapp.blackbox-2.8.23/out/extension.js:1642:24)
	at listOnTimeout (node:internal/timers:581:17)
	at process.processTimers (node:internal/timers:519:7)
2025-01-24 15:54:23.712 [error] TypeError: Cannot read properties of undefined (reading 'save')
	at Timeout._onTimeout (/home/elf/.vscode/extensions/blackboxapp.blackbox-2.8.23/out/extension.js:1642:24)
	at listOnTimeout (node:internal/timers:581:17)
	at process.processTimers (node:internal/timers:519:7)
2025-01-24 15:55:28.581 [error] TypeError: Cannot read properties of undefined (reading 'save')
	at Timeout.<anonymous> (/home/elf/.vscode/extensions/blackboxapp.blackbox-2.8.23/out/extension.js:1642:24)
	at listOnTimeout (node:internal/timers:581:17)
	at process.processTimers (node:internal/timers:519:7)
2025-01-24 15:58:30.332 [error] TypeError: Cannot read properties of undefined (reading 'save')
	at Timeout.<anonymous> (/home/elf/.vscode/extensions/blackboxapp.blackbox-2.8.23/out/extension.js:1642:24)
	at listOnTimeout (node:internal/timers:581:17)
	at process.processTimers (node:internal/timers:519:7)
2025-01-24 15:58:30.812 [error] TypeError: Cannot read properties of undefined (reading 'save')
	at Timeout.<anonymous> (/home/elf/.vscode/extensions/blackboxapp.blackbox-2.8.23/out/extension.js:1642:24)
	at listOnTimeout (node:internal/timers:581:17)
	at process.processTimers (node:internal/timers:519:7)
2025-01-24 15:59:41.664 [error] TypeError: Cannot read properties of undefined (reading 'save')
	at Timeout._onTimeout (/home/elf/.vscode/extensions/blackboxapp.blackbox-2.8.23/out/extension.js:1642:24)
	at listOnTimeout (node:internal/timers:581:17)
	at process.processTimers (node:internal/timers:519:7)
2025-01-24 16:04:05.353 [error] TypeError: Cannot read properties of undefined (reading 'save')
	at Timeout._onTimeout (/home/elf/.vscode/extensions/blackboxapp.blackbox-2.8.23/out/extension.js:1642:24)
	at listOnTimeout (node:internal/timers:581:17)
	at process.processTimers (node:internal/timers:519:7)
2025-01-24 16:04:22.441 [error] TypeError: Cannot read properties of undefined (reading 'save')
	at Timeout.<anonymous> (/home/elf/.vscode/extensions/blackboxapp.blackbox-2.8.23/out/extension.js:1642:24)
	at listOnTimeout (node:internal/timers:581:17)
	at process.processTimers (node:internal/timers:519:7)
2025-01-24 16:04:22.532 [error] TypeError: Cannot read properties of undefined (reading 'save')
	at Timeout.<anonymous> (/home/elf/.vscode/extensions/blackboxapp.blackbox-2.8.23/out/extension.js:1642:24)
	at listOnTimeout (node:internal/timers:581:17)
	at process.processTimers (node:internal/timers:519:7)
2025-01-24 16:04:24.638 [error] TypeError: Cannot read properties of undefined (reading 'save')
	at Timeout._onTimeout (/home/elf/.vscode/extensions/blackboxapp.blackbox-2.8.23/out/extension.js:1642:24)
	at listOnTimeout (node:internal/timers:581:17)
	at process.processTimers (node:internal/timers:519:7)
2025-01-24 16:04:39.633 [error] TypeError: Cannot read properties of undefined (reading 'save')
	at Timeout.<anonymous> (/home/elf/.vscode/extensions/blackboxapp.blackbox-2.8.23/out/extension.js:1642:24)
	at listOnTimeout (node:internal/timers:581:17)
	at process.processTimers (node:internal/timers:519:7)
2025-01-24 16:09:01.644 [error] TypeError: Cannot read properties of undefined (reading 'save')
	at Timeout.<anonymous> (/home/elf/.vscode/extensions/blackboxapp.blackbox-2.8.23/out/extension.js:1642:24)
	at listOnTimeout (node:internal/timers:581:17)
	at process.processTimers (node:internal/timers:519:7)
2025-01-24 16:09:08.981 [error] TypeError: Cannot read properties of undefined (reading 'save')
	at Timeout._onTimeout (/home/elf/.vscode/extensions/blackboxapp.blackbox-2.8.23/out/extension.js:1642:24)
	at listOnTimeout (node:internal/timers:581:17)
	at process.processTimers (node:internal/timers:519:7)
2025-01-24 16:12:00.445 [error] TypeError: Cannot read properties of undefined (reading 'save')
	at Timeout._onTimeout (/home/elf/.vscode/extensions/blackboxapp.blackbox-2.8.23/out/extension.js:1642:24)
	at listOnTimeout (node:internal/timers:581:17)
	at process.processTimers (node:internal/timers:519:7)
2025-01-24 16:12:19.753 [error] TypeError: Cannot read properties of undefined (reading 'save')
	at Timeout._onTimeout (/home/elf/.vscode/extensions/blackboxapp.blackbox-2.8.23/out/extension.js:1642:24)
	at listOnTimeout (node:internal/timers:581:17)
	at process.processTimers (node:internal/timers:519:7)
2025-01-24 16:14:28.103 [error] TypeError: Cannot read properties of undefined (reading 'save')
	at Timeout.<anonymous> (/home/elf/.vscode/extensions/blackboxapp.blackbox-2.8.23/out/extension.js:1642:24)
	at listOnTimeout (node:internal/timers:581:17)
	at process.processTimers (node:internal/timers:519:7)
2025-01-24 16:14:28.244 [error] TypeError: Cannot read properties of undefined (reading 'save')
	at Timeout.<anonymous> (/home/elf/.vscode/extensions/blackboxapp.blackbox-2.8.23/out/extension.js:1642:24)
	at listOnTimeout (node:internal/timers:581:17)
	at process.processTimers (node:internal/timers:519:7)
2025-01-24 16:15:25.573 [error] TypeError: Cannot read properties of undefined (reading 'save')
	at Timeout.<anonymous> (/home/elf/.vscode/extensions/blackboxapp.blackbox-2.8.23/out/extension.js:1642:24)
	at listOnTimeout (node:internal/timers:581:17)
	at process.processTimers (node:internal/timers:519:7)
2025-01-24 16:15:26.291 [error] TypeError: Cannot read properties of undefined (reading 'save')
	at Timeout.<anonymous> (/home/elf/.vscode/extensions/blackboxapp.blackbox-2.8.23/out/extension.js:1642:24)
	at listOnTimeout (node:internal/timers:581:17)
	at process.processTimers (node:internal/timers:519:7)
2025-01-24 16:15:26.466 [error] TypeError: Cannot read properties of undefined (reading 'save')
	at Timeout._onTimeout (/home/elf/.vscode/extensions/blackboxapp.blackbox-2.8.23/out/extension.js:1642:24)
	at listOnTimeout (node:internal/timers:581:17)
	at process.processTimers (node:internal/timers:519:7)
2025-01-24 16:15:33.195 [error] TypeError: Cannot read properties of undefined (reading 'save')
	at Timeout.<anonymous> (/home/elf/.vscode/extensions/blackboxapp.blackbox-2.8.23/out/extension.js:1642:24)
	at listOnTimeout (node:internal/timers:581:17)
	at process.processTimers (node:internal/timers:519:7)
2025-01-24 16:16:46.703 [error] TypeError: Cannot read properties of undefined (reading 'save')
	at Timeout._onTimeout (/home/elf/.vscode/extensions/blackboxapp.blackbox-2.8.23/out/extension.js:1642:24)
	at listOnTimeout (node:internal/timers:581:17)
	at process.processTimers (node:internal/timers:519:7)
2025-01-24 16:17:26.261 [error] TypeError: Cannot read properties of undefined (reading 'save')
	at Timeout.<anonymous> (/home/elf/.vscode/extensions/blackboxapp.blackbox-2.8.23/out/extension.js:1642:24)
	at listOnTimeout (node:internal/timers:581:17)
	at process.processTimers (node:internal/timers:519:7)
2025-01-24 16:17:26.787 [error] TypeError: Cannot read properties of undefined (reading 'save')
	at Timeout.<anonymous> (/home/elf/.vscode/extensions/blackboxapp.blackbox-2.8.23/out/extension.js:1642:24)
	at listOnTimeout (node:internal/timers:581:17)
	at process.processTimers (node:internal/timers:519:7)
2025-01-24 16:17:27.150 [error] TypeError: Cannot read properties of undefined (reading 'save')
	at Timeout._onTimeout (/home/elf/.vscode/extensions/blackboxapp.blackbox-2.8.23/out/extension.js:1642:24)
	at listOnTimeout (node:internal/timers:581:17)
	at process.processTimers (node:internal/timers:519:7)
2025-01-24 16:17:29.820 [error] TypeError: Cannot read properties of undefined (reading 'save')
	at Timeout._onTimeout (/home/elf/.vscode/extensions/blackboxapp.blackbox-2.8.23/out/extension.js:1642:24)
	at listOnTimeout (node:internal/timers:581:17)
	at process.processTimers (node:internal/timers:519:7)
2025-01-24 16:17:32.049 [error] TypeError: Cannot read properties of undefined (reading 'save')
	at Timeout._onTimeout (/home/elf/.vscode/extensions/blackboxapp.blackbox-2.8.23/out/extension.js:1642:24)
	at listOnTimeout (node:internal/timers:581:17)
	at process.processTimers (node:internal/timers:519:7)
2025-01-24 16:17:35.563 [error] TypeError: Cannot read properties of undefined (reading 'save')
	at Timeout._onTimeout (/home/elf/.vscode/extensions/blackboxapp.blackbox-2.8.23/out/extension.js:1642:24)
	at listOnTimeout (node:internal/timers:581:17)
	at process.processTimers (node:internal/timers:519:7)
2025-01-24 16:30:39.906 [error] TypeError: Cannot read properties of undefined (reading 'save')
	at Timeout._onTimeout (/home/elf/.vscode/extensions/blackboxapp.blackbox-2.8.23/out/extension.js:1642:24)
	at listOnTimeout (node:internal/timers:581:17)
	at process.processTimers (node:internal/timers:519:7)
2025-01-24 16:30:53.121 [error] TypeError: Cannot read properties of undefined (reading 'save')
	at Timeout._onTimeout (/home/elf/.vscode/extensions/blackboxapp.blackbox-2.8.23/out/extension.js:1642:24)
	at listOnTimeout (node:internal/timers:581:17)
	at process.processTimers (node:internal/timers:519:7)
2025-01-24 16:43:02.242 [error] TypeError: Cannot read properties of undefined (reading 'save')
	at Timeout._onTimeout (/home/elf/.vscode/extensions/blackboxapp.blackbox-2.8.23/out/extension.js:1642:24)
	at listOnTimeout (node:internal/timers:581:17)
	at process.processTimers (node:internal/timers:519:7)
2025-01-24 16:50:31.293 [error] TypeError: Cannot read properties of undefined (reading 'save')
	at Timeout.<anonymous> (/home/elf/.vscode/extensions/blackboxapp.blackbox-2.8.23/out/extension.js:1642:24)
	at listOnTimeout (node:internal/timers:581:17)
	at process.processTimers (node:internal/timers:519:7)
2025-01-24 16:50:31.544 [error] TypeError: Cannot read properties of undefined (reading 'save')
	at Timeout.<anonymous> (/home/elf/.vscode/extensions/blackboxapp.blackbox-2.8.23/out/extension.js:1642:24)
	at listOnTimeout (node:internal/timers:581:17)
	at process.processTimers (node:internal/timers:519:7)
2025-01-24 16:55:29.256 [error] TypeError: Cannot read properties of undefined (reading 'save')
	at Timeout.<anonymous> (/home/elf/.vscode/extensions/blackboxapp.blackbox-2.8.23/out/extension.js:1642:24)
	at listOnTimeout (node:internal/timers:581:17)
	at process.processTimers (node:internal/timers:519:7)
2025-01-24 16:55:30.009 [error] TypeError: Cannot read properties of undefined (reading 'save')
	at Timeout.<anonymous> (/home/elf/.vscode/extensions/blackboxapp.blackbox-2.8.23/out/extension.js:1642:24)
	at listOnTimeout (node:internal/timers:581:17)
	at process.processTimers (node:internal/timers:519:7)
2025-01-24 16:58:12.958 [error] TypeError: Cannot read properties of undefined (reading 'save')
	at Timeout._onTimeout (/home/elf/.vscode/extensions/blackboxapp.blackbox-2.8.23/out/extension.js:1642:24)
	at listOnTimeout (node:internal/timers:581:17)
	at process.processTimers (node:internal/timers:519:7)
2025-01-24 16:58:22.701 [error] TypeError: Cannot read properties of undefined (reading 'save')
	at Timeout.<anonymous> (/home/elf/.vscode/extensions/blackboxapp.blackbox-2.8.23/out/extension.js:1642:24)
	at listOnTimeout (node:internal/timers:581:17)
	at process.processTimers (node:internal/timers:519:7)
2025-01-24 17:02:34.431 [info] ExtensionService#_doActivateExtension vscode.css-language-features, startup: false, activationEvent: 'onLanguage:css'
2025-01-24 17:07:11.113 [error] TypeError: Cannot read properties of undefined (reading 'save')
	at Timeout.<anonymous> (/home/elf/.vscode/extensions/blackboxapp.blackbox-2.8.23/out/extension.js:1642:24)
	at listOnTimeout (node:internal/timers:581:17)
	at process.processTimers (node:internal/timers:519:7)
2025-01-24 17:29:38.215 [error] TypeError: Cannot read properties of undefined (reading 'save')
	at Timeout.<anonymous> (/home/elf/.vscode/extensions/blackboxapp.blackbox-2.8.23/out/extension.js:1642:24)
	at listOnTimeout (node:internal/timers:581:17)
	at process.processTimers (node:internal/timers:519:7)
2025-01-24 17:29:38.660 [error] TypeError: Cannot read properties of undefined (reading 'save')
	at Timeout.<anonymous> (/home/elf/.vscode/extensions/blackboxapp.blackbox-2.8.23/out/extension.js:1642:24)
	at listOnTimeout (node:internal/timers:581:17)
	at process.processTimers (node:internal/timers:519:7)
2025-01-24 17:29:44.878 [error] TypeError: Cannot read properties of undefined (reading 'save')
	at Timeout.<anonymous> (/home/elf/.vscode/extensions/blackboxapp.blackbox-2.8.23/out/extension.js:1642:24)
	at listOnTimeout (node:internal/timers:581:17)
	at process.processTimers (node:internal/timers:519:7)
2025-01-24 17:35:11.709 [warning] Illegal argument: TextEditor(vs.editor.ICodeEditor:1,$model81)
2025-01-24 17:39:06.311 [error] TypeError: Cannot read properties of undefined (reading 'save')
	at Timeout.<anonymous> (/home/elf/.vscode/extensions/blackboxapp.blackbox-2.8.23/out/extension.js:1642:24)
	at listOnTimeout (node:internal/timers:581:17)
	at process.processTimers (node:internal/timers:519:7)
2025-01-24 17:39:06.574 [error] TypeError: Cannot read properties of undefined (reading 'save')
	at Timeout.<anonymous> (/home/elf/.vscode/extensions/blackboxapp.blackbox-2.8.23/out/extension.js:1642:24)
	at listOnTimeout (node:internal/timers:581:17)
	at process.processTimers (node:internal/timers:519:7)
2025-01-24 17:42:11.314 [error] TypeError: Cannot read properties of undefined (reading 'save')
	at Timeout._onTimeout (/home/elf/.vscode/extensions/blackboxapp.blackbox-2.8.23/out/extension.js:1642:24)
	at listOnTimeout (node:internal/timers:581:17)
	at process.processTimers (node:internal/timers:519:7)
2025-01-24 17:42:15.882 [error] TypeError: Cannot read properties of undefined (reading 'save')
	at Timeout._onTimeout (/home/elf/.vscode/extensions/blackboxapp.blackbox-2.8.23/out/extension.js:1642:24)
	at listOnTimeout (node:internal/timers:581:17)
	at process.processTimers (node:internal/timers:519:7)
2025-01-24 17:42:21.159 [error] TypeError: Cannot read properties of undefined (reading 'save')
	at Timeout._onTimeout (/home/elf/.vscode/extensions/blackboxapp.blackbox-2.8.23/out/extension.js:1642:24)
	at listOnTimeout (node:internal/timers:581:17)
	at process.processTimers (node:internal/timers:519:7)
2025-01-24 17:42:38.077 [error] TypeError: Cannot read properties of undefined (reading 'save')
	at Timeout._onTimeout (/home/elf/.vscode/extensions/blackboxapp.blackbox-2.8.23/out/extension.js:1642:24)
	at listOnTimeout (node:internal/timers:581:17)
	at process.processTimers (node:internal/timers:519:7)
2025-01-24 17:42:39.394 [error] TypeError: Cannot read properties of undefined (reading 'save')
	at Timeout.<anonymous> (/home/elf/.vscode/extensions/blackboxapp.blackbox-2.8.23/out/extension.js:1642:24)
	at listOnTimeout (node:internal/timers:581:17)
	at process.processTimers (node:internal/timers:519:7)
2025-01-24 17:42:39.719 [error] TypeError: Cannot read properties of undefined (reading 'save')
	at Timeout.<anonymous> (/home/elf/.vscode/extensions/blackboxapp.blackbox-2.8.23/out/extension.js:1642:24)
	at listOnTimeout (node:internal/timers:581:17)
	at process.processTimers (node:internal/timers:519:7)
2025-01-24 17:42:40.020 [error] TypeError: Cannot read properties of undefined (reading 'save')
	at Timeout.<anonymous> (/home/elf/.vscode/extensions/blackboxapp.blackbox-2.8.23/out/extension.js:1642:24)
	at listOnTimeout (node:internal/timers:581:17)
	at process.processTimers (node:internal/timers:519:7)
2025-01-24 17:43:23.817 [error] TypeError: Cannot read properties of undefined (reading 'save')
	at Timeout._onTimeout (/home/elf/.vscode/extensions/blackboxapp.blackbox-2.8.23/out/extension.js:1642:24)
	at listOnTimeout (node:internal/timers:581:17)
	at process.processTimers (node:internal/timers:519:7)
2025-01-24 17:43:25.342 [error] TypeError: Cannot read properties of undefined (reading 'save')
	at Timeout._onTimeout (/home/elf/.vscode/extensions/blackboxapp.blackbox-2.8.23/out/extension.js:1642:24)
	at listOnTimeout (node:internal/timers:581:17)
	at process.processTimers (node:internal/timers:519:7)
2025-01-24 17:43:32.047 [error] TypeError: Cannot read properties of undefined (reading 'save')
	at Timeout.<anonymous> (/home/elf/.vscode/extensions/blackboxapp.blackbox-2.8.23/out/extension.js:1642:24)
	at listOnTimeout (node:internal/timers:581:17)
	at process.processTimers (node:internal/timers:519:7)
2025-01-24 17:43:32.297 [error] TypeError: Cannot read properties of undefined (reading 'save')
	at Timeout.<anonymous> (/home/elf/.vscode/extensions/blackboxapp.blackbox-2.8.23/out/extension.js:1642:24)
	at listOnTimeout (node:internal/timers:581:17)
	at process.processTimers (node:internal/timers:519:7)
2025-01-24 17:43:32.957 [error] TypeError: Cannot read properties of undefined (reading 'save')
	at Timeout._onTimeout (/home/elf/.vscode/extensions/blackboxapp.blackbox-2.8.23/out/extension.js:1642:24)
	at listOnTimeout (node:internal/timers:581:17)
	at process.processTimers (node:internal/timers:519:7)
2025-01-24 17:43:40.696 [error] TypeError: Cannot read properties of undefined (reading 'save')
	at Timeout._onTimeout (/home/elf/.vscode/extensions/blackboxapp.blackbox-2.8.23/out/extension.js:1642:24)
	at listOnTimeout (node:internal/timers:581:17)
	at process.processTimers (node:internal/timers:519:7)
2025-01-24 17:43:48.333 [error] TypeError: Cannot read properties of undefined (reading 'save')
	at Timeout._onTimeout (/home/elf/.vscode/extensions/blackboxapp.blackbox-2.8.23/out/extension.js:1642:24)
	at listOnTimeout (node:internal/timers:581:17)
	at process.processTimers (node:internal/timers:519:7)
2025-01-24 17:52:48.223 [info] Extension host terminating: renderer closed the MessagePort
2025-01-24 17:52:48.277 [error] Canceled: Canceled
	at new IT (file:///opt/visual-studio-code/resources/app/out/vs/workbench/api/node/extensionHostProcess.js:32:110702)
	at Dy.U (file:///opt/visual-studio-code/resources/app/out/vs/workbench/api/node/extensionHostProcess.js:32:115312)
	at s.<computed>.n.charCodeAt.s.<computed> (file:///opt/visual-studio-code/resources/app/out/vs/workbench/api/node/extensionHostProcess.js:32:112806)
	at cw.g (file:///opt/visual-studio-code/resources/app/out/vs/workbench/api/node/extensionHostProcess.js:115:32313)
	at cw.executeCommand (file:///opt/visual-studio-code/resources/app/out/vs/workbench/api/node/extensionHostProcess.js:115:31817)
	at r.registerCommand.description (file:///opt/visual-studio-code/resources/app/out/vs/workbench/api/node/extensionHostProcess.js:115:31147)
	at cw.h (file:///opt/visual-studio-code/resources/app/out/vs/workbench/api/node/extensionHostProcess.js:115:32833)
	at cw.g (file:///opt/visual-studio-code/resources/app/out/vs/workbench/api/node/extensionHostProcess.js:115:31910)
	at cw.executeCommand (file:///opt/visual-studio-code/resources/app/out/vs/workbench/api/node/extensionHostProcess.js:115:31817)
	at Object.executeCommand (file:///opt/visual-studio-code/resources/app/out/vs/workbench/api/node/extensionHostProcess.js:157:37484)
	at kh.L [as value] (/opt/visual-studio-code/resources/app/extensions/git/dist/main.js:2:975601)
	at P.B (file:///opt/visual-studio-code/resources/app/out/vs/workbench/api/node/extensionHostProcess.js:30:746)
	at P.C (file:///opt/visual-studio-code/resources/app/out/vs/workbench/api/node/extensionHostProcess.js:30:816)
	at P.fire (file:///opt/visual-studio-code/resources/app/out/vs/workbench/api/node/extensionHostProcess.js:30:1033)
	at Object.p [as dispose] (/opt/visual-studio-code/resources/app/extensions/git/dist/main.js:2:997158)
	at /opt/visual-studio-code/resources/app/extensions/git/dist/main.js:2:1003280
	at Array.forEach (<anonymous>)
	at b.dispose (/opt/visual-studio-code/resources/app/extensions/git/dist/main.js:2:1003266)
	at ev.<anonymous> (file:///opt/visual-studio-code/resources/app/out/vs/workbench/api/node/extensionHostProcess.js:109:20047)
	at ev.dispose (file:///opt/visual-studio-code/resources/app/out/vs/workbench/api/node/extensionHostProcess.js:109:20143)
	at ev.<anonymous> (/opt/visual-studio-code/resources/app/extensions/git/dist/main.js:2:978080)
	at ev.dispose (file:///opt/visual-studio-code/resources/app/out/vs/workbench/api/node/extensionHostProcess.js:109:20143)
	at ai (file:///opt/visual-studio-code/resources/app/out/vs/workbench/api/node/extensionHostProcess.js:25:699)
	at file:///opt/visual-studio-code/resources/app/out/vs/workbench/api/node/extensionHostProcess.js:119:14992
	at file:///opt/visual-studio-code/resources/app/out/vs/workbench/api/node/extensionHostProcess.js:25:1009
	at Object.dispose (file:///opt/visual-studio-code/resources/app/out/vs/workbench/api/node/extensionHostProcess.js:8:705)
	at zz.eb (file:///opt/visual-studio-code/resources/app/out/vs/workbench/api/node/extensionHostProcess.js:119:11919)
	at file:///opt/visual-studio-code/resources/app/out/vs/workbench/api/node/extensionHostProcess.js:119:9874
	at Array.map (<anonymous>)
	at zz.$ (file:///opt/visual-studio-code/resources/app/out/vs/workbench/api/node/extensionHostProcess.js:119:9862)
	at zz.terminate (file:///opt/visual-studio-code/resources/app/out/vs/workbench/api/node/extensionHostProcess.js:119:10105)
	at QC.terminate (file:///opt/visual-studio-code/resources/app/out/vs/workbench/api/node/extensionHostProcess.js:120:1424)
	at Zi (file:///opt/visual-studio-code/resources/app/out/vs/workbench/api/node/extensionHostProcess.js:175:15080)
	at MessagePortMain.<anonymous> (file:///opt/visual-studio-code/resources/app/out/vs/workbench/api/node/extensionHostProcess.js:175:11628)
	at MessagePortMain.emit (node:events:518:28)
	at MessagePortMain._internalPort.emit (node:electron/js2c/utility_init:2:2949) setContext undefined
2025-01-24 17:52:48.278 [error] Canceled: Canceled
	at new IT (file:///opt/visual-studio-code/resources/app/out/vs/workbench/api/node/extensionHostProcess.js:32:110702)
	at Dy.U (file:///opt/visual-studio-code/resources/app/out/vs/workbench/api/node/extensionHostProcess.js:32:115312)
	at s.<computed>.n.charCodeAt.s.<computed> (file:///opt/visual-studio-code/resources/app/out/vs/workbench/api/node/extensionHostProcess.js:32:112806)
	at cw.g (file:///opt/visual-studio-code/resources/app/out/vs/workbench/api/node/extensionHostProcess.js:115:32313)
	at cw.executeCommand (file:///opt/visual-studio-code/resources/app/out/vs/workbench/api/node/extensionHostProcess.js:115:31817)
	at r.registerCommand.description (file:///opt/visual-studio-code/resources/app/out/vs/workbench/api/node/extensionHostProcess.js:115:31147)
	at cw.h (file:///opt/visual-studio-code/resources/app/out/vs/workbench/api/node/extensionHostProcess.js:115:32833)
	at cw.g (file:///opt/visual-studio-code/resources/app/out/vs/workbench/api/node/extensionHostProcess.js:115:31910)
	at cw.executeCommand (file:///opt/visual-studio-code/resources/app/out/vs/workbench/api/node/extensionHostProcess.js:115:31817)
	at Object.executeCommand (file:///opt/visual-studio-code/resources/app/out/vs/workbench/api/node/extensionHostProcess.js:157:37484)
	at set hasGitHubRepositories (/opt/visual-studio-code/resources/app/extensions/github/dist/extension.js:2:328633)
	at /opt/visual-studio-code/resources/app/extensions/github/dist/extension.js:2:329592
	at kh.value (/opt/visual-studio-code/resources/app/extensions/git/dist/main.js:2:1088462)
	at P.B (file:///opt/visual-studio-code/resources/app/out/vs/workbench/api/node/extensionHostProcess.js:30:746)
	at P.C (file:///opt/visual-studio-code/resources/app/out/vs/workbench/api/node/extensionHostProcess.js:30:816)
	at P.fire (file:///opt/visual-studio-code/resources/app/out/vs/workbench/api/node/extensionHostProcess.js:30:1033)
	at Object.p [as dispose] (/opt/visual-studio-code/resources/app/extensions/git/dist/main.js:2:997158)
	at /opt/visual-studio-code/resources/app/extensions/git/dist/main.js:2:1003280
	at Array.forEach (<anonymous>)
	at b.dispose (/opt/visual-studio-code/resources/app/extensions/git/dist/main.js:2:1003266)
	at ev.<anonymous> (file:///opt/visual-studio-code/resources/app/out/vs/workbench/api/node/extensionHostProcess.js:109:20047)
	at ev.dispose (file:///opt/visual-studio-code/resources/app/out/vs/workbench/api/node/extensionHostProcess.js:109:20143)
	at ev.<anonymous> (/opt/visual-studio-code/resources/app/extensions/git/dist/main.js:2:978080)
	at ev.dispose (file:///opt/visual-studio-code/resources/app/out/vs/workbench/api/node/extensionHostProcess.js:109:20143)
	at ai (file:///opt/visual-studio-code/resources/app/out/vs/workbench/api/node/extensionHostProcess.js:25:699)
	at file:///opt/visual-studio-code/resources/app/out/vs/workbench/api/node/extensionHostProcess.js:119:14992
	at file:///opt/visual-studio-code/resources/app/out/vs/workbench/api/node/extensionHostProcess.js:25:1009
	at Object.dispose (file:///opt/visual-studio-code/resources/app/out/vs/workbench/api/node/extensionHostProcess.js:8:705)
	at zz.eb (file:///opt/visual-studio-code/resources/app/out/vs/workbench/api/node/extensionHostProcess.js:119:11919)
	at file:///opt/visual-studio-code/resources/app/out/vs/workbench/api/node/extensionHostProcess.js:119:9874
	at Array.map (<anonymous>)
	at zz.$ (file:///opt/visual-studio-code/resources/app/out/vs/workbench/api/node/extensionHostProcess.js:119:9862)
	at zz.terminate (file:///opt/visual-studio-code/resources/app/out/vs/workbench/api/node/extensionHostProcess.js:119:10105)
	at QC.terminate (file:///opt/visual-studio-code/resources/app/out/vs/workbench/api/node/extensionHostProcess.js:120:1424)
	at Zi (file:///opt/visual-studio-code/resources/app/out/vs/workbench/api/node/extensionHostProcess.js:175:15080)
	at MessagePortMain.<anonymous> (file:///opt/visual-studio-code/resources/app/out/vs/workbench/api/node/extensionHostProcess.js:175:11628)
	at MessagePortMain.emit (node:events:518:28)
	at MessagePortMain._internalPort.emit (node:electron/js2c/utility_init:2:2949) setContext undefined
2025-01-24 17:52:48.281 [info] Extension host with pid 2731 exiting with code 0
