2025-01-24 18:26:31.596 [info] [main] Log level: Info
2025-01-24 18:26:31.596 [info] [main] Validating found git in: "git"
2025-01-24 18:26:31.596 [info] [main] Using git "2.48.1" from "git"
2025-01-24 18:26:31.596 [info] [Model][doInitialScan] Initial repository scan started
2025-01-24 18:26:31.596 [info] > git rev-parse --show-toplevel [25ms]
2025-01-24 18:26:31.596 [info] > git rev-parse --git-dir --git-common-dir [7ms]
2025-01-24 18:26:31.596 [info] [Model][openRepository] Opened repository: /home/elf/prog/monitor_for_meeting_room
2025-01-24 18:26:31.615 [info] > git rev-parse --show-toplevel [9ms]
2025-01-24 18:26:31.615 [info] > git config --get commit.template [15ms]
2025-01-24 18:26:31.645 [info] > git rev-parse --show-toplevel [20ms]
2025-01-24 18:26:31.649 [info] > git for-each-ref --format=%(refname)%00%(upstream:short)%00%(objectname)%00%(upstream:track)%00%(upstream:remotename)%00%(upstream:remoteref) refs/heads/master refs/remotes/master [5ms]
2025-01-24 18:26:31.651 [info] > git rev-parse --show-toplevel [2ms]
2025-01-24 18:26:31.674 [info] > git status -z -uall [7ms]
2025-01-24 18:26:31.674 [info] > git rev-parse --show-toplevel [17ms]
2025-01-24 18:26:31.676 [info] [Model][doInitialScan] Initial repository scan completed - repositories (1), closed repositories (0), parent repositories (0), unsafe repositories (0)
2025-01-24 18:26:31.678 [info] > git for-each-ref --sort -committerdate --format %(refname) %(objectname) %(*objectname) [5ms]
2025-01-24 18:26:31.697 [info] > git for-each-ref --format=%(refname)%00%(upstream:short)%00%(objectname)%00%(upstream:track)%00%(upstream:remotename)%00%(upstream:remoteref) refs/heads/master refs/remotes/master [11ms]
2025-01-24 18:26:31.727 [info] > git config --local branch.master.vscode-merge-base [24ms]
2025-01-24 18:26:31.732 [info] > git config --get commit.template [36ms]
2025-01-24 18:26:31.742 [info] > git for-each-ref --format=%(refname)%00%(upstream:short)%00%(objectname)%00%(upstream:track)%00%(upstream:remotename)%00%(upstream:remoteref) refs/heads/origin/master refs/remotes/origin/master [10ms]
2025-01-24 18:26:31.761 [info] > git merge-base refs/heads/master refs/remotes/origin/master [13ms]
2025-01-24 18:26:31.773 [info] > git diff --name-status -z --diff-filter=ADMR 57c45b7789356cd85c9c8d43cdb7dafa28f07656...refs/remotes/origin/master [7ms]
2025-01-24 18:26:31.773 [info] > git for-each-ref --format=%(refname)%00%(upstream:short)%00%(objectname)%00%(upstream:track)%00%(upstream:remotename)%00%(upstream:remoteref) refs/heads/master refs/remotes/master [14ms]
2025-01-24 18:26:31.826 [info] > git status -z -uall [33ms]
2025-01-24 18:26:31.843 [info] > git for-each-ref --sort -committerdate --format %(refname) %(objectname) %(*objectname) [43ms]
2025-01-24 18:26:31.929 [info] > git show --textconv :utils/gui.py [9ms]
2025-01-24 18:26:31.931 [info] > git ls-files --stage -- /home/elf/prog/monitor_for_meeting_room/utils/gui.py [3ms]
2025-01-24 18:26:31.945 [info] > git cat-file -s 5affa7885346b0be255f00a709ac5ba776fe78f0 [7ms]
2025-01-24 18:26:31.976 [info] > git blame --root --incremental 57c45b7789356cd85c9c8d43cdb7dafa28f07656 -- /home/elf/prog/monitor_for_meeting_room/utils/gui.py [1ms]
2025-01-24 18:26:32.125 [info] > git check-ignore -v -z --stdin [1ms]
2025-01-24 18:26:41.058 [info] > git log --format=%H%n%aN%n%aE%n%at%n%ct%n%P%n%D%n%B -z -n-1 [1ms]
2025-01-24 18:27:22.082 [info] > git show --textconv :main.py [8ms]
2025-01-24 18:27:22.083 [info] > git ls-files --stage -- /home/elf/prog/monitor_for_meeting_room/main.py [2ms]
2025-01-24 18:27:22.089 [info] > git cat-file -s 9780a23a632e03d6e7b3060162d366ba0b7282ca [1ms]
2025-01-24 18:27:22.105 [info] > git blame --root --incremental 57c45b7789356cd85c9c8d43cdb7dafa28f07656 -- /home/elf/prog/monitor_for_meeting_room/main.py [2ms]
2025-01-24 18:27:28.170 [info] > git show --textconv :utils/json.py [17ms]
2025-01-24 18:27:28.173 [info] > git ls-files --stage -- /home/elf/prog/monitor_for_meeting_room/utils/json.py [5ms]
2025-01-24 18:27:28.195 [info] > git cat-file -s dfa20b580565d754dd1716d67afe0c5399f846cc [6ms]
2025-01-24 18:27:28.223 [info] > git blame --root --incremental 57c45b7789356cd85c9c8d43cdb7dafa28f07656 -- /home/elf/prog/monitor_for_meeting_room/utils/json.py [3ms]
