2025-01-24 22:23:38.342 [info] Reading sessions from keychain...
2025-01-24 22:23:38.342 [info] Getting sessions for all scopes...
2025-01-24 22:23:38.342 [info] Getting sessions for all scopes...
2025-01-24 22:23:38.342 [info] Getting sessions for all scopes...
2025-01-24 22:23:38.342 [info] Getting sessions for all scopes...
2025-01-24 22:23:38.342 [info] Getting sessions for all scopes...
2025-01-24 22:23:38.342 [info] Getting sessions for all scopes...
2025-01-24 22:23:38.342 [info] Getting sessions for all scopes...
2025-01-24 22:23:38.735 [info] Got stored sessions!
2025-01-24 22:23:38.735 [info] Got 1 verified sessions.
2025-01-24 22:23:38.736 [info] Got 1 sessions for ...
2025-01-24 22:23:38.736 [info] Got 1 sessions for ...
2025-01-24 22:23:38.736 [info] Got 1 sessions for ...
2025-01-24 22:23:38.736 [info] Got 1 sessions for ...
2025-01-24 22:23:38.736 [info] Got 1 sessions for ...
2025-01-24 22:23:38.736 [info] Got 1 sessions for ...
2025-01-24 22:23:38.736 [info] Got 1 sessions for ...
2025-01-24 22:23:38.791 [info] Getting sessions for all scopes...
2025-01-24 22:23:38.791 [info] Got 1 sessions for ...
2025-01-24 22:23:39.829 [info] Getting sessions for all scopes...
2025-01-24 22:23:39.829 [info] Got 1 sessions for ...
