2025-01-24 14:57:56.990 [info] [Info  - 2:57:56 PM] (2789) Server root directory: file:///home/elf/.vscode/extensions/ms-python.vscode-pylance-2024.12.1/dist
2025-01-24 14:57:57.116 [info] [Info  - 2:57:57 PM] (2789) Pylance language server 2024.12.1 (pyright version 1.1.389, commit ce1325fc) starting
2025-01-24 14:57:57.174 [info] [Info  - 2:57:57 PM] (2789) Starting service instance "monitor_for_meeting_room"
2025-01-24 14:57:57.394 [info] [Info  - 2:57:57 PM] (2789) Setting environmentName for service "monitor_for_meeting_room": "3.13.1 (.venv venv)"
2025-01-24 14:57:57.397 [info] [Info  - 2:57:57 PM] (2789) Setting pythonPath for service "monitor_for_meeting_room": "/home/elf/prog/monitor_for_meeting_room/.venv/bin/python"
2025-01-24 14:57:57.419 [info] [Info  - 2:57:57 PM] (2789) No include entries specified; assuming /home/elf/prog/monitor_for_meeting_room
2025-01-24 14:57:57.440 [info] [Info  - 2:57:57 PM] (2789) Auto-excluding **/node_modules
2025-01-24 14:57:57.460 [info] [Info  - 2:57:57 PM] (2789) Auto-excluding **/__pycache__
2025-01-24 14:57:57.483 [info] [Info  - 2:57:57 PM] (2789) Auto-excluding **/.*
2025-01-24 14:57:57.491 [info] [Info  - 2:57:57 PM] (2789) Assuming Python version 3.13.1.final.0
2025-01-24 14:57:57.509 [info] [Info  - 2:57:57 PM] (2789) Found 7 source files
2025-01-24 14:57:57.882 [info] [Info  - 2:57:57 PM] (2789) Background analysis(1) root directory: file:///home/elf/.vscode/extensions/ms-python.vscode-pylance-2024.12.1/dist
2025-01-24 14:57:57.884 [info] [Info  - 2:57:57 PM] (2789) Background analysis(1) started
2025-01-24 14:57:57.984 [info] [Info  - 2:57:57 PM] (2789) Indexer background runner(2) root directory: file:///home/elf/.vscode/extensions/ms-python.vscode-pylance-2024.12.1/dist (index)
2025-01-24 14:57:57.984 [info] [Info  - 2:57:57 PM] (2789) Indexing(2) started
2025-01-24 14:57:58.337 [info] [Info  - 2:57:58 PM] (2789) scanned(2) 67 files over 1 exec env
2025-01-24 14:57:58.483 [info] [Info  - 2:57:58 PM] (2789) indexed(2) 67 files over 1 exec env
2025-01-24 14:57:58.503 [info] [Info  - 2:57:58 PM] (2789) Indexing finished(2).
2025-01-24 14:58:06.943 [info] (Client) The existing extension didn't exit within 10 seconds. New instance will start, but you might encounter issues.
2025-01-24 14:58:06.943 [info] (Client) Pylance async client (2024.12.1) started with python extension (2024.22.2)
2025-01-24 14:59:27.670 [info] [Info  - 2:59:27 PM] (2789) Starting service instance "<default>"
2025-01-24 14:59:27.684 [info] [Info  - 2:59:27 PM] (2789) Setting environmentName for service "<default>": "3.13.1 (.venv venv)"
2025-01-24 14:59:27.684 [info] [Info  - 2:59:27 PM] (2789) Setting pythonPath for service "<default>": "/home/elf/prog/monitor_for_meeting_room/.venv/bin/python"
2025-01-24 14:59:27.684 [info] [Info  - 2:59:27 PM] (2789) No include entries specified; assuming /<default workspace root>
2025-01-24 14:59:27.684 [info] [Info  - 2:59:27 PM] (2789) Auto-excluding **/node_modules
2025-01-24 14:59:27.685 [info] [Info  - 2:59:27 PM] (2789) Auto-excluding **/__pycache__
2025-01-24 14:59:27.685 [info] [Info  - 2:59:27 PM] (2789) Auto-excluding **/.*
2025-01-24 14:59:27.705 [info] [Info  - 2:59:27 PM] (2789) Assuming Python version 3.13.1.final.0
2025-01-24 14:59:27.735 [info] [Error - 2:59:27 PM] (2789) File or directory "/<default workspace root>" does not exist.
2025-01-24 14:59:27.736 [info] [Info  - 2:59:27 PM] (2789) No source files found.
2025-01-24 14:59:28.092 [info] [Info  - 2:59:28 PM] (2789) Background analysis(3) root directory: file:///home/elf/.vscode/extensions/ms-python.vscode-pylance-2024.12.1/dist
2025-01-24 14:59:28.093 [info] [Info  - 2:59:28 PM] (2789) Background analysis(3) started
2025-01-24 15:00:18.194 [info] [Info  - 3:00:18 PM] (2789) Setting environmentName for service "monitor_for_meeting_room": "3.13.1 (.venv venv)"
2025-01-24 15:00:18.194 [info] [Info  - 3:00:18 PM] (2789) Setting pythonPath for service "monitor_for_meeting_room": "/home/elf/prog/monitor_for_meeting_room/.venv/bin/python"
2025-01-24 15:00:18.194 [info] [Info  - 3:00:18 PM] (2789) No include entries specified; assuming /home/elf/prog/monitor_for_meeting_room
2025-01-24 15:00:18.194 [info] [Info  - 3:00:18 PM] (2789) Auto-excluding **/node_modules
2025-01-24 15:00:18.194 [info] [Info  - 3:00:18 PM] (2789) Auto-excluding **/__pycache__
2025-01-24 15:00:18.194 [info] [Info  - 3:00:18 PM] (2789) Auto-excluding **/.*
2025-01-24 15:00:18.209 [info] [Info  - 3:00:18 PM] (2789) Assuming Python version 3.13.1.final.0
2025-01-24 15:00:18.239 [info] [Info  - 3:00:18 PM] (2789) Found 7 source files
2025-01-24 15:00:18.268 [info] [Info  - 3:00:18 PM] (2789) Setting environmentName for service "<default>": "3.13.1 (.venv venv)"
2025-01-24 15:00:18.268 [info] [Info  - 3:00:18 PM] (2789) Setting pythonPath for service "<default>": "/home/elf/prog/monitor_for_meeting_room/.venv/bin/python"
2025-01-24 15:00:18.268 [info] [Info  - 3:00:18 PM] (2789) No include entries specified; assuming /<default workspace root>
2025-01-24 15:00:18.268 [info] [Info  - 3:00:18 PM] (2789) Auto-excluding **/node_modules
2025-01-24 15:00:18.268 [info] [Info  - 3:00:18 PM] (2789) Auto-excluding **/__pycache__
2025-01-24 15:00:18.268 [info] [Info  - 3:00:18 PM] (2789) Auto-excluding **/.*
2025-01-24 15:00:18.289 [info] [Info  - 3:00:18 PM] (2789) Assuming Python version 3.13.1.final.0
2025-01-24 15:00:18.321 [info] [Error - 3:00:18 PM] (2789) File or directory "/<default workspace root>" does not exist.
2025-01-24 15:00:18.322 [info] [Info  - 3:00:18 PM] (2789) No source files found.
2025-01-24 15:00:18.666 [info] [Info  - 3:00:18 PM] (2789) Indexer background runner(4) root directory: file:///home/elf/.vscode/extensions/ms-python.vscode-pylance-2024.12.1/dist (index)
2025-01-24 15:00:18.666 [info] [Info  - 3:00:18 PM] (2789) Indexing(4) started
2025-01-24 15:00:18.888 [info] [Info  - 3:00:18 PM] (2789) scanned(4) 67 files over 1 exec env
2025-01-24 15:00:19.025 [info] [Info  - 3:00:19 PM] (2789) indexed(4) 67 files over 1 exec env
2025-01-24 15:00:19.042 [info] [Info  - 3:00:19 PM] (2789) Indexing finished(4).
2025-01-24 15:00:25.543 [info] [Info  - 3:00:25 PM] (2789) Setting environmentName for service "monitor_for_meeting_room": "3.13.1 (.venv venv)"
2025-01-24 15:00:25.543 [info] [Info  - 3:00:25 PM] (2789) Setting pythonPath for service "monitor_for_meeting_room": "/home/elf/prog/monitor_for_meeting_room/.venv/bin/python"
2025-01-24 15:00:25.543 [info] [Info  - 3:00:25 PM] (2789) No include entries specified; assuming /home/elf/prog/monitor_for_meeting_room
2025-01-24 15:00:25.543 [info] [Info  - 3:00:25 PM] (2789) Auto-excluding **/node_modules
2025-01-24 15:00:25.543 [info] [Info  - 3:00:25 PM] (2789) Auto-excluding **/__pycache__
2025-01-24 15:00:25.543 [info] [Info  - 3:00:25 PM] (2789) Auto-excluding **/.*
2025-01-24 15:00:25.563 [info] [Info  - 3:00:25 PM] (2789) Assuming Python version 3.13.1.final.0
2025-01-24 15:00:25.590 [info] [Info  - 3:00:25 PM] (2789) Found 7 source files
2025-01-24 15:00:25.616 [info] [Info  - 3:00:25 PM] (2789) Setting environmentName for service "<default>": "3.13.1 (.venv venv)"
2025-01-24 15:00:25.616 [info] [Info  - 3:00:25 PM] (2789) Setting pythonPath for service "<default>": "/home/elf/prog/monitor_for_meeting_room/.venv/bin/python"
2025-01-24 15:00:25.617 [info] [Info  - 3:00:25 PM] (2789) No include entries specified; assuming /<default workspace root>
2025-01-24 15:00:25.617 [info] [Info  - 3:00:25 PM] (2789) Auto-excluding **/node_modules
2025-01-24 15:00:25.617 [info] [Info  - 3:00:25 PM] (2789) Auto-excluding **/__pycache__
2025-01-24 15:00:25.617 [info] [Info  - 3:00:25 PM] (2789) Auto-excluding **/.*
2025-01-24 15:00:25.637 [info] [Info  - 3:00:25 PM] (2789) Assuming Python version 3.13.1.final.0
2025-01-24 15:00:25.665 [info] [Error - 3:00:25 PM] (2789) File or directory "/<default workspace root>" does not exist.
2025-01-24 15:00:25.665 [info] [Info  - 3:00:25 PM] (2789) No source files found.
2025-01-24 15:00:26.024 [info] [Info  - 3:00:26 PM] (2789) Indexer background runner(5) root directory: file:///home/elf/.vscode/extensions/ms-python.vscode-pylance-2024.12.1/dist (index)
2025-01-24 15:00:26.025 [info] [Info  - 3:00:26 PM] (2789) Indexing(5) started
2025-01-24 15:00:26.215 [info] [Info  - 3:00:26 PM] (2789) scanned(5) 67 files over 1 exec env
2025-01-24 15:00:26.338 [info] [Info  - 3:00:26 PM] (2789) indexed(5) 67 files over 1 exec env
2025-01-24 15:00:26.354 [info] [Info  - 3:00:26 PM] (2789) Indexing finished(5).
2025-01-24 15:00:28.629 [info] [Info  - 3:00:28 PM] (2789) Setting environmentName for service "monitor_for_meeting_room": "3.13.1 (.venv venv)"
2025-01-24 15:00:28.629 [info] [Info  - 3:00:28 PM] (2789) Setting pythonPath for service "monitor_for_meeting_room": "/home/elf/prog/monitor_for_meeting_room/.venv/bin/python"
2025-01-24 15:00:28.629 [info] [Info  - 3:00:28 PM] (2789) No include entries specified; assuming /home/elf/prog/monitor_for_meeting_room
2025-01-24 15:00:28.630 [info] [Info  - 3:00:28 PM] (2789) Auto-excluding **/node_modules
2025-01-24 15:00:28.630 [info] [Info  - 3:00:28 PM] (2789) Auto-excluding **/__pycache__
2025-01-24 15:00:28.630 [info] [Info  - 3:00:28 PM] (2789) Auto-excluding **/.*
2025-01-24 15:00:28.649 [info] [Info  - 3:00:28 PM] (2789) Assuming Python version 3.13.1.final.0
2025-01-24 15:00:28.676 [info] [Info  - 3:00:28 PM] (2789) Found 7 source files
2025-01-24 15:00:28.701 [info] [Info  - 3:00:28 PM] (2789) Setting environmentName for service "<default>": "3.13.1 (.venv venv)"
2025-01-24 15:00:28.701 [info] [Info  - 3:00:28 PM] (2789) Setting pythonPath for service "<default>": "/home/elf/prog/monitor_for_meeting_room/.venv/bin/python"
2025-01-24 15:00:28.701 [info] [Info  - 3:00:28 PM] (2789) No include entries specified; assuming /<default workspace root>
2025-01-24 15:00:28.701 [info] [Info  - 3:00:28 PM] (2789) Auto-excluding **/node_modules
2025-01-24 15:00:28.701 [info] [Info  - 3:00:28 PM] (2789) Auto-excluding **/__pycache__
2025-01-24 15:00:28.701 [info] [Info  - 3:00:28 PM] (2789) Auto-excluding **/.*
2025-01-24 15:00:28.721 [info] [Info  - 3:00:28 PM] (2789) Assuming Python version 3.13.1.final.0
2025-01-24 15:00:28.750 [info] [Error - 3:00:28 PM] (2789) File or directory "/<default workspace root>" does not exist.
2025-01-24 15:00:28.750 [info] [Info  - 3:00:28 PM] (2789) No source files found.
2025-01-24 15:00:29.068 [info] [Info  - 3:00:29 PM] (2789) Indexer background runner(6) root directory: file:///home/elf/.vscode/extensions/ms-python.vscode-pylance-2024.12.1/dist (index)
2025-01-24 15:00:29.068 [info] [Info  - 3:00:29 PM] (2789) Indexing(6) started
2025-01-24 15:00:29.260 [info] [Info  - 3:00:29 PM] (2789) scanned(6) 67 files over 1 exec env
2025-01-24 15:00:29.388 [info] [Info  - 3:00:29 PM] (2789) indexed(6) 67 files over 1 exec env
2025-01-24 15:00:29.403 [info] [Info  - 3:00:29 PM] (2789) Indexing finished(6).
2025-01-24 15:00:33.317 [info] [Info  - 3:00:33 PM] (2789) Setting environmentName for service "monitor_for_meeting_room": "3.13.1 (.venv venv)"
2025-01-24 15:00:33.318 [info] [Info  - 3:00:33 PM] (2789) Setting pythonPath for service "monitor_for_meeting_room": "/home/elf/prog/monitor_for_meeting_room/.venv/bin/python"
2025-01-24 15:00:33.318 [info] [Info  - 3:00:33 PM] (2789) No include entries specified; assuming /home/elf/prog/monitor_for_meeting_room
2025-01-24 15:00:33.319 [info] [Info  - 3:00:33 PM] (2789) Auto-excluding **/node_modules
2025-01-24 15:00:33.319 [info] [Info  - 3:00:33 PM] (2789) Auto-excluding **/__pycache__
2025-01-24 15:00:33.319 [info] [Info  - 3:00:33 PM] (2789) Auto-excluding **/.*
2025-01-24 15:00:33.342 [info] [Info  - 3:00:33 PM] (2789) Assuming Python version 3.13.1.final.0
2025-01-24 15:00:33.385 [info] [Info  - 3:00:33 PM] (2789) Found 7 source files
2025-01-24 15:00:33.406 [info] [Info  - 3:00:33 PM] (2789) Setting environmentName for service "<default>": "3.13.1 (.venv venv)"
2025-01-24 15:00:33.406 [info] [Info  - 3:00:33 PM] (2789) Setting pythonPath for service "<default>": "/home/elf/prog/monitor_for_meeting_room/.venv/bin/python"
2025-01-24 15:00:33.406 [info] [Info  - 3:00:33 PM] (2789) No include entries specified; assuming /<default workspace root>
2025-01-24 15:00:33.406 [info] [Info  - 3:00:33 PM] (2789) Auto-excluding **/node_modules
2025-01-24 15:00:33.406 [info] [Info  - 3:00:33 PM] (2789) Auto-excluding **/__pycache__
2025-01-24 15:00:33.406 [info] [Info  - 3:00:33 PM] (2789) Auto-excluding **/.*
2025-01-24 15:00:33.426 [info] [Info  - 3:00:33 PM] (2789) Assuming Python version 3.13.1.final.0
2025-01-24 15:00:33.454 [info] [Error - 3:00:33 PM] (2789) File or directory "/<default workspace root>" does not exist.
2025-01-24 15:00:33.454 [info] [Info  - 3:00:33 PM] (2789) No source files found.
2025-01-24 15:00:33.778 [info] [Info  - 3:00:33 PM] (2789) Indexer background runner(7) root directory: file:///home/elf/.vscode/extensions/ms-python.vscode-pylance-2024.12.1/dist (index)
2025-01-24 15:00:33.778 [info] [Info  - 3:00:33 PM] (2789) Indexing(7) started
2025-01-24 15:00:33.946 [info] [Info  - 3:00:33 PM] (2789) scanned(7) 67 files over 1 exec env
2025-01-24 15:00:34.063 [info] [Info  - 3:00:34 PM] (2789) indexed(7) 67 files over 1 exec env
2025-01-24 15:00:34.081 [info] [Info  - 3:00:34 PM] (2789) Indexing finished(7).
2025-01-24 15:00:35.072 [info] [Info  - 3:00:35 PM] (2789) Setting environmentName for service "monitor_for_meeting_room": "3.13.1 (.venv venv)"
2025-01-24 15:00:35.072 [info] [Info  - 3:00:35 PM] (2789) Setting pythonPath for service "monitor_for_meeting_room": "/home/elf/prog/monitor_for_meeting_room/.venv/bin/python"
2025-01-24 15:00:35.072 [info] [Info  - 3:00:35 PM] (2789) No include entries specified; assuming /home/elf/prog/monitor_for_meeting_room
2025-01-24 15:00:35.072 [info] [Info  - 3:00:35 PM] (2789) Auto-excluding **/node_modules
2025-01-24 15:00:35.072 [info] [Info  - 3:00:35 PM] (2789) Auto-excluding **/__pycache__
2025-01-24 15:00:35.072 [info] [Info  - 3:00:35 PM] (2789) Auto-excluding **/.*
2025-01-24 15:00:35.093 [info] [Info  - 3:00:35 PM] (2789) Assuming Python version 3.13.1.final.0
2025-01-24 15:00:35.122 [info] [Info  - 3:00:35 PM] (2789) Found 7 source files
2025-01-24 15:00:35.143 [info] [Info  - 3:00:35 PM] (2789) Setting environmentName for service "<default>": "3.13.1 (.venv venv)"
2025-01-24 15:00:35.143 [info] [Info  - 3:00:35 PM] (2789) Setting pythonPath for service "<default>": "/home/elf/prog/monitor_for_meeting_room/.venv/bin/python"
2025-01-24 15:00:35.143 [info] [Info  - 3:00:35 PM] (2789) No include entries specified; assuming /<default workspace root>
2025-01-24 15:00:35.143 [info] [Info  - 3:00:35 PM] (2789) Auto-excluding **/node_modules
2025-01-24 15:00:35.143 [info] [Info  - 3:00:35 PM] (2789) Auto-excluding **/__pycache__
2025-01-24 15:00:35.143 [info] [Info  - 3:00:35 PM] (2789) Auto-excluding **/.*
2025-01-24 15:00:35.165 [info] [Info  - 3:00:35 PM] (2789) Assuming Python version 3.13.1.final.0
2025-01-24 15:00:35.193 [info] [Error - 3:00:35 PM] (2789) File or directory "/<default workspace root>" does not exist.
2025-01-24 15:00:35.193 [info] [Info  - 3:00:35 PM] (2789) No source files found.
2025-01-24 15:00:35.541 [info] [Info  - 3:00:35 PM] (2789) Indexer background runner(8) root directory: file:///home/elf/.vscode/extensions/ms-python.vscode-pylance-2024.12.1/dist (index)
2025-01-24 15:00:35.541 [info] [Info  - 3:00:35 PM] (2789) Indexing(8) started
2025-01-24 15:00:35.738 [info] [Info  - 3:00:35 PM] (2789) scanned(8) 67 files over 1 exec env
2025-01-24 15:00:35.889 [info] [Info  - 3:00:35 PM] (2789) indexed(8) 67 files over 1 exec env
2025-01-24 15:00:35.913 [info] [Info  - 3:00:35 PM] (2789) Indexing finished(8).
2025-01-24 15:56:53.699 [info] [Info  - 3:56:53 PM] (2789) Setting environmentName for service "monitor_for_meeting_room": "3.13.1 (.venv venv)"
2025-01-24 15:56:53.699 [info] [Info  - 3:56:53 PM] (2789) Setting pythonPath for service "monitor_for_meeting_room": "/home/elf/prog/monitor_for_meeting_room/.venv/bin/python"
2025-01-24 15:56:53.699 [info] [Info  - 3:56:53 PM] (2789) No include entries specified; assuming /home/elf/prog/monitor_for_meeting_room
2025-01-24 15:56:53.699 [info] [Info  - 3:56:53 PM] (2789) Auto-excluding **/node_modules
2025-01-24 15:56:53.699 [info] [Info  - 3:56:53 PM] (2789) Auto-excluding **/__pycache__
2025-01-24 15:56:53.700 [info] [Info  - 3:56:53 PM] (2789) Auto-excluding **/.*
2025-01-24 15:56:53.721 [info] [Info  - 3:56:53 PM] (2789) Assuming Python version 3.13.1.final.0
2025-01-24 15:56:53.754 [info] [Info  - 3:56:53 PM] (2789) Found 7 source files
2025-01-24 15:56:53.784 [info] [Info  - 3:56:53 PM] (2789) Setting environmentName for service "<default>": "3.13.1 (.venv venv)"
2025-01-24 15:56:53.784 [info] [Info  - 3:56:53 PM] (2789) Setting pythonPath for service "<default>": "/home/elf/prog/monitor_for_meeting_room/.venv/bin/python"
2025-01-24 15:56:53.784 [info] [Info  - 3:56:53 PM] (2789) No include entries specified; assuming /<default workspace root>
2025-01-24 15:56:53.784 [info] [Info  - 3:56:53 PM] (2789) Auto-excluding **/node_modules
2025-01-24 15:56:53.785 [info] [Info  - 3:56:53 PM] (2789) Auto-excluding **/__pycache__
2025-01-24 15:56:53.785 [info] [Info  - 3:56:53 PM] (2789) Auto-excluding **/.*
2025-01-24 15:56:53.804 [info] [Info  - 3:56:53 PM] (2789) Assuming Python version 3.13.1.final.0
2025-01-24 15:56:53.835 [info] [Error - 3:56:53 PM] (2789) File or directory "/<default workspace root>" does not exist.
2025-01-24 15:56:53.836 [info] [Info  - 3:56:53 PM] (2789) No source files found.
2025-01-24 15:56:54.193 [info] [Info  - 3:56:54 PM] (2789) Indexer background runner(9) root directory: file:///home/elf/.vscode/extensions/ms-python.vscode-pylance-2024.12.1/dist (index)
2025-01-24 15:56:54.193 [info] [Info  - 3:56:54 PM] (2789) Indexing(9) started
2025-01-24 15:56:54.383 [info] [Info  - 3:56:54 PM] (2789) scanned(9) 67 files over 1 exec env
2025-01-24 15:56:54.551 [info] [Info  - 3:56:54 PM] (2789) indexed(9) 67 files over 1 exec env
2025-01-24 15:56:54.571 [info] [Info  - 3:56:54 PM] (2789) Indexing finished(9).
2025-01-24 15:57:00.381 [info] [Info  - 3:57:00 PM] (2789) Setting environmentName for service "monitor_for_meeting_room": "3.13.1 (.venv venv)"
2025-01-24 15:57:00.381 [info] [Info  - 3:57:00 PM] (2789) Setting pythonPath for service "monitor_for_meeting_room": "/home/elf/prog/monitor_for_meeting_room/.venv/bin/python"
2025-01-24 15:57:00.381 [info] [Info  - 3:57:00 PM] (2789) No include entries specified; assuming /home/elf/prog/monitor_for_meeting_room
2025-01-24 15:57:00.381 [info] [Info  - 3:57:00 PM] (2789) Auto-excluding **/node_modules
2025-01-24 15:57:00.381 [info] [Info  - 3:57:00 PM] (2789) Auto-excluding **/__pycache__
2025-01-24 15:57:00.381 [info] [Info  - 3:57:00 PM] (2789) Auto-excluding **/.*
2025-01-24 15:57:00.401 [info] [Info  - 3:57:00 PM] (2789) Assuming Python version 3.13.1.final.0
2025-01-24 15:57:00.431 [info] [Info  - 3:57:00 PM] (2789) Found 7 source files
2025-01-24 15:57:00.453 [info] [Info  - 3:57:00 PM] (2789) Setting environmentName for service "<default>": "3.13.1 (.venv venv)"
2025-01-24 15:57:00.453 [info] [Info  - 3:57:00 PM] (2789) Setting pythonPath for service "<default>": "/home/elf/prog/monitor_for_meeting_room/.venv/bin/python"
2025-01-24 15:57:00.453 [info] [Info  - 3:57:00 PM] (2789) No include entries specified; assuming /<default workspace root>
2025-01-24 15:57:00.453 [info] [Info  - 3:57:00 PM] (2789) Auto-excluding **/node_modules
2025-01-24 15:57:00.453 [info] [Info  - 3:57:00 PM] (2789) Auto-excluding **/__pycache__
2025-01-24 15:57:00.453 [info] [Info  - 3:57:00 PM] (2789) Auto-excluding **/.*
2025-01-24 15:57:00.475 [info] [Info  - 3:57:00 PM] (2789) Assuming Python version 3.13.1.final.0
2025-01-24 15:57:00.504 [info] [Error - 3:57:00 PM] (2789) File or directory "/<default workspace root>" does not exist.
2025-01-24 15:57:00.505 [info] [Info  - 3:57:00 PM] (2789) No source files found.
2025-01-24 15:57:00.872 [info] [Info  - 3:57:00 PM] (2789) Indexer background runner(10) root directory: file:///home/elf/.vscode/extensions/ms-python.vscode-pylance-2024.12.1/dist (index)
2025-01-24 15:57:00.872 [info] [Info  - 3:57:00 PM] (2789) Indexing(10) started
2025-01-24 15:57:01.080 [info] [Info  - 3:57:01 PM] (2789) scanned(10) 67 files over 1 exec env
2025-01-24 15:57:01.275 [info] [Info  - 3:57:01 PM] (2789) indexed(10) 67 files over 1 exec env
2025-01-24 15:57:01.303 [info] [Info  - 3:57:01 PM] (2789) Indexing finished(10).
