2025-01-24 14:57:56.065 [info] Experiment 'pythonRecommendTensorboardExt' is active
2025-01-24 14:57:56.066 [info] Experiment 'pythonTerminalEnvVarActivation' is active
2025-01-24 14:57:56.066 [info] Experiment 'pythonTestAdapter' is active
2025-01-24 14:57:56.066 [warning] Dir "/home/elf/prog/monitor_for_meeting_room/.pixi/envs" is not watchable (directory does not exist)
2025-01-24 14:57:56.122 [info] Python interpreter path: ./.venv/bin/python
2025-01-24 14:57:56.496 [info] > pyenv which python
2025-01-24 14:57:56.496 [info] cwd: .
2025-01-24 14:57:57.362 [info] > . ./.venv/bin/activate && echo 'e8b39361-0157-4923-80e1-22d70d46dee6' && python ~/.vscode/extensions/ms-python.python-2024.22.2-linux-x64/python_files/printEnvVariables.py
2025-01-24 14:57:57.362 [info] shell: zsh
2025-01-24 14:57:57.429 [info] > /bin/python ~/.vscode/extensions/ms-python.python-2024.22.2-linux-x64/python_files/printEnvVariables.py
2025-01-24 14:57:57.429 [info] shell: zsh
2025-01-24 14:57:57.468 [info] Prepending environment variable PATH in collection with /home/elf/.vscode/extensions/ms-python.python-2024.22.2-linux-x64/python_files/deactivate/zsh:/home/elf/prog/monitor_for_meeting_room/.venv/bin: {"applyAtShellIntegration":true,"applyAtProcessCreation":true}
2025-01-24 14:57:57.468 [info] Setting environment variable VIRTUAL_ENV in collection to /home/elf/prog/monitor_for_meeting_room/.venv {"applyAtShellIntegration":true,"applyAtProcessCreation":true}
2025-01-24 14:57:57.468 [info] Setting environment variable VIRTUAL_ENV_PROMPT in collection to .venv {"applyAtShellIntegration":true,"applyAtProcessCreation":true}
2025-01-24 14:57:57.468 [info] Prepending environment variable PS1 in collection with .venv {"applyAtShellIntegration":true,"applyAtProcessCreation":false}
2025-01-24 14:57:57.469 [info] Send text to terminal: /bin/python /home/elf/.vscode/extensions/ms-python.python-2024.22.2-linux-x64/python_files/printEnvVariablesToFile.py /home/elf/.vscode/extensions/ms-python.python-2024.22.2-linux-x64/python_files/deactivate/zsh/envVars.txt
2025-01-24 14:58:06.945 [info] Starting Pylance language server.
2025-01-24 14:59:21.058 [info] Discover tests for workspace name: monitor_for_meeting_room - uri: /home/elf/prog/monitor_for_meeting_room/main.py
2025-01-24 14:59:30.270 [info] Discover tests for workspace name: monitor_for_meeting_room - uri: /home/elf/prog/monitor_for_meeting_room/utils/request.py
2025-01-24 15:00:18.193 [info] > . ./.venv/bin/activate && echo 'e8b39361-0157-4923-80e1-22d70d46dee6' && python ~/.vscode/extensions/ms-python.python-2024.22.2-linux-x64/python_files/printEnvVariables.py
2025-01-24 15:00:18.193 [info] shell: zsh
2025-01-24 15:00:18.213 [info] Setting environment variable URL in collection to  {"applyAtShellIntegration":true,"applyAtProcessCreation":true}
2025-01-24 15:00:18.213 [info] Setting environment variable ROOM_NUMBER in collection to  {"applyAtShellIntegration":true,"applyAtProcessCreation":true}
2025-01-24 15:00:18.213 [info] Setting environment variable ROOM_NAME in collection to  {"applyAtShellIntegration":true,"applyAtProcessCreation":true}
2025-01-24 15:00:18.213 [info] Setting environment variable DISPLAY in collection to  {"applyAtShellIntegration":true,"applyAtProcessCreation":true}
2025-01-24 15:00:18.213 [info] Prepending environment variable PATH in collection with /home/elf/.vscode/extensions/ms-python.python-2024.22.2-linux-x64/python_files/deactivate/zsh:/home/elf/prog/monitor_for_meeting_room/.venv/bin: {"applyAtShellIntegration":true,"applyAtProcessCreation":true}
2025-01-24 15:00:18.213 [info] Setting environment variable VIRTUAL_ENV in collection to /home/elf/prog/monitor_for_meeting_room/.venv {"applyAtShellIntegration":true,"applyAtProcessCreation":true}
2025-01-24 15:00:18.213 [info] Setting environment variable VIRTUAL_ENV_PROMPT in collection to .venv {"applyAtShellIntegration":true,"applyAtProcessCreation":true}
2025-01-24 15:00:18.213 [info] Prepending environment variable PS1 in collection with .venv {"applyAtShellIntegration":true,"applyAtProcessCreation":false}
2025-01-24 15:00:25.537 [info] > . ./.venv/bin/activate && echo 'e8b39361-0157-4923-80e1-22d70d46dee6' && python ~/.vscode/extensions/ms-python.python-2024.22.2-linux-x64/python_files/printEnvVariables.py
2025-01-24 15:00:25.537 [info] shell: zsh
2025-01-24 15:00:25.558 [info] Setting environment variable URL in collection to  {"applyAtShellIntegration":true,"applyAtProcessCreation":true}
2025-01-24 15:00:25.558 [info] Setting environment variable ROOM_NUMBER in collection to  {"applyAtShellIntegration":true,"applyAtProcessCreation":true}
2025-01-24 15:00:25.558 [info] Setting environment variable ROOM_NAME in collection to  {"applyAtShellIntegration":true,"applyAtProcessCreation":true}
2025-01-24 15:00:25.558 [info] Setting environment variable DISPLAY in collection to  {"applyAtShellIntegration":true,"applyAtProcessCreation":true}
2025-01-24 15:00:25.558 [info] Prepending environment variable PATH in collection with /home/elf/.vscode/extensions/ms-python.python-2024.22.2-linux-x64/python_files/deactivate/zsh:/home/elf/prog/monitor_for_meeting_room/.venv/bin: {"applyAtShellIntegration":true,"applyAtProcessCreation":true}
2025-01-24 15:00:25.558 [info] Setting environment variable VIRTUAL_ENV in collection to /home/elf/prog/monitor_for_meeting_room/.venv {"applyAtShellIntegration":true,"applyAtProcessCreation":true}
2025-01-24 15:00:25.558 [info] Setting environment variable VIRTUAL_ENV_PROMPT in collection to .venv {"applyAtShellIntegration":true,"applyAtProcessCreation":true}
2025-01-24 15:00:25.558 [info] Prepending environment variable PS1 in collection with .venv {"applyAtShellIntegration":true,"applyAtProcessCreation":false}
2025-01-24 15:00:28.623 [info] > . ./.venv/bin/activate && echo 'e8b39361-0157-4923-80e1-22d70d46dee6' && python ~/.vscode/extensions/ms-python.python-2024.22.2-linux-x64/python_files/printEnvVariables.py
2025-01-24 15:00:28.623 [info] shell: zsh
2025-01-24 15:00:28.642 [info] Setting environment variable URL in collection to  {"applyAtShellIntegration":true,"applyAtProcessCreation":true}
2025-01-24 15:00:28.642 [info] Setting environment variable ROOM_NUMBER in collection to 1 {"applyAtShellIntegration":true,"applyAtProcessCreation":true}
2025-01-24 15:00:28.642 [info] Setting environment variable ROOM_NAME in collection to  {"applyAtShellIntegration":true,"applyAtProcessCreation":true}
2025-01-24 15:00:28.642 [info] Setting environment variable DISPLAY in collection to  {"applyAtShellIntegration":true,"applyAtProcessCreation":true}
2025-01-24 15:00:28.642 [info] Prepending environment variable PATH in collection with /home/elf/.vscode/extensions/ms-python.python-2024.22.2-linux-x64/python_files/deactivate/zsh:/home/elf/prog/monitor_for_meeting_room/.venv/bin: {"applyAtShellIntegration":true,"applyAtProcessCreation":true}
2025-01-24 15:00:28.642 [info] Setting environment variable VIRTUAL_ENV in collection to /home/elf/prog/monitor_for_meeting_room/.venv {"applyAtShellIntegration":true,"applyAtProcessCreation":true}
2025-01-24 15:00:28.642 [info] Setting environment variable VIRTUAL_ENV_PROMPT in collection to .venv {"applyAtShellIntegration":true,"applyAtProcessCreation":true}
2025-01-24 15:00:28.642 [info] Prepending environment variable PS1 in collection with .venv {"applyAtShellIntegration":true,"applyAtProcessCreation":false}
2025-01-24 15:00:33.313 [info] > . ./.venv/bin/activate && echo 'e8b39361-0157-4923-80e1-22d70d46dee6' && python ~/.vscode/extensions/ms-python.python-2024.22.2-linux-x64/python_files/printEnvVariables.py
2025-01-24 15:00:33.313 [info] shell: zsh
2025-01-24 15:00:33.335 [info] Setting environment variable URL in collection to  {"applyAtShellIntegration":true,"applyAtProcessCreation":true}
2025-01-24 15:00:33.335 [info] Setting environment variable ROOM_NUMBER in collection to 1 {"applyAtShellIntegration":true,"applyAtProcessCreation":true}
2025-01-24 15:00:33.335 [info] Setting environment variable ROOM_NAME in collection to  {"applyAtShellIntegration":true,"applyAtProcessCreation":true}
2025-01-24 15:00:33.335 [info] Setting environment variable DISPLAY in collection to circle {"applyAtShellIntegration":true,"applyAtProcessCreation":true}
2025-01-24 15:00:33.335 [info] Prepending environment variable PATH in collection with /home/elf/.vscode/extensions/ms-python.python-2024.22.2-linux-x64/python_files/deactivate/zsh:/home/elf/prog/monitor_for_meeting_room/.venv/bin: {"applyAtShellIntegration":true,"applyAtProcessCreation":true}
2025-01-24 15:00:33.335 [info] Setting environment variable VIRTUAL_ENV in collection to /home/elf/prog/monitor_for_meeting_room/.venv {"applyAtShellIntegration":true,"applyAtProcessCreation":true}
2025-01-24 15:00:33.335 [info] Setting environment variable VIRTUAL_ENV_PROMPT in collection to .venv {"applyAtShellIntegration":true,"applyAtProcessCreation":true}
2025-01-24 15:00:33.335 [info] Prepending environment variable PS1 in collection with .venv {"applyAtShellIntegration":true,"applyAtProcessCreation":false}
2025-01-24 15:00:35.067 [info] > . ./.venv/bin/activate && echo 'e8b39361-0157-4923-80e1-22d70d46dee6' && python ~/.vscode/extensions/ms-python.python-2024.22.2-linux-x64/python_files/printEnvVariables.py
2025-01-24 15:00:35.067 [info] shell: zsh
2025-01-24 15:00:35.087 [info] Setting environment variable URL in collection to  {"applyAtShellIntegration":true,"applyAtProcessCreation":true}
2025-01-24 15:00:35.088 [info] Setting environment variable ROOM_NUMBER in collection to 1 {"applyAtShellIntegration":true,"applyAtProcessCreation":true}
2025-01-24 15:00:35.088 [info] Setting environment variable ROOM_NAME in collection to  {"applyAtShellIntegration":true,"applyAtProcessCreation":true}
2025-01-24 15:00:35.088 [info] Setting environment variable DISPLAY in collection to circle {"applyAtShellIntegration":true,"applyAtProcessCreation":true}
2025-01-24 15:00:35.088 [info] Prepending environment variable PATH in collection with /home/elf/.vscode/extensions/ms-python.python-2024.22.2-linux-x64/python_files/deactivate/zsh:/home/elf/prog/monitor_for_meeting_room/.venv/bin: {"applyAtShellIntegration":true,"applyAtProcessCreation":true}
2025-01-24 15:00:35.088 [info] Setting environment variable VIRTUAL_ENV in collection to /home/elf/prog/monitor_for_meeting_room/.venv {"applyAtShellIntegration":true,"applyAtProcessCreation":true}
2025-01-24 15:00:35.088 [info] Setting environment variable VIRTUAL_ENV_PROMPT in collection to .venv {"applyAtShellIntegration":true,"applyAtProcessCreation":true}
2025-01-24 15:00:35.088 [info] Prepending environment variable PS1 in collection with .venv {"applyAtShellIntegration":true,"applyAtProcessCreation":false}
2025-01-24 15:00:53.101 [info] Discover tests for workspace name: monitor_for_meeting_room - uri: /home/elf/prog/monitor_for_meeting_room/utils/gui.py
2025-01-24 15:01:41.854 [info] Discover tests for workspace name: monitor_for_meeting_room - uri: /home/elf/prog/monitor_for_meeting_room/main.py
2025-01-24 15:01:51.655 [info] Discover tests for workspace name: monitor_for_meeting_room - uri: /home/elf/prog/monitor_for_meeting_room/main.py
2025-01-24 15:01:56.058 [info] Discover tests for workspace name: monitor_for_meeting_room - uri: /home/elf/prog/monitor_for_meeting_room/main.py
2025-01-24 15:02:05.716 [info] Discover tests for workspace name: monitor_for_meeting_room - uri: /home/elf/prog/monitor_for_meeting_room/main.py
2025-01-24 15:02:09.517 [info] Discover tests for workspace name: monitor_for_meeting_room - uri: /home/elf/prog/monitor_for_meeting_room/main.py
2025-01-24 15:02:17.007 [info] Discover tests for workspace name: monitor_for_meeting_room - uri: /home/elf/prog/monitor_for_meeting_room/main.py
2025-01-24 15:18:55.460 [info] Discover tests for workspace name: monitor_for_meeting_room - uri: /home/elf/prog/monitor_for_meeting_room/utils/gui.py
2025-01-24 15:19:24.322 [info] Discover tests for workspace name: monitor_for_meeting_room - uri: /home/elf/prog/monitor_for_meeting_room/utils/gui.py
2025-01-24 15:19:25.857 [info] Discover tests for workspace name: monitor_for_meeting_room - uri: /home/elf/prog/monitor_for_meeting_room/utils/gui.py
2025-01-24 15:19:49.929 [info] Discover tests for workspace name: monitor_for_meeting_room - uri: /home/elf/prog/monitor_for_meeting_room/utils/gui.py
2025-01-24 15:19:53.745 [info] Discover tests for workspace name: monitor_for_meeting_room - uri: /home/elf/prog/monitor_for_meeting_room/utils/gui.py
2025-01-24 15:22:15.498 [info] Discover tests for workspace name: monitor_for_meeting_room - uri: /home/elf/prog/monitor_for_meeting_room/utils/gui.py
2025-01-24 15:22:31.069 [info] Discover tests for workspace name: monitor_for_meeting_room - uri: /home/elf/prog/monitor_for_meeting_room/utils/gui.py
2025-01-24 15:22:51.525 [info] Discover tests for workspace name: monitor_for_meeting_room - uri: /home/elf/prog/monitor_for_meeting_room/utils/gui.py
2025-01-24 15:23:10.330 [info] Discover tests for workspace name: monitor_for_meeting_room - uri: /home/elf/prog/monitor_for_meeting_room/utils/gui.py
2025-01-24 15:23:12.664 [info] Discover tests for workspace name: monitor_for_meeting_room - uri: /home/elf/prog/monitor_for_meeting_room/utils/gui.py
2025-01-24 15:23:18.062 [info] Discover tests for workspace name: monitor_for_meeting_room - uri: /home/elf/prog/monitor_for_meeting_room/utils/gui.py
2025-01-24 15:23:24.102 [info] Discover tests for workspace name: monitor_for_meeting_room - uri: /home/elf/prog/monitor_for_meeting_room/utils/gui.py
2025-01-24 15:23:25.700 [info] Discover tests for workspace name: monitor_for_meeting_room - uri: /home/elf/prog/monitor_for_meeting_room/utils/gui.py
2025-01-24 15:24:11.646 [info] Discover tests for workspace name: monitor_for_meeting_room - uri: /home/elf/prog/monitor_for_meeting_room/utils/request.py
2025-01-24 15:24:31.904 [info] Discover tests for workspace name: monitor_for_meeting_room - uri: /home/elf/prog/monitor_for_meeting_room/utils/request.py
2025-01-24 15:24:33.062 [info] Discover tests for workspace name: monitor_for_meeting_room - uri: /home/elf/prog/monitor_for_meeting_room/utils/request.py
2025-01-24 15:24:35.523 [info] Discover tests for workspace name: monitor_for_meeting_room - uri: /home/elf/prog/monitor_for_meeting_room/utils/request.py
2025-01-24 15:24:41.549 [info] Discover tests for workspace name: monitor_for_meeting_room - uri: /home/elf/prog/monitor_for_meeting_room/utils/request.py
2025-01-24 15:25:07.165 [info] Discover tests for workspace name: monitor_for_meeting_room - uri: /home/elf/prog/monitor_for_meeting_room/utils/request.py
2025-01-24 15:26:20.733 [info] Discover tests for workspace name: monitor_for_meeting_room - uri: /home/elf/prog/monitor_for_meeting_room/utils/request.py
2025-01-24 15:51:53.648 [info] Discover tests for workspace name: monitor_for_meeting_room - uri: /home/elf/prog/monitor_for_meeting_room/utils/request.py
2025-01-24 15:53:33.293 [info] Discover tests for workspace name: monitor_for_meeting_room - uri: /home/elf/prog/monitor_for_meeting_room/utils/request.py
2025-01-24 15:53:48.778 [info] Discover tests for workspace name: monitor_for_meeting_room - uri: /home/elf/prog/monitor_for_meeting_room/utils/request.py
2025-01-24 15:55:29.063 [info] Discover tests for workspace name: monitor_for_meeting_room - uri: /home/elf/prog/monitor_for_meeting_room/utils/gui.py
2025-01-24 15:56:53.691 [info] > . ./.venv/bin/activate && echo 'e8b39361-0157-4923-80e1-22d70d46dee6' && python ~/.vscode/extensions/ms-python.python-2024.22.2-linux-x64/python_files/printEnvVariables.py
2025-01-24 15:56:53.691 [info] shell: zsh
2025-01-24 15:56:53.714 [info] Setting environment variable URL in collection to  {"applyAtShellIntegration":true,"applyAtProcessCreation":true}
2025-01-24 15:56:53.714 [info] Setting environment variable ROOM_NUMBER in collection to 1 {"applyAtShellIntegration":true,"applyAtProcessCreation":true}
2025-01-24 15:56:53.714 [info] Setting environment variable ROOM_NAME in collection to  {"applyAtShellIntegration":true,"applyAtProcessCreation":true}
2025-01-24 15:56:53.714 [info] Setting environment variable DISPLAY in collection to circle {"applyAtShellIntegration":true,"applyAtProcessCreation":true}
2025-01-24 15:56:53.714 [info] Prepending environment variable PATH in collection with /home/elf/.vscode/extensions/ms-python.python-2024.22.2-linux-x64/python_files/deactivate/zsh:/home/elf/prog/monitor_for_meeting_room/.venv/bin: {"applyAtShellIntegration":true,"applyAtProcessCreation":true}
2025-01-24 15:56:53.714 [info] Setting environment variable VIRTUAL_ENV in collection to /home/elf/prog/monitor_for_meeting_room/.venv {"applyAtShellIntegration":true,"applyAtProcessCreation":true}
2025-01-24 15:56:53.714 [info] Setting environment variable VIRTUAL_ENV_PROMPT in collection to .venv {"applyAtShellIntegration":true,"applyAtProcessCreation":true}
2025-01-24 15:56:53.714 [info] Prepending environment variable PS1 in collection with .venv {"applyAtShellIntegration":true,"applyAtProcessCreation":false}
2025-01-24 15:57:00.376 [info] > . ./.venv/bin/activate && echo 'e8b39361-0157-4923-80e1-22d70d46dee6' && python ~/.vscode/extensions/ms-python.python-2024.22.2-linux-x64/python_files/printEnvVariables.py
2025-01-24 15:57:00.376 [info] shell: zsh
2025-01-24 15:57:00.395 [info] Setting environment variable URL in collection to  {"applyAtShellIntegration":true,"applyAtProcessCreation":true}
2025-01-24 15:57:00.395 [info] Setting environment variable ROOM_NUMBER in collection to 1 {"applyAtShellIntegration":true,"applyAtProcessCreation":true}
2025-01-24 15:57:00.395 [info] Setting environment variable ROOM_NAME in collection to  {"applyAtShellIntegration":true,"applyAtProcessCreation":true}
2025-01-24 15:57:00.395 [info] Setting environment variable DISPL in collection to circle {"applyAtShellIntegration":true,"applyAtProcessCreation":true}
2025-01-24 15:57:00.395 [info] Prepending environment variable PATH in collection with /home/elf/.vscode/extensions/ms-python.python-2024.22.2-linux-x64/python_files/deactivate/zsh:/home/elf/prog/monitor_for_meeting_room/.venv/bin: {"applyAtShellIntegration":true,"applyAtProcessCreation":true}
2025-01-24 15:57:00.395 [info] Setting environment variable VIRTUAL_ENV in collection to /home/elf/prog/monitor_for_meeting_room/.venv {"applyAtShellIntegration":true,"applyAtProcessCreation":true}
2025-01-24 15:57:00.395 [info] Setting environment variable VIRTUAL_ENV_PROMPT in collection to .venv {"applyAtShellIntegration":true,"applyAtProcessCreation":true}
2025-01-24 15:57:00.395 [info] Prepending environment variable PS1 in collection with .venv {"applyAtShellIntegration":true,"applyAtProcessCreation":false}
2025-01-24 15:57:05.188 [info] Discover tests for workspace name: monitor_for_meeting_room - uri: /home/elf/prog/monitor_for_meeting_room/main.py
2025-01-24 15:57:30.915 [info] Discover tests for workspace name: monitor_for_meeting_room - uri: /home/elf/prog/monitor_for_meeting_room/main.py
2025-01-24 15:58:31.642 [info] Discover tests for workspace name: monitor_for_meeting_room - uri: /home/elf/prog/monitor_for_meeting_room/main.py
2025-01-24 15:59:42.986 [info] Discover tests for workspace name: monitor_for_meeting_room - uri: /home/elf/prog/monitor_for_meeting_room/main.py
2025-01-24 16:00:01.986 [info] Discover tests for workspace name: monitor_for_meeting_room - uri: /home/elf/prog/monitor_for_meeting_room/main.py
2025-01-24 16:01:10.890 [info] Discover tests for workspace name: monitor_for_meeting_room - uri: /home/elf/prog/monitor_for_meeting_room/utils/gui.py
2025-01-24 16:01:14.544 [info] Discover tests for workspace name: monitor_for_meeting_room - uri: /home/elf/prog/monitor_for_meeting_room/utils/gui.py
2025-01-24 16:01:16.953 [info] Discover tests for workspace name: monitor_for_meeting_room - uri: /home/elf/prog/monitor_for_meeting_room/utils/gui.py
2025-01-24 16:01:36.480 [info] Discover tests for workspace name: monitor_for_meeting_room - uri: /home/elf/prog/monitor_for_meeting_room/utils/gui.py
2025-01-24 16:01:58.210 [info] Discover tests for workspace name: monitor_for_meeting_room - uri: /home/elf/prog/monitor_for_meeting_room/utils/gui.py
2025-01-24 16:02:17.436 [info] Discover tests for workspace name: monitor_for_meeting_room - uri: /home/elf/prog/monitor_for_meeting_room/utils/gui.py
2025-01-24 16:04:11.580 [info] Discover tests for workspace name: monitor_for_meeting_room - uri: /home/elf/prog/monitor_for_meeting_room/utils/gui.py
2025-01-24 16:04:27.555 [info] Discover tests for workspace name: monitor_for_meeting_room - uri: /home/elf/prog/monitor_for_meeting_room/utils/gui.py
2025-01-24 16:04:34.588 [info] Discover tests for workspace name: monitor_for_meeting_room - uri: /home/elf/prog/monitor_for_meeting_room/utils/gui.py
2025-01-24 16:04:39.533 [info] Discover tests for workspace name: monitor_for_meeting_room - uri: /home/elf/prog/monitor_for_meeting_room/utils/gui.py
2025-01-24 16:04:43.079 [info] Discover tests for workspace name: monitor_for_meeting_room - uri: /home/elf/prog/monitor_for_meeting_room/main.py
2025-01-24 16:04:50.749 [info] Discover tests for workspace name: monitor_for_meeting_room - uri: /home/elf/prog/monitor_for_meeting_room/utils/gui.py
2025-01-24 16:05:05.562 [info] Discover tests for workspace name: monitor_for_meeting_room - uri: /home/elf/prog/monitor_for_meeting_room/utils/gui.py
2025-01-24 16:05:30.317 [info] Discover tests for workspace name: monitor_for_meeting_room - uri: /home/elf/prog/monitor_for_meeting_room/utils/gui.py
2025-01-24 16:05:31.328 [info] Discover tests for workspace name: monitor_for_meeting_room - uri: /home/elf/prog/monitor_for_meeting_room/utils/gui.py
2025-01-24 16:05:32.526 [info] Discover tests for workspace name: monitor_for_meeting_room - uri: /home/elf/prog/monitor_for_meeting_room/utils/gui.py
2025-01-24 16:05:46.207 [info] Discover tests for workspace name: monitor_for_meeting_room - uri: /home/elf/prog/monitor_for_meeting_room/utils/gui.py
2025-01-24 16:07:07.708 [info] Discover tests for workspace name: monitor_for_meeting_room - uri: /home/elf/prog/monitor_for_meeting_room/utils/gui.py
2025-01-24 16:07:35.083 [info] Discover tests for workspace name: monitor_for_meeting_room - uri: /home/elf/prog/monitor_for_meeting_room/utils/gui.py
2025-01-24 16:08:38.819 [info] Discover tests for workspace name: monitor_for_meeting_room - uri: /home/elf/prog/monitor_for_meeting_room/utils/gui.py
2025-01-24 16:08:56.967 [info] Running installed packages checker:  {
  id: '/home/elf/prog/monitor_for_meeting_room/.venv/bin/python',
  sysPrefix: '/home/elf/prog/monitor_for_meeting_room/.venv',
  envType: 'Venv',
  envName: '.venv',
  envPath: '/home/elf/prog/monitor_for_meeting_room/.venv',
  path: '/home/elf/prog/monitor_for_meeting_room/.venv/bin/python',
  architecture: 3,
  sysVersion: '3.13.1 (main, Dec  4 2024, 18:05:56) [GCC 14.2.1 20240910]',
  version: {
    raw: '3.13.1',
    major: 3,
    minor: 13,
    patch: 1,
    build: [],
    prerelease: [ 'final', '0' ]
  },
  displayName: "Python 3.13.1 ('.venv')",
  detailedDisplayName: "Python 3.13.1 ('.venv': venv)",
  type: 'Virtual'
} /home/elf/.vscode/extensions/ms-python.python-2024.22.2-linux-x64/python_files/installed_check.py /home/elf/prog/monitor_for_meeting_room/requirements.txt
2025-01-24 16:08:56.967 [info] > ./.venv/bin/python ~/.vscode/extensions/ms-python.python-2024.22.2-linux-x64/python_files/installed_check.py ./requirements.txt
2025-01-24 16:09:01.083 [info] Running installed packages checker:  {
  id: '/home/elf/prog/monitor_for_meeting_room/.venv/bin/python',
  sysPrefix: '/home/elf/prog/monitor_for_meeting_room/.venv',
  envType: 'Venv',
  envName: '.venv',
  envPath: '/home/elf/prog/monitor_for_meeting_room/.venv',
  path: '/home/elf/prog/monitor_for_meeting_room/.venv/bin/python',
  architecture: 3,
  sysVersion: '3.13.1 (main, Dec  4 2024, 18:05:56) [GCC 14.2.1 20240910]',
  version: {
    raw: '3.13.1',
    major: 3,
    minor: 13,
    patch: 1,
    build: [],
    prerelease: [ 'final', '0' ]
  },
  displayName: "Python 3.13.1 ('.venv')",
  detailedDisplayName: "Python 3.13.1 ('.venv': venv)",
  type: 'Virtual'
} /home/elf/.vscode/extensions/ms-python.python-2024.22.2-linux-x64/python_files/installed_check.py /home/elf/prog/monitor_for_meeting_room/requirements.txt
2025-01-24 16:09:01.083 [info] > ./.venv/bin/python ~/.vscode/extensions/ms-python.python-2024.22.2-linux-x64/python_files/installed_check.py ./requirements.txt
2025-01-24 16:09:03.339 [info] Discover tests for workspace name: monitor_for_meeting_room - uri: /home/elf/prog/monitor_for_meeting_room/utils/gui.py
2025-01-24 16:09:07.615 [info] Discover tests for workspace name: monitor_for_meeting_room - uri: /home/elf/prog/monitor_for_meeting_room/utils/gui.py
2025-01-24 16:09:24.863 [info] Discover tests for workspace name: monitor_for_meeting_room - uri: /home/elf/prog/monitor_for_meeting_room/utils/gui.py
2025-01-24 16:09:25.668 [info] Discover tests for workspace name: monitor_for_meeting_room - uri: /home/elf/prog/monitor_for_meeting_room/utils/gui.py
2025-01-24 16:09:27.224 [info] Discover tests for workspace name: monitor_for_meeting_room - uri: /home/elf/prog/monitor_for_meeting_room/utils/gui.py
2025-01-24 16:11:25.508 [info] Discover tests for workspace name: monitor_for_meeting_room - uri: /home/elf/prog/monitor_for_meeting_room/utils/gui.py
2025-01-24 16:11:50.376 [info] Discover tests for workspace name: monitor_for_meeting_room - uri: /home/elf/prog/monitor_for_meeting_room/utils/gui.py
2025-01-24 16:12:09.593 [info] Discover tests for workspace name: monitor_for_meeting_room - uri: /home/elf/prog/monitor_for_meeting_room/utils/gui.py
2025-01-24 16:12:22.095 [info] Discover tests for workspace name: monitor_for_meeting_room - uri: /home/elf/prog/monitor_for_meeting_room/utils/gui.py
2025-01-24 16:12:23.860 [info] Discover tests for workspace name: monitor_for_meeting_room - uri: /home/elf/prog/monitor_for_meeting_room/utils/gui.py
2025-01-24 16:13:10.157 [info] Discover tests for workspace name: monitor_for_meeting_room - uri: /home/elf/prog/monitor_for_meeting_room/utils/gui.py
2025-01-24 16:13:46.211 [info] Discover tests for workspace name: monitor_for_meeting_room - uri: /home/elf/prog/monitor_for_meeting_room/utils/gui.py
2025-01-24 16:14:44.112 [info] Discover tests for workspace name: monitor_for_meeting_room - uri: /home/elf/prog/monitor_for_meeting_room/utils/gui.py
2025-01-24 16:14:46.650 [info] Discover tests for workspace name: monitor_for_meeting_room - uri: /home/elf/prog/monitor_for_meeting_room/utils/gui.py
2025-01-24 16:15:09.366 [info] Discover tests for workspace name: monitor_for_meeting_room - uri: /home/elf/prog/monitor_for_meeting_room/utils/gui.py
2025-01-24 16:15:16.473 [info] Discover tests for workspace name: monitor_for_meeting_room - uri: /home/elf/prog/monitor_for_meeting_room/utils/gui.py
2025-01-24 16:15:18.199 [info] Discover tests for workspace name: monitor_for_meeting_room - uri: /home/elf/prog/monitor_for_meeting_room/utils/gui.py
2025-01-24 16:16:33.097 [info] Discover tests for workspace name: monitor_for_meeting_room - uri: /home/elf/prog/monitor_for_meeting_room/utils/gui.py
2025-01-24 16:16:40.208 [info] Discover tests for workspace name: monitor_for_meeting_room - uri: /home/elf/prog/monitor_for_meeting_room/utils/gui.py
2025-01-24 16:16:42.613 [info] Discover tests for workspace name: monitor_for_meeting_room - uri: /home/elf/prog/monitor_for_meeting_room/utils/gui.py
2025-01-24 16:16:53.654 [info] Discover tests for workspace name: monitor_for_meeting_room - uri: /home/elf/prog/monitor_for_meeting_room/utils/gui.py
2025-01-24 16:16:59.206 [info] Discover tests for workspace name: monitor_for_meeting_room - uri: /home/elf/prog/monitor_for_meeting_room/utils/gui.py
2025-01-24 16:17:09.675 [info] Discover tests for workspace name: monitor_for_meeting_room - uri: /home/elf/prog/monitor_for_meeting_room/main.py
2025-01-24 16:17:11.730 [info] Discover tests for workspace name: monitor_for_meeting_room - uri: /home/elf/prog/monitor_for_meeting_room/main.py
2025-01-24 16:17:13.363 [info] Discover tests for workspace name: monitor_for_meeting_room - uri: /home/elf/prog/monitor_for_meeting_room/main.py
2025-01-24 16:17:18.810 [info] Discover tests for workspace name: monitor_for_meeting_room - uri: /home/elf/prog/monitor_for_meeting_room/main.py
2025-01-24 16:17:26.789 [info] Discover tests for workspace name: monitor_for_meeting_room - uri: /home/elf/prog/monitor_for_meeting_room/main.py
2025-01-24 16:17:31.636 [info] Discover tests for workspace name: monitor_for_meeting_room - uri: /home/elf/prog/monitor_for_meeting_room/main.py
2025-01-24 16:17:35.025 [info] Discover tests for workspace name: monitor_for_meeting_room - uri: /home/elf/prog/monitor_for_meeting_room/main.py
2025-01-24 16:17:36.584 [info] Discover tests for workspace name: monitor_for_meeting_room - uri: /home/elf/prog/monitor_for_meeting_room/main.py
2025-01-24 16:18:18.182 [info] Discover tests for workspace name: monitor_for_meeting_room - uri: /home/elf/prog/monitor_for_meeting_room/main.py
2025-01-24 16:18:24.067 [info] Discover tests for workspace name: monitor_for_meeting_room - uri: /home/elf/prog/monitor_for_meeting_room/main.py
2025-01-24 16:18:27.726 [info] Discover tests for workspace name: monitor_for_meeting_room - uri: /home/elf/prog/monitor_for_meeting_room/main.py
2025-01-24 16:24:46.768 [info] Discover tests for workspace name: monitor_for_meeting_room - uri: /home/elf/prog/monitor_for_meeting_room/utils/json.py
2025-01-24 16:25:59.714 [info] Discover tests for workspace name: monitor_for_meeting_room - uri: /home/elf/prog/monitor_for_meeting_room/utils/json.py
2025-01-24 16:26:01.418 [info] Discover tests for workspace name: monitor_for_meeting_room - uri: /home/elf/prog/monitor_for_meeting_room/utils/json.py
2025-01-24 16:29:52.773 [info] Discover tests for workspace name: monitor_for_meeting_room - uri: /home/elf/prog/monitor_for_meeting_room/utils/json.py
2025-01-24 16:29:56.054 [info] Discover tests for workspace name: monitor_for_meeting_room - uri: /home/elf/prog/monitor_for_meeting_room/utils/json.py
2025-01-24 16:30:34.664 [info] Discover tests for workspace name: monitor_for_meeting_room - uri: /home/elf/prog/monitor_for_meeting_room/utils/json.py
2025-01-24 16:30:39.550 [info] Discover tests for workspace name: monitor_for_meeting_room - uri: /home/elf/prog/monitor_for_meeting_room/utils/json.py
2025-01-24 16:30:40.951 [info] Discover tests for workspace name: monitor_for_meeting_room - uri: /home/elf/prog/monitor_for_meeting_room/utils/json.py
2025-01-24 16:30:58.433 [info] Discover tests for workspace name: monitor_for_meeting_room - uri: /home/elf/prog/monitor_for_meeting_room/utils/json.py
2025-01-24 16:31:01.091 [info] Discover tests for workspace name: monitor_for_meeting_room - uri: /home/elf/prog/monitor_for_meeting_room/utils/json.py
2025-01-24 16:31:31.812 [info] Discover tests for workspace name: monitor_for_meeting_room - uri: /home/elf/prog/monitor_for_meeting_room/utils/gui.py
2025-01-24 16:32:09.399 [info] Discover tests for workspace name: monitor_for_meeting_room - uri: /home/elf/prog/monitor_for_meeting_room/utils/json.py
2025-01-24 16:32:51.808 [info] Discover tests for workspace name: monitor_for_meeting_room - uri: /home/elf/prog/monitor_for_meeting_room/utils/json.py
2025-01-24 16:33:01.856 [info] Discover tests for workspace name: monitor_for_meeting_room - uri: /home/elf/prog/monitor_for_meeting_room/utils/json.py
2025-01-24 16:33:05.844 [info] Discover tests for workspace name: monitor_for_meeting_room - uri: /home/elf/prog/monitor_for_meeting_room/utils/json.py
2025-01-24 16:50:31.891 [info] Discover tests for workspace name: monitor_for_meeting_room - uri: /home/elf/prog/monitor_for_meeting_room/utils/gui.py
2025-01-24 16:55:33.493 [info] Discover tests for workspace name: monitor_for_meeting_room - uri: /home/elf/prog/monitor_for_meeting_room/utils/gui.py
2025-01-24 16:55:51.176 [info] Discover tests for workspace name: monitor_for_meeting_room - uri: /home/elf/prog/monitor_for_meeting_room/utils/gui.py
2025-01-24 16:55:52.996 [info] Discover tests for workspace name: monitor_for_meeting_room - uri: /home/elf/prog/monitor_for_meeting_room/utils/gui.py
2025-01-24 16:56:16.110 [info] Running installed packages checker:  {
  id: '/home/elf/prog/monitor_for_meeting_room/.venv/bin/python',
  sysPrefix: '/home/elf/prog/monitor_for_meeting_room/.venv',
  envType: 'Venv',
  envName: '.venv',
  envPath: '/home/elf/prog/monitor_for_meeting_room/.venv',
  path: '/home/elf/prog/monitor_for_meeting_room/.venv/bin/python',
  architecture: 3,
  sysVersion: '3.13.1 (main, Dec  4 2024, 18:05:56) [GCC 14.2.1 20240910]',
  version: {
    raw: '3.13.1',
    major: 3,
    minor: 13,
    patch: 1,
    build: [],
    prerelease: [ 'final', '0' ]
  },
  displayName: "Python 3.13.1 ('.venv')",
  detailedDisplayName: "Python 3.13.1 ('.venv': venv)",
  type: 'Virtual'
} /home/elf/.vscode/extensions/ms-python.python-2024.22.2-linux-x64/python_files/installed_check.py /home/elf/prog/monitor_for_meeting_room/requirements.txt
2025-01-24 16:56:16.110 [info] > ./.venv/bin/python ~/.vscode/extensions/ms-python.python-2024.22.2-linux-x64/python_files/installed_check.py ./requirements.txt
2025-01-24 16:56:18.318 [info] Running installed packages checker:  {
  id: '/home/elf/prog/monitor_for_meeting_room/.venv/bin/python',
  sysPrefix: '/home/elf/prog/monitor_for_meeting_room/.venv',
  envType: 'Venv',
  envName: '.venv',
  envPath: '/home/elf/prog/monitor_for_meeting_room/.venv',
  path: '/home/elf/prog/monitor_for_meeting_room/.venv/bin/python',
  architecture: 3,
  sysVersion: '3.13.1 (main, Dec  4 2024, 18:05:56) [GCC 14.2.1 20240910]',
  version: {
    raw: '3.13.1',
    major: 3,
    minor: 13,
    patch: 1,
    build: [],
    prerelease: [ 'final', '0' ]
  },
  displayName: "Python 3.13.1 ('.venv')",
  detailedDisplayName: "Python 3.13.1 ('.venv': venv)",
  type: 'Virtual'
} /home/elf/.vscode/extensions/ms-python.python-2024.22.2-linux-x64/python_files/installed_check.py /home/elf/prog/monitor_for_meeting_room/requirements.txt
2025-01-24 16:56:18.318 [info] > ./.venv/bin/python ~/.vscode/extensions/ms-python.python-2024.22.2-linux-x64/python_files/installed_check.py ./requirements.txt
2025-01-24 16:57:07.267 [info] Discover tests for workspace name: monitor_for_meeting_room - uri: /home/elf/prog/monitor_for_meeting_room/utils/gui.py
2025-01-24 16:57:11.752 [info] Discover tests for workspace name: monitor_for_meeting_room - uri: /home/elf/prog/monitor_for_meeting_room/utils/gui.py
2025-01-24 16:57:16.471 [info] Discover tests for workspace name: monitor_for_meeting_room - uri: /home/elf/prog/monitor_for_meeting_room/utils/gui.py
2025-01-24 16:57:32.719 [info] Discover tests for workspace name: monitor_for_meeting_room - uri: /home/elf/prog/monitor_for_meeting_room/utils/gui.py
2025-01-24 16:57:34.163 [info] Discover tests for workspace name: monitor_for_meeting_room - uri: /home/elf/prog/monitor_for_meeting_room/utils/gui.py
2025-01-24 17:01:27.049 [info] Discover tests for workspace name: monitor_for_meeting_room - uri: /home/elf/prog/monitor_for_meeting_room/utils/gui.py
2025-01-24 17:02:06.196 [info] Discover tests for workspace name: monitor_for_meeting_room - uri: /home/elf/prog/monitor_for_meeting_room/utils/gui.py
2025-01-24 17:02:12.764 [info] Discover tests for workspace name: monitor_for_meeting_room - uri: /home/elf/prog/monitor_for_meeting_room/utils/gui.py
2025-01-24 17:36:17.838 [info] Discover tests for workspace name: monitor_for_meeting_room - uri: /home/elf/prog/monitor_for_meeting_room/utils/gui.py
2025-01-24 17:36:24.108 [info] Discover tests for workspace name: monitor_for_meeting_room - uri: /home/elf/prog/monitor_for_meeting_room/utils/gui.py
2025-01-24 17:36:56.132 [info] Discover tests for workspace name: monitor_for_meeting_room - uri: /home/elf/prog/monitor_for_meeting_room/utils/gui.py
2025-01-24 17:37:15.987 [info] Discover tests for workspace name: monitor_for_meeting_room - uri: /home/elf/prog/monitor_for_meeting_room/utils/gui.py
2025-01-24 17:37:42.467 [info] Discover tests for workspace name: monitor_for_meeting_room - uri: /home/elf/prog/monitor_for_meeting_room/utils/gui.py
2025-01-24 17:37:45.978 [info] Discover tests for workspace name: monitor_for_meeting_room - uri: /home/elf/prog/monitor_for_meeting_room/utils/gui.py
2025-01-24 17:37:54.010 [info] Discover tests for workspace name: monitor_for_meeting_room - uri: /home/elf/prog/monitor_for_meeting_room/utils/gui.py
2025-01-24 17:37:56.794 [info] Discover tests for workspace name: monitor_for_meeting_room - uri: /home/elf/prog/monitor_for_meeting_room/utils/gui.py
2025-01-24 17:37:58.208 [info] Discover tests for workspace name: monitor_for_meeting_room - uri: /home/elf/prog/monitor_for_meeting_room/utils/gui.py
2025-01-24 17:38:01.008 [info] Discover tests for workspace name: monitor_for_meeting_room - uri: /home/elf/prog/monitor_for_meeting_room/utils/gui.py
2025-01-24 17:38:02.343 [info] Discover tests for workspace name: monitor_for_meeting_room - uri: /home/elf/prog/monitor_for_meeting_room/utils/gui.py
2025-01-24 17:38:14.003 [info] Discover tests for workspace name: monitor_for_meeting_room - uri: /home/elf/prog/monitor_for_meeting_room/utils/gui.py
2025-01-24 17:38:19.384 [info] Discover tests for workspace name: monitor_for_meeting_room - uri: /home/elf/prog/monitor_for_meeting_room/utils/gui.py
2025-01-24 17:38:38.877 [info] Discover tests for workspace name: monitor_for_meeting_room - uri: /home/elf/prog/monitor_for_meeting_room/utils/gui.py
2025-01-24 17:39:07.080 [info] Discover tests for workspace name: monitor_for_meeting_room - uri: /home/elf/prog/monitor_for_meeting_room/utils/gui.py
2025-01-24 17:39:53.816 [info] Discover tests for workspace name: monitor_for_meeting_room - uri: /home/elf/prog/monitor_for_meeting_room/utils/json.py
