2025-01-24 19:40:53.406 [info] Getting Manifest... blackboxapp.blackboxagent
2025-01-24 19:40:54.018 [info] Installing extension: blackboxapp.blackboxagent {"context":{"extensionInstallSource":"command"},"pinned":false,"productVersion":{"version":"1.96.0","date":"2024-12-11T02:29:09.626Z"},"operation":3,"isApplicationScoped":false,"profileLocation":{"$mid":1,"external":"vscode-userdata:/home/elf/.vscode/extensions/extensions.json","path":"/home/elf/.vscode/extensions/extensions.json","scheme":"vscode-userdata"},"installOnlyNewlyAddedFromExtensionPack":true}
2025-01-24 19:40:54.102 [info] Extension installed successfully: blackboxapp.blackboxagent vscode-userdata:/home/elf/.vscode/extensions/extensions.json
2025-01-24 19:40:54.170 [error] [uncaught exception in sharedProcess]: Error: ENOENT: no such file or directory, stat '/home/elf/.vscode/extensions/extensions.json.vsctmp': EntryNotFound (FileSystemError): Error: ENOENT: no such file or directory, stat '/home/elf/.vscode/extensions/extensions.json.vsctmp'
    at Gm.create (file:///opt/visual-studio-code/resources/app/out/vs/code/electron-utility/sharedProcess/sharedProcessMain.js:35:39624)
    at xs (file:///opt/visual-studio-code/resources/app/out/vs/code/electron-utility/sharedProcess/sharedProcessMain.js:35:39731)
    at Vr.ib (file:///opt/visual-studio-code/resources/app/out/vs/code/electron-utility/sharedProcess/sharedProcessMain.js:78:22778)
    at Vr.stat (file:///opt/visual-studio-code/resources/app/out/vs/code/electron-utility/sharedProcess/sharedProcessMain.js:78:16010)
    at async wh.stat (file:///opt/visual-studio-code/resources/app/out/vs/code/electron-utility/sharedProcess/sharedProcessMain.js:77:85488)
    at async fh.Ab (file:///opt/visual-studio-code/resources/app/out/vs/code/electron-utility/sharedProcess/sharedProcessMain.js:77:67180)
2025-01-24 19:40:58.582 [info] Getting Manifest... blackboxapp.blackboxagent
2025-01-24 19:40:59.183 [info] Installing extension: blackboxapp.blackboxagent {"context":{"extensionInstallSource":"command"},"pinned":false,"productVersion":{"version":"1.96.0","date":"2024-12-11T02:29:09.626Z"},"operation":3,"isApplicationScoped":false,"profileLocation":{"$mid":1,"external":"vscode-userdata:/home/elf/.vscode/extensions/extensions.json","path":"/home/elf/.vscode/extensions/extensions.json","scheme":"vscode-userdata"},"installOnlyNewlyAddedFromExtensionPack":true}
2025-01-24 19:40:59.274 [info] Extension installed successfully: blackboxapp.blackboxagent vscode-userdata:/home/elf/.vscode/extensions/extensions.json
2025-01-24 19:40:59.337 [error] [uncaught exception in sharedProcess]: Error: ENOENT: no such file or directory, stat '/home/elf/.vscode/extensions/extensions.json.vsctmp': EntryNotFound (FileSystemError): Error: ENOENT: no such file or directory, stat '/home/elf/.vscode/extensions/extensions.json.vsctmp'
    at Gm.create (file:///opt/visual-studio-code/resources/app/out/vs/code/electron-utility/sharedProcess/sharedProcessMain.js:35:39624)
    at xs (file:///opt/visual-studio-code/resources/app/out/vs/code/electron-utility/sharedProcess/sharedProcessMain.js:35:39731)
    at Vr.ib (file:///opt/visual-studio-code/resources/app/out/vs/code/electron-utility/sharedProcess/sharedProcessMain.js:78:22778)
    at Vr.stat (file:///opt/visual-studio-code/resources/app/out/vs/code/electron-utility/sharedProcess/sharedProcessMain.js:78:16010)
    at async wh.stat (file:///opt/visual-studio-code/resources/app/out/vs/code/electron-utility/sharedProcess/sharedProcessMain.js:77:85488)
    at async fh.Ab (file:///opt/visual-studio-code/resources/app/out/vs/code/electron-utility/sharedProcess/sharedProcessMain.js:77:67180)
2025-01-24 19:42:46.782 [info] Getting Manifest... blackboxapp.blackboxagent
2025-01-24 19:42:47.397 [info] Installing extension: blackboxapp.blackboxagent {"context":{"extensionInstallSource":"command"},"pinned":false,"productVersion":{"version":"1.96.4","date":"2025-01-16T00:13:50.682Z"},"operation":3,"isApplicationScoped":false,"profileLocation":{"$mid":1,"external":"vscode-userdata:/home/elf/.vscode/extensions/extensions.json","path":"/home/elf/.vscode/extensions/extensions.json","scheme":"vscode-userdata"},"installOnlyNewlyAddedFromExtensionPack":true}
2025-01-24 19:42:47.488 [info] Extension installed successfully: blackboxapp.blackboxagent vscode-userdata:/home/elf/.vscode/extensions/extensions.json
2025-01-24 19:42:47.549 [error] [uncaught exception in sharedProcess]: Error: ENOENT: no such file or directory, stat '/home/elf/.vscode/extensions/extensions.json.vsctmp': EntryNotFound (FileSystemError): Error: ENOENT: no such file or directory, stat '/home/elf/.vscode/extensions/extensions.json.vsctmp'
    at Gm.create (file:///opt/visual-studio-code/resources/app/out/vs/code/electron-utility/sharedProcess/sharedProcessMain.js:35:39624)
    at xs (file:///opt/visual-studio-code/resources/app/out/vs/code/electron-utility/sharedProcess/sharedProcessMain.js:35:39731)
    at Vr.ib (file:///opt/visual-studio-code/resources/app/out/vs/code/electron-utility/sharedProcess/sharedProcessMain.js:78:22778)
    at Vr.stat (file:///opt/visual-studio-code/resources/app/out/vs/code/electron-utility/sharedProcess/sharedProcessMain.js:78:16010)
    at async wh.stat (file:///opt/visual-studio-code/resources/app/out/vs/code/electron-utility/sharedProcess/sharedProcessMain.js:77:85488)
    at async fh.Ab (file:///opt/visual-studio-code/resources/app/out/vs/code/electron-utility/sharedProcess/sharedProcessMain.js:77:67180)
2025-01-24 19:48:07.629 [error] [network] #25: https://main.vscode-cdn.net/extensions/marketplace.json - error GET net::ERR_SOCKET_NOT_CONNECTED
2025-01-24 19:57:07.710 [error] [network] #36: https://mobile.events.data.microsoft.com/OneCollector/1.0?cors=true&content-type=application/x-json-stream - error POST net::ERR_CONNECTION_RESET
2025-01-24 19:57:07.717 [error] [network] #37: https://mobile.events.data.microsoft.com/OneCollector/1.0?cors=true&content-type=application/x-json-stream - error POST net::ERR_NETWORK_CHANGED
2025-01-24 19:57:10.546 [error] [network] #38: https://mobile.events.data.microsoft.com/OneCollector/1.0?cors=true&content-type=application/x-json-stream - error POST net::ERR_NETWORK_CHANGED
2025-01-24 19:57:11.746 [error] [network] #39: https://mobile.events.data.microsoft.com/OneCollector/1.0?cors=true&content-type=application/x-json-stream - error POST net::ERR_NETWORK_CHANGED
