2025-01-26 13:41:12.735 [info] Reading sessions from keychain...
2025-01-26 13:41:12.735 [info] Getting sessions for all scopes...
2025-01-26 13:41:12.735 [info] Getting sessions for all scopes...
2025-01-26 13:41:12.735 [info] Getting sessions for all scopes...
2025-01-26 13:41:12.735 [info] Getting sessions for all scopes...
2025-01-26 13:41:12.735 [info] Getting sessions for all scopes...
2025-01-26 13:41:12.735 [info] Getting sessions for all scopes...
2025-01-26 13:41:12.735 [info] Getting sessions for all scopes...
2025-01-26 13:41:12.764 [info] Got stored sessions!
2025-01-26 13:41:12.764 [info] Got 1 verified sessions.
2025-01-26 13:41:12.765 [info] Got 1 sessions for ...
2025-01-26 13:41:12.765 [info] Got 1 sessions for ...
2025-01-26 13:41:12.765 [info] Got 1 sessions for ...
2025-01-26 13:41:12.765 [info] Got 1 sessions for ...
2025-01-26 13:41:12.765 [info] Got 1 sessions for ...
2025-01-26 13:41:12.765 [info] Got 1 sessions for ...
2025-01-26 13:41:12.765 [info] Got 1 sessions for ...
2025-01-26 13:41:14.311 [info] Getting sessions for all scopes...
2025-01-26 13:41:14.311 [info] Got 1 sessions for ...
2025-01-26 13:41:16.577 [info] Getting sessions for read:user,repo,user:email,workflow...
2025-01-26 13:41:16.577 [info] Got 1 sessions for read:user,repo,user:email,workflow...
2025-01-26 13:41:18.800 [info] Getting sessions for read:user,repo,user:email,workflow...
2025-01-26 13:41:18.800 [info] Got 1 sessions for read:user,repo,user:email,workflow...
