2025-01-24 19:40:52.909 [info] [main] Log level: Info
2025-01-24 19:40:52.909 [info] [main] Validating found git in: "git"
2025-01-24 19:40:52.909 [info] [main] Using git "2.48.1" from "git"
2025-01-24 19:40:52.909 [info] [Model][doInitialScan] Initial repository scan started
2025-01-24 19:40:52.909 [info] > git rev-parse --show-toplevel [48ms]
2025-01-24 19:40:52.909 [info] > git rev-parse --git-dir --git-common-dir [64ms]
2025-01-24 19:40:52.909 [info] [Model][openRepository] Opened repository: /home/elf/prog/monitor_for_meeting_room
2025-01-24 19:40:52.959 [info] > git rev-parse --show-toplevel [29ms]
2025-01-24 19:40:52.960 [info] > git config --get commit.template [34ms]
2025-01-24 19:40:52.979 [info] > git for-each-ref --format=%(refname)%00%(upstream:short)%00%(objectname)%00%(upstream:track)%00%(upstream:remotename)%00%(upstream:remoteref) refs/heads/master refs/remotes/master [3ms]
2025-01-24 19:40:52.980 [info] > git rev-parse --show-toplevel [9ms]
2025-01-24 19:40:52.991 [info] > git rev-parse --show-toplevel [2ms]
2025-01-24 19:40:53.011 [info] > git status -z -uall [14ms]
2025-01-24 19:40:53.012 [info] > git for-each-ref --sort -committerdate --format %(refname) %(objectname) %(*objectname) [8ms]
2025-01-24 19:40:53.036 [info] > git for-each-ref --format=%(refname)%00%(upstream:short)%00%(objectname)%00%(upstream:track)%00%(upstream:remotename)%00%(upstream:remoteref) refs/heads/master refs/remotes/master [12ms]
2025-01-24 19:40:53.045 [info] > git rev-parse --show-toplevel [35ms]
2025-01-24 19:40:53.048 [info] [Model][doInitialScan] Initial repository scan completed - repositories (1), closed repositories (0), parent repositories (0), unsafe repositories (0)
2025-01-24 19:40:53.057 [info] > git config --local branch.master.vscode-merge-base [12ms]
2025-01-24 19:40:53.062 [info] > git config --get commit.template [26ms]
2025-01-24 19:40:53.077 [info] > git for-each-ref --format=%(refname)%00%(upstream:short)%00%(objectname)%00%(upstream:track)%00%(upstream:remotename)%00%(upstream:remoteref) refs/heads/origin/master refs/remotes/origin/master [16ms]
2025-01-24 19:40:53.109 [info] > git merge-base refs/heads/master refs/remotes/origin/master [27ms]
2025-01-24 19:40:53.120 [info] > git diff --name-status -z --diff-filter=ADMR 57c45b7789356cd85c9c8d43cdb7dafa28f07656...refs/remotes/origin/master [6ms]
2025-01-24 19:40:53.121 [info] > git for-each-ref --format=%(refname)%00%(upstream:short)%00%(objectname)%00%(upstream:track)%00%(upstream:remotename)%00%(upstream:remoteref) refs/heads/master refs/remotes/master [22ms]
2025-01-24 19:40:53.172 [info] > git status -z -uall [29ms]
2025-01-24 19:40:53.173 [info] > git for-each-ref --sort -committerdate --format %(refname) %(objectname) %(*objectname) [26ms]
2025-01-24 19:40:53.338 [info] > git show --textconv :utils/json.py [8ms]
2025-01-24 19:40:53.339 [info] > git ls-files --stage -- /home/elf/prog/monitor_for_meeting_room/utils/json.py [1ms]
2025-01-24 19:40:53.347 [info] > git cat-file -s dfa20b580565d754dd1716d67afe0c5399f846cc [3ms]
2025-01-24 19:40:53.372 [info] > git blame --root --incremental 57c45b7789356cd85c9c8d43cdb7dafa28f07656 -- /home/elf/prog/monitor_for_meeting_room/utils/json.py [3ms]
2025-01-24 19:40:53.486 [info] > git check-ignore -v -z --stdin [5ms]
2025-01-24 19:40:59.008 [info] [main] Log level: Info
2025-01-24 19:40:59.008 [info] [main] Validating found git in: "git"
2025-01-24 19:40:59.008 [info] [main] Using git "2.48.1" from "git"
2025-01-24 19:40:59.008 [info] [Model][doInitialScan] Initial repository scan started
2025-01-24 19:40:59.008 [info] > git rev-parse --show-toplevel [60ms]
2025-01-24 19:40:59.008 [info] fatal: not a git repository (or any parent up to mount point /)
Stopping at filesystem boundary (GIT_DISCOVERY_ACROSS_FILESYSTEM not set).
2025-01-24 19:40:59.009 [info] > git rev-parse --show-toplevel [64ms]
2025-01-24 19:40:59.028 [info] > git rev-parse --git-dir --git-common-dir [1ms]
2025-01-24 19:40:59.042 [info] [Model][openRepository] Opened repository: /home/elf/prog/monitor_for_meeting_room
2025-01-24 19:40:59.048 [info] [Model][doInitialScan] Initial repository scan completed - repositories (1), closed repositories (0), parent repositories (0), unsafe repositories (0)
2025-01-24 19:40:59.064 [info] > git rev-parse --show-toplevel [3ms]
2025-01-24 19:40:59.064 [info] fatal: not a git repository (or any parent up to mount point /)
Stopping at filesystem boundary (GIT_DISCOVERY_ACROSS_FILESYSTEM not set).
2025-01-24 19:40:59.065 [info] > git config --get commit.template [9ms]
2025-01-24 19:40:59.076 [info] > git for-each-ref --format=%(refname)%00%(upstream:short)%00%(objectname)%00%(upstream:track)%00%(upstream:remotename)%00%(upstream:remoteref) refs/heads/master refs/remotes/master [2ms]
2025-01-24 19:40:59.092 [info] > git status -z -uall [7ms]
2025-01-24 19:40:59.093 [info] > git for-each-ref --sort -committerdate --format %(refname) %(objectname) %(*objectname) [2ms]
2025-01-24 19:40:59.114 [info] > git for-each-ref --format=%(refname)%00%(upstream:short)%00%(objectname)%00%(upstream:track)%00%(upstream:remotename)%00%(upstream:remoteref) refs/heads/master refs/remotes/master [10ms]
2025-01-24 19:40:59.126 [info] > git config --local branch.master.vscode-merge-base [2ms]
2025-01-24 19:40:59.131 [info] > git config --get commit.template [18ms]
2025-01-24 19:40:59.134 [info] > git for-each-ref --format=%(refname)%00%(upstream:short)%00%(objectname)%00%(upstream:track)%00%(upstream:remotename)%00%(upstream:remoteref) refs/heads/origin/master refs/remotes/origin/master [2ms]
2025-01-24 19:40:59.161 [info] > git merge-base refs/heads/master refs/remotes/origin/master [20ms]
2025-01-24 19:40:59.168 [info] > git for-each-ref --format=%(refname)%00%(upstream:short)%00%(objectname)%00%(upstream:track)%00%(upstream:remotename)%00%(upstream:remoteref) refs/heads/master refs/remotes/master [7ms]
2025-01-24 19:40:59.178 [info] > git diff --name-status -z --diff-filter=ADMR 57c45b7789356cd85c9c8d43cdb7dafa28f07656...refs/remotes/origin/master [12ms]
2025-01-24 19:40:59.226 [info] > git status -z -uall [11ms]
2025-01-24 19:40:59.227 [info] > git for-each-ref --sort -committerdate --format %(refname) %(objectname) %(*objectname) [3ms]
2025-01-24 19:40:59.415 [info] > git rev-parse --show-toplevel [2ms]
2025-01-24 19:40:59.415 [info] fatal: not a git repository (or any parent up to mount point /)
Stopping at filesystem boundary (GIT_DISCOVERY_ACROSS_FILESYSTEM not set).
2025-01-24 19:40:59.574 [info] > git check-ignore -v -z --stdin [2ms]
2025-01-24 19:42:46.628 [info] [main] Log level: Info
2025-01-24 19:42:46.628 [info] [main] Validating found git in: "git"
2025-01-24 19:42:46.628 [info] [main] Using git "2.48.1" from "git"
2025-01-24 19:42:46.628 [info] [Model][doInitialScan] Initial repository scan started
2025-01-24 19:42:46.628 [info] > git rev-parse --show-toplevel [40ms]
2025-01-24 19:42:46.628 [info] fatal: not a git repository (or any parent up to mount point /)
Stopping at filesystem boundary (GIT_DISCOVERY_ACROSS_FILESYSTEM not set).
2025-01-24 19:42:46.628 [info] [Model][doInitialScan] Initial repository scan completed - repositories (0), closed repositories (0), parent repositories (0), unsafe repositories (0)
2025-01-24 19:42:47.283 [info] > git rev-parse --show-toplevel [2ms]
2025-01-24 19:42:47.283 [info] fatal: not a git repository (or any parent up to mount point /)
Stopping at filesystem boundary (GIT_DISCOVERY_ACROSS_FILESYSTEM not set).
2025-01-24 19:43:14.570 [info] > git rev-parse --show-toplevel [2ms]
2025-01-24 19:43:14.570 [info] fatal: not a git repository (or any parent up to mount point /)
Stopping at filesystem boundary (GIT_DISCOVERY_ACROSS_FILESYSTEM not set).
2025-01-24 19:49:47.821 [info] > git rev-parse --show-toplevel [2ms]
2025-01-24 19:49:47.821 [info] fatal: not a git repository (or any parent up to mount point /)
Stopping at filesystem boundary (GIT_DISCOVERY_ACROSS_FILESYSTEM not set).
2025-01-24 19:54:58.180 [info] > git rev-parse --show-toplevel [1ms]
2025-01-24 19:54:58.180 [info] fatal: not a git repository (or any parent up to mount point /)
Stopping at filesystem boundary (GIT_DISCOVERY_ACROSS_FILESYSTEM not set).
2025-01-24 19:55:00.206 [info] > git rev-parse --show-toplevel [2ms]
2025-01-24 19:55:00.206 [info] fatal: not a git repository (or any parent up to mount point /)
Stopping at filesystem boundary (GIT_DISCOVERY_ACROSS_FILESYSTEM not set).
