2025-01-24 22:25:32.895 [info] Extension host with pid 21211 started
2025-01-24 22:25:32.895 [info] Skipping acquiring lock for /home/elf/.config/Code/User/workspaceStorage/ac17a4e31839daad1f0b35408d69f3c2.
2025-01-24 22:25:33.060 [info] ExtensionService#_doActivateExtension vscode.github-authentication, startup: false, activationEvent: 'onAuthenticationRequest:github'
2025-01-24 22:25:33.118 [info] ExtensionService#_doActivateExtension vscode.emmet, startup: false, activationEvent: 'onLanguage'
2025-01-24 22:25:33.270 [info] ExtensionService#_doActivateExtension vscode.git-base, startup: true, activationEvent: '*', root cause: vscode.git
2025-01-24 22:25:33.274 [info] ExtensionService#_doActivateExtension Blackboxapp.blackbox, startup: true, activationEvent: '*'
2025-01-24 22:25:33.743 [info] ExtensionService#_doActivateExtension vscode.git, startup: true, activationEvent: '*'
2025-01-24 22:25:33.849 [info] ExtensionService#_doActivateExtension vscode.github, startup: true, activationEvent: '*'
2025-01-24 22:25:33.999 [info] Eager extensions activated
2025-01-24 22:25:34.155 [info] ExtensionService#_doActivateExtension vscode.configuration-editing, startup: false, activationEvent: 'onLanguage:jsonc'
2025-01-24 22:25:34.166 [info] ExtensionService#_doActivateExtension vscode.json-language-features, startup: false, activationEvent: 'onLanguage:jsonc'
2025-01-24 22:25:34.219 [info] ExtensionService#_doActivateExtension vscode.typescript-language-features, startup: false, activationEvent: 'onLanguage:jsonc'
2025-01-24 22:25:34.274 [info] ExtensionService#_doActivateExtension vscode.debug-auto-launch, startup: false, activationEvent: 'onStartupFinished'
2025-01-24 22:25:34.276 [info] ExtensionService#_doActivateExtension vscode.merge-conflict, startup: false, activationEvent: 'onStartupFinished'
2025-01-24 22:32:40.179 [error] TypeError: Cannot read properties of undefined (reading 'save')
	at Timeout._onTimeout (/home/elf/.vscode/extensions/blackboxapp.blackbox-2.8.23/out/extension.js:1642:24)
	at listOnTimeout (node:internal/timers:581:17)
	at process.processTimers (node:internal/timers:519:7)
2025-01-24 22:32:42.726 [error] TypeError: Cannot read properties of undefined (reading 'save')
	at Timeout._onTimeout (/home/elf/.vscode/extensions/blackboxapp.blackbox-2.8.23/out/extension.js:1642:24)
	at listOnTimeout (node:internal/timers:581:17)
	at process.processTimers (node:internal/timers:519:7)
2025-01-24 22:40:51.076 [error] TypeError: Cannot read properties of undefined (reading 'save')
	at Timeout._onTimeout (/home/elf/.vscode/extensions/blackboxapp.blackbox-2.8.23/out/extension.js:1642:24)
	at listOnTimeout (node:internal/timers:581:17)
	at process.processTimers (node:internal/timers:519:7)
2025-01-24 22:41:56.202 [error] TypeError: Cannot read properties of undefined (reading 'save')
	at Timeout.<anonymous> (/home/elf/.vscode/extensions/blackboxapp.blackbox-2.8.23/out/extension.js:1642:24)
	at listOnTimeout (node:internal/timers:581:17)
	at process.processTimers (node:internal/timers:519:7)
2025-01-24 22:48:38.895 [info] ExtensionService#_doActivateExtension ms-python.python, startup: false, activationEvent: 'onWalkthrough:pythonWelcome'
2025-01-24 22:48:39.348 [info] ExtensionService#_doActivateExtension ms-python.vscode-pylance, startup: false, activationEvent: 'api', root cause: ms-python.python
2025-01-24 22:54:14.357 [error] TypeError: Cannot read properties of undefined (reading 'document')
	at Timeout._onTimeout (/home/elf/.vscode/extensions/blackboxapp.blackbox-2.8.23/out/extension.js:1494:38)
	at listOnTimeout (node:internal/timers:581:17)
	at process.processTimers (node:internal/timers:519:7)
2025-01-24 23:22:47.496 [info] Extension host terminating: renderer closed the MessagePort
2025-01-24 23:22:47.564 [info] Extension host with pid 21211 exiting with code 0
