2025-01-24 19:40:51.286 [info] Reading sessions from keychain...
2025-01-24 19:40:51.286 [info] Getting sessions for all scopes...
2025-01-24 19:40:51.286 [info] Getting sessions for all scopes...
2025-01-24 19:40:51.286 [info] Getting sessions for all scopes...
2025-01-24 19:40:51.286 [info] Getting sessions for all scopes...
2025-01-24 19:40:51.286 [info] Getting sessions for all scopes...
2025-01-24 19:40:51.286 [info] Getting sessions for all scopes...
2025-01-24 19:40:51.286 [info] Getting sessions for all scopes...
2025-01-24 19:40:51.286 [info] Got stored sessions!
2025-01-24 19:40:51.286 [info] Got 1 verified sessions.
2025-01-24 19:40:51.286 [info] Got 1 sessions for ...
2025-01-24 19:40:51.286 [info] Got 1 sessions for ...
2025-01-24 19:40:51.286 [info] Got 1 sessions for ...
2025-01-24 19:40:51.286 [info] Got 1 sessions for ...
2025-01-24 19:40:51.286 [info] Got 1 sessions for ...
2025-01-24 19:40:51.286 [info] Got 1 sessions for ...
2025-01-24 19:40:51.286 [info] Got 1 sessions for ...
2025-01-24 19:40:51.286 [info] Getting sessions for all scopes...
2025-01-24 19:40:51.286 [info] Got 1 sessions for ...
2025-01-24 19:40:52.638 [info] Getting sessions for all scopes...
2025-01-24 19:40:52.638 [info] Got 1 sessions for ...
2025-01-24 19:40:53.117 [info] Getting sessions for read:user,repo,user:email,workflow...
2025-01-24 19:40:53.117 [info] Got 1 sessions for read:user,repo,user:email,workflow...
2025-01-24 19:40:53.811 [info] Getting sessions for read:user,repo,user:email,workflow...
2025-01-24 19:40:53.811 [info] Got 1 sessions for read:user,repo,user:email,workflow...
2025-01-24 19:40:57.821 [info] Reading sessions from keychain...
2025-01-24 19:40:57.821 [info] Getting sessions for all scopes...
2025-01-24 19:40:57.821 [info] Getting sessions for all scopes...
2025-01-24 19:40:57.835 [info] Getting sessions for all scopes...
2025-01-24 19:40:57.835 [info] Getting sessions for all scopes...
2025-01-24 19:40:57.836 [info] Getting sessions for all scopes...
2025-01-24 19:40:57.836 [info] Getting sessions for all scopes...
2025-01-24 19:40:57.836 [info] Getting sessions for all scopes...
2025-01-24 19:40:58.222 [info] Got stored sessions!
2025-01-24 19:40:58.222 [info] Got 1 verified sessions.
2025-01-24 19:40:58.222 [info] Got 1 sessions for ...
2025-01-24 19:40:58.222 [info] Got 1 sessions for ...
2025-01-24 19:40:58.222 [info] Got 1 sessions for ...
2025-01-24 19:40:58.222 [info] Got 1 sessions for ...
2025-01-24 19:40:58.222 [info] Got 1 sessions for ...
2025-01-24 19:40:58.222 [info] Got 1 sessions for ...
2025-01-24 19:40:58.222 [info] Got 1 sessions for ...
2025-01-24 19:40:58.269 [info] Getting sessions for all scopes...
2025-01-24 19:40:58.269 [info] Got 1 sessions for ...
2025-01-24 19:40:59.156 [info] Getting sessions for read:user,repo,user:email,workflow...
2025-01-24 19:40:59.156 [info] Got 1 sessions for read:user,repo,user:email,workflow...
2025-01-24 19:40:59.414 [info] Getting sessions for all scopes...
2025-01-24 19:40:59.414 [info] Got 1 sessions for ...
2025-01-24 19:40:59.807 [info] Getting sessions for read:user,repo,user:email,workflow...
2025-01-24 19:40:59.807 [info] Got 1 sessions for read:user,repo,user:email,workflow...
2025-01-24 19:42:45.742 [info] Reading sessions from keychain...
2025-01-24 19:42:45.742 [info] Getting sessions for all scopes...
2025-01-24 19:42:45.742 [info] Getting sessions for all scopes...
2025-01-24 19:42:45.742 [info] Got stored sessions!
2025-01-24 19:42:45.742 [info] Got 1 verified sessions.
2025-01-24 19:42:45.742 [info] Got 1 sessions for ...
2025-01-24 19:42:45.742 [info] Got 1 sessions for ...
2025-01-24 19:42:45.759 [info] Getting sessions for all scopes...
2025-01-24 19:42:45.759 [info] Got 1 sessions for ...
2025-01-24 19:42:45.760 [info] Getting sessions for all scopes...
2025-01-24 19:42:45.760 [info] Got 1 sessions for ...
2025-01-24 19:42:45.760 [info] Getting sessions for all scopes...
2025-01-24 19:42:45.760 [info] Got 1 sessions for ...
2025-01-24 19:42:45.760 [info] Getting sessions for all scopes...
2025-01-24 19:42:45.760 [info] Got 1 sessions for ...
2025-01-24 19:42:45.761 [info] Getting sessions for all scopes...
2025-01-24 19:42:45.761 [info] Got 1 sessions for ...
2025-01-24 19:42:47.299 [info] Getting sessions for all scopes...
2025-01-24 19:42:47.299 [info] Got 1 sessions for ...
