2025-01-24 22:25:20.310 [info] Reading sessions from keychain...
2025-01-24 22:25:20.310 [info] Getting sessions for all scopes...
2025-01-24 22:25:20.310 [info] Getting sessions for all scopes...
2025-01-24 22:25:20.310 [info] Getting sessions for all scopes...
2025-01-24 22:25:20.310 [info] Getting sessions for all scopes...
2025-01-24 22:25:20.310 [info] Getting sessions for all scopes...
2025-01-24 22:25:20.310 [info] Getting sessions for all scopes...
2025-01-24 22:25:20.310 [info] Getting sessions for all scopes...
2025-01-24 22:25:20.755 [info] Got stored sessions!
2025-01-24 22:25:20.755 [info] Got 1 verified sessions.
2025-01-24 22:25:20.755 [info] Got 1 sessions for ...
2025-01-24 22:25:20.755 [info] Got 1 sessions for ...
2025-01-24 22:25:20.755 [info] Got 1 sessions for ...
2025-01-24 22:25:20.755 [info] Got 1 sessions for ...
2025-01-24 22:25:20.755 [info] Got 1 sessions for ...
2025-01-24 22:25:20.755 [info] Got 1 sessions for ...
2025-01-24 22:25:20.755 [info] Got 1 sessions for ...
2025-01-24 22:25:20.814 [info] Getting sessions for all scopes...
2025-01-24 22:25:20.814 [info] Got 1 sessions for ...
2025-01-24 22:25:21.900 [info] Getting sessions for all scopes...
2025-01-24 22:25:21.900 [info] Got 1 sessions for ...
