2025-01-26 13:32:56.506 [info] [main] Log level: Info
2025-01-26 13:32:56.506 [info] [main] Validating found git in: "git"
2025-01-26 13:32:56.506 [info] [main] Using git "2.48.1" from "git"
2025-01-26 13:32:56.506 [info] [Model][doInitialScan] Initial repository scan started
2025-01-26 13:32:56.506 [info] > git rev-parse --show-toplevel [46ms]
2025-01-26 13:32:56.506 [info] fatal: not a git repository (or any parent up to mount point /)
Stopping at filesystem boundary (GIT_DISCOVERY_ACROSS_FILESYSTEM not set).
2025-01-26 13:32:56.506 [info] [Model][doInitialScan] Initial repository scan completed - repositories (0), closed repositories (0), parent repositories (0), unsafe repositories (0)
2025-01-26 13:32:56.964 [info] > git rev-parse --show-toplevel [2ms]
2025-01-26 13:32:56.964 [info] fatal: not a git repository (or any parent up to mount point /)
Stopping at filesystem boundary (GIT_DISCOVERY_ACROSS_FILESYSTEM not set).
2025-01-26 13:34:18.587 [info] [main] Log level: Info
2025-01-26 13:34:18.588 [info] [main] Validating found git in: "git"
2025-01-26 13:34:18.588 [info] [main] Using git "2.48.1" from "git"
2025-01-26 13:34:18.588 [info] [Model][doInitialScan] Initial repository scan started
2025-01-26 13:34:18.588 [info] > git rev-parse --show-toplevel [19ms]
2025-01-26 13:34:18.690 [info] > git rev-parse --git-dir --git-common-dir [64ms]
2025-01-26 13:34:18.705 [info] [Model][openRepository] Opened repository: /home/elf/prog/monitor_for_meeting_room
2025-01-26 13:34:18.728 [info] > git rev-parse --show-toplevel [8ms]
2025-01-26 13:34:18.729 [info] > git config --get commit.template [15ms]
2025-01-26 13:34:18.748 [info] > git rev-parse --show-toplevel [9ms]
2025-01-26 13:34:18.757 [info] > git for-each-ref --format=%(refname)%00%(upstream:short)%00%(objectname)%00%(upstream:track)%00%(upstream:remotename)%00%(upstream:remoteref) refs/heads/master refs/remotes/master [14ms]
2025-01-26 13:34:18.758 [info] > git rev-parse --show-toplevel [2ms]
2025-01-26 13:34:18.779 [info] > git status -z -uall [7ms]
2025-01-26 13:34:18.780 [info] > git rev-parse --show-toplevel [16ms]
2025-01-26 13:34:18.783 [info] [Model][doInitialScan] Initial repository scan completed - repositories (1), closed repositories (0), parent repositories (0), unsafe repositories (0)
2025-01-26 13:34:18.784 [info] > git for-each-ref --sort -committerdate --format %(refname) %(objectname) %(*objectname) [6ms]
2025-01-26 13:34:18.823 [info] > git for-each-ref --format=%(refname)%00%(upstream:short)%00%(objectname)%00%(upstream:track)%00%(upstream:remotename)%00%(upstream:remoteref) refs/heads/master refs/remotes/master [28ms]
2025-01-26 13:34:18.843 [info] > git config --local branch.master.vscode-merge-base [15ms]
2025-01-26 13:34:18.851 [info] > git config --get commit.template [30ms]
2025-01-26 13:34:18.854 [info] > git for-each-ref --format=%(refname)%00%(upstream:short)%00%(objectname)%00%(upstream:track)%00%(upstream:remotename)%00%(upstream:remoteref) refs/heads/origin/master refs/remotes/origin/master [4ms]
2025-01-26 13:34:18.870 [info] > git merge-base refs/heads/master refs/remotes/origin/master [11ms]
2025-01-26 13:34:18.887 [info] > git diff --name-status -z --diff-filter=ADMR 57c45b7789356cd85c9c8d43cdb7dafa28f07656...refs/remotes/origin/master [13ms]
2025-01-26 13:34:18.888 [info] > git for-each-ref --format=%(refname)%00%(upstream:short)%00%(objectname)%00%(upstream:track)%00%(upstream:remotename)%00%(upstream:remoteref) refs/heads/master refs/remotes/master [19ms]
2025-01-26 13:34:18.929 [info] > git status -z -uall [5ms]
2025-01-26 13:34:18.943 [info] > git for-each-ref --sort -committerdate --format %(refname) %(objectname) %(*objectname) [14ms]
2025-01-26 13:34:19.040 [info] > git show --textconv :utils/json.py [7ms]
2025-01-26 13:34:19.041 [info] > git ls-files --stage -- /home/elf/prog/monitor_for_meeting_room/utils/json.py [2ms]
2025-01-26 13:34:19.047 [info] > git cat-file -s dfa20b580565d754dd1716d67afe0c5399f846cc [3ms]
2025-01-26 13:34:19.069 [info] > git blame --root --incremental 57c45b7789356cd85c9c8d43cdb7dafa28f07656 -- /home/elf/prog/monitor_for_meeting_room/utils/json.py [3ms]
2025-01-26 13:34:19.239 [info] > git check-ignore -v -z --stdin [1ms]
2025-01-26 13:34:26.014 [info] > git config --get commit.template [11ms]
2025-01-26 13:34:26.016 [info] > git for-each-ref --format=%(refname)%00%(upstream:short)%00%(objectname)%00%(upstream:track)%00%(upstream:remotename)%00%(upstream:remoteref) refs/heads/master refs/remotes/master [3ms]
2025-01-26 13:34:26.027 [info] > git status -z -uall [5ms]
2025-01-26 13:34:26.028 [info] > git for-each-ref --sort -committerdate --format %(refname) %(objectname) %(*objectname) [1ms]
2025-01-26 13:34:26.349 [info] > git show --textconv HEAD:utils/json.py [6ms]
2025-01-26 13:34:26.350 [info] > git ls-tree -l HEAD -- /home/elf/prog/monitor_for_meeting_room/utils/json.py [2ms]
2025-01-26 13:34:27.096 [info] > git config --get commit.template [17ms]
2025-01-26 13:34:27.098 [info] > git for-each-ref --format=%(refname)%00%(upstream:short)%00%(objectname)%00%(upstream:track)%00%(upstream:remotename)%00%(upstream:remoteref) refs/heads/master refs/remotes/master [3ms]
2025-01-26 13:34:27.130 [info] > git status -z -uall [16ms]
2025-01-26 13:34:27.133 [info] > git for-each-ref --sort -committerdate --format %(refname) %(objectname) %(*objectname) [3ms]
2025-01-26 13:34:27.174 [info] > git ls-files --stage -- /home/elf/prog/monitor_for_meeting_room/utils/json.py [5ms]
2025-01-26 13:34:27.178 [info] > git ls-tree -l HEAD -- /home/elf/prog/monitor_for_meeting_room/utils/json.py [4ms]
2025-01-26 13:34:27.179 [info] > git cat-file -s ea791ccd4bdb389d09d535cc8cdd1a71622a518c [2ms]
2025-01-26 13:34:27.193 [info] > git show --textconv HEAD:utils/json.py [6ms]
2025-01-26 13:34:27.193 [info] > git show --textconv :utils/json.py [1ms]
2025-01-26 13:34:27.857 [info] > git log --format=%H%n%aN%n%aE%n%at%n%ct%n%P%n%D%n%B -z -n-1 [2ms]
2025-01-26 13:34:42.395 [info] > git config --get commit.template [3ms]
2025-01-26 13:34:42.404 [info] > git for-each-ref --format=%(refname)%00%(upstream:short)%00%(objectname)%00%(upstream:track)%00%(upstream:remotename)%00%(upstream:remoteref) refs/heads/master refs/remotes/master [2ms]
2025-01-26 13:34:42.419 [info] > git status -z -uall [9ms]
2025-01-26 13:34:42.420 [info] > git for-each-ref --sort -committerdate --format %(refname) %(objectname) %(*objectname) [2ms]
2025-01-26 13:34:42.435 [info] > git blame --root --incremental 7c21c2282f9d4211b0386aa7843c876c2d74ca20 -- /home/elf/prog/monitor_for_meeting_room/utils/json.py [7ms]
2025-01-26 13:34:42.435 [info] > git merge-base refs/heads/master refs/remotes/origin/master [2ms]
2025-01-26 13:34:42.441 [info] > git diff --name-status -z --diff-filter=ADMR 57c45b7789356cd85c9c8d43cdb7dafa28f07656...refs/remotes/origin/master [1ms]
2025-01-26 13:34:43.467 [info] > git config --get commit.template [1ms]
2025-01-26 13:34:43.474 [info] > git for-each-ref --format=%(refname)%00%(upstream:short)%00%(objectname)%00%(upstream:track)%00%(upstream:remotename)%00%(upstream:remoteref) refs/heads/master refs/remotes/master [2ms]
2025-01-26 13:34:43.487 [info] > git status -z -uall [6ms]
2025-01-26 13:34:43.488 [info] > git for-each-ref --sort -committerdate --format %(refname) %(objectname) %(*objectname) [1ms]
2025-01-26 13:34:43.578 [info] > git ls-files --stage -- /home/elf/prog/monitor_for_meeting_room/utils/json.py [3ms]
2025-01-26 13:34:43.597 [info] > git cat-file -s ea791ccd4bdb389d09d535cc8cdd1a71622a518c [4ms]
2025-01-26 13:34:43.618 [info] > git show --textconv :utils/json.py [4ms]
2025-01-26 13:34:49.499 [info] > git config --get commit.template [7ms]
2025-01-26 13:34:49.500 [info] > git for-each-ref --format=%(refname)%00%(upstream:short)%00%(objectname)%00%(upstream:track)%00%(upstream:remotename)%00%(upstream:remoteref) refs/heads/master refs/remotes/master [2ms]
2025-01-26 13:34:49.509 [info] > git status -z -uall [5ms]
2025-01-26 13:34:49.510 [info] > git for-each-ref --sort -committerdate --format %(refname) %(objectname) %(*objectname) [1ms]
2025-01-26 13:34:49.519 [info] > git merge-base refs/heads/master refs/remotes/origin/master [1ms]
2025-01-26 13:34:49.526 [info] > git diff --name-status -z --diff-filter=ADMR 7c21c2282f9d4211b0386aa7843c876c2d74ca20...refs/remotes/origin/master [2ms]
2025-01-26 13:35:11.006 [info] > git config --get commit.template [10ms]
2025-01-26 13:35:11.014 [info] > git ls-files --stage -- /home/elf/prog/monitor_for_meeting_room/utils/json.py [10ms]
2025-01-26 13:35:11.019 [info] > git for-each-ref --format=%(refname)%00%(upstream:short)%00%(objectname)%00%(upstream:track)%00%(upstream:remotename)%00%(upstream:remoteref) refs/heads/master refs/remotes/master [5ms]
2025-01-26 13:35:11.020 [info] > git cat-file -s ea791ccd4bdb389d09d535cc8cdd1a71622a518c [1ms]
2025-01-26 13:35:11.033 [info] > git status -z -uall [7ms]
2025-01-26 13:35:11.038 [info] > git for-each-ref --sort -committerdate --format %(refname) %(objectname) %(*objectname) [6ms]
2025-01-26 13:35:11.042 [info] > git show --textconv :utils/json.py [5ms]
