2025-01-24 22:22:04.804 [info] Extension host with pid 19146 started
2025-01-24 22:22:04.804 [info] Skipping acquiring lock for /home/elf/.config/Code/User/workspaceStorage/ac17a4e31839daad1f0b35408d69f3c2.
2025-01-24 22:22:04.972 [info] ExtensionService#_doActivateExtension vscode.github-authentication, startup: false, activationEvent: 'onAuthenticationRequest:github'
2025-01-24 22:22:05.015 [info] ExtensionService#_doActivateExtension vscode.emmet, startup: false, activationEvent: 'onLanguage'
2025-01-24 22:22:05.138 [info] ExtensionService#_doActivateExtension vscode.git-base, startup: true, activationEvent: '*', root cause: vscode.git
2025-01-24 22:22:05.141 [info] ExtensionService#_doActivateExtension Blackboxapp.blackbox, startup: true, activationEvent: '*'
2025-01-24 22:22:05.619 [info] ExtensionService#_doActivateExtension vscode.git, startup: true, activationEvent: '*'
2025-01-24 22:22:05.719 [info] ExtensionService#_doActivateExtension vscode.github, startup: true, activationEvent: '*'
2025-01-24 22:22:05.891 [info] ExtensionService#_doActivateExtension vscode.configuration-editing, startup: false, activationEvent: 'onLanguage:jsonc'
2025-01-24 22:22:05.899 [info] ExtensionService#_doActivateExtension vscode.json-language-features, startup: false, activationEvent: 'onLanguage:jsonc'
2025-01-24 22:22:05.958 [info] ExtensionService#_doActivateExtension vscode.typescript-language-features, startup: false, activationEvent: 'onLanguage:jsonc'
2025-01-24 22:22:06.032 [info] Eager extensions activated
2025-01-24 22:22:06.077 [info] ExtensionService#_doActivateExtension vscode.debug-auto-launch, startup: false, activationEvent: 'onStartupFinished'
2025-01-24 22:22:06.079 [info] ExtensionService#_doActivateExtension vscode.merge-conflict, startup: false, activationEvent: 'onStartupFinished'
2025-01-24 22:22:17.843 [error] TypeError: Cannot read properties of undefined (reading 'save')
	at Timeout.<anonymous> (/home/elf/.vscode/extensions/blackboxapp.blackbox-2.8.23/out/extension.js:1642:24)
	at listOnTimeout (node:internal/timers:581:17)
	at process.processTimers (node:internal/timers:519:7)
2025-01-24 22:22:18.123 [error] TypeError: Cannot read properties of undefined (reading 'save')
	at Timeout._onTimeout (/home/elf/.vscode/extensions/blackboxapp.blackbox-2.8.23/out/extension.js:1642:24)
	at listOnTimeout (node:internal/timers:581:17)
	at process.processTimers (node:internal/timers:519:7)
2025-01-24 22:22:31.358 [error] TypeError: Cannot read properties of undefined (reading 'save')
	at Timeout._onTimeout (/home/elf/.vscode/extensions/blackboxapp.blackbox-2.8.23/out/extension.js:1642:24)
	at listOnTimeout (node:internal/timers:581:17)
	at process.processTimers (node:internal/timers:519:7)
2025-01-24 22:22:46.887 [info] Extension host terminating: renderer closed the MessagePort
2025-01-24 22:22:46.914 [info] Extension host with pid 19146 exiting with code 0
