2025-01-24 14:46:09.817 [info] Added views:outline in workbench.view.explorer
2025-01-24 14:46:09.817 [info] Added views:workbench.view.search in workbench.view.search
2025-01-24 14:46:09.817 [info] Added views:workbench.scm in workbench.view.scm
2025-01-24 14:46:09.817 [info] Added views:workbench.panel.markers.view in workbench.panel.markers
2025-01-24 14:46:09.817 [info] Added views:workbench.panel.output in workbench.panel.output
2025-01-24 14:46:09.817 [info] Added views:terminal in terminal
2025-01-24 14:46:09.817 [info] Added views:timeline in workbench.view.explorer
2025-01-24 14:46:09.817 [info] Added views:workbench.explorer.emptyView in workbench.view.explorer
2025-01-24 14:46:10.047 [info] Added views:blackbox-onboarding in workbench.view.extension.blackbox
2025-01-24 14:46:10.048 [info] Added views:remoteTargets in workbench.view.remote
2025-01-24 14:46:10.141 [info] Added views:workbench.debug.variablesView,workbench.debug.watchExpressionsView,workbench.debug.callStackView,workbench.debug.breakPointsView in workbench.view.debug
2025-01-24 14:46:10.192 [info] Added views:~remote.forwardedPorts in ~remote.forwardedPortsContainer
2025-01-24 14:46:10.377 [info] Added views:workbench.panel.repl.view in workbench.panel.repl
2025-01-24 14:46:10.377 [info] Removed views:workbench.debug.breakPointsView,workbench.debug.callStackView,workbench.debug.watchExpressionsView,workbench.debug.variablesView from workbench.view.debug
2025-01-24 14:46:10.377 [info] Added views:workbench.debug.welcome in workbench.view.debug
2025-01-24 14:57:55.114 [info] Added views:outline in workbench.view.explorer
2025-01-24 14:57:55.114 [info] Added views:workbench.view.search in workbench.view.search
2025-01-24 14:57:55.114 [info] Added views:workbench.scm in workbench.view.scm
2025-01-24 14:57:55.114 [info] Added views:workbench.panel.markers.view in workbench.panel.markers
2025-01-24 14:57:55.114 [info] Added views:workbench.panel.output in workbench.panel.output
2025-01-24 14:57:55.114 [info] Added views:terminal in terminal
2025-01-24 14:57:55.114 [info] Added views:timeline in workbench.view.explorer
2025-01-24 14:57:55.114 [info] Added views:workbench.explorer.fileView in workbench.view.explorer
2025-01-24 14:57:55.238 [info] Added views:workbench.debug.welcome in workbench.view.debug
2025-01-24 14:57:55.556 [info] Added views:blackbox-onboarding in workbench.view.extension.blackbox
2025-01-24 14:57:55.556 [info] Added views:remoteTargets in workbench.view.remote
2025-01-24 14:57:55.762 [info] Added views:workbench.panel.repl.view in workbench.panel.repl
2025-01-24 14:57:55.967 [info] Added views:~remote.forwardedPorts in ~remote.forwardedPortsContainer
2025-01-24 14:57:56.101 [info] Added views:workbench.view.testing in workbench.view.extension.test
2025-01-24 14:57:57.318 [info] Added views:workbench.scm.history in workbench.view.scm
2025-01-24 17:52:48.236 [info] Removed views:workbench.scm.history from workbench.view.scm
2025-01-24 17:52:48.240 [info] Removed views:workbench.view.testing from workbench.view.extension.test
