[2025-01-20 17:16:40.985] [info]  MAIN: Process starting...
[2025-01-20 17:16:40.987] [info]  MAIN: Application version 24.2.4
[2025-01-20 17:16:40.990] [info]  MAIN: ...Process started
[2025-01-20 17:16:41.280] [info]  MAIN: App ready
[2025-01-20 17:16:41.697] [info]  RENDER: Process starting...
[2025-01-20 17:16:41.698] [info]  RENDER: License validity: false
[2025-01-20 17:16:41.698] [info]  MAIN: Show license
[2025-01-20 17:16:41.840] [info]  LICENSE: Process starting...
[2025-01-20 17:16:41.840] [info]  LICENSE: Workflow starting...
[2025-01-20 17:16:41.841] [info]  LICENSE: ... Workflow started
[2025-01-20 17:16:41.843] [info]  LICENSE: ... Process started
[2025-01-20 17:16:41.877] [info]  MAIN: License window loaded
[2025-01-20 17:16:46.449] [info]  MAIN: License window closed
[2025-01-20 22:09:41.424] [info]  MAIN: Process starting...
[2025-01-20 22:09:41.427] [info]  MAIN: Application version 24.2.4
[2025-01-20 22:09:41.428] [info]  MAIN: ...Process started
[2025-01-20 22:09:41.613] [info]  MAIN: App ready
[2025-01-20 22:09:42.054] [info]  RENDER: Process starting...
[2025-01-20 22:09:42.055] [info]  RENDER: License validity: false
[2025-01-20 22:09:42.056] [info]  MAIN: Show license
[2025-01-20 22:09:42.234] [info]  LICENSE: Process starting...
[2025-01-20 22:09:42.234] [info]  LICENSE: Workflow starting...
[2025-01-20 22:09:42.234] [info]  LICENSE: ... Workflow started
[2025-01-20 22:09:42.237] [info]  LICENSE: ... Process started
[2025-01-20 22:09:42.282] [info]  MAIN: License window loaded
[2025-01-20 22:09:54.333] [info]  MAIN: License window closed
[2025-01-22 19:59:05.750] [info]  MAIN: Process starting...
[2025-01-22 19:59:05.752] [info]  MAIN: Application version 24.2.4
[2025-01-22 19:59:05.753] [info]  MAIN: ...Process started
[2025-01-22 19:59:05.856] [info]  MAIN: App ready
[2025-01-22 19:59:06.219] [info]  RENDER: Process starting...
[2025-01-22 19:59:06.220] [info]  RENDER: License validity: false
[2025-01-22 19:59:06.220] [info]  MAIN: Show license
[2025-01-22 19:59:06.383] [info]  LICENSE: Process starting...
[2025-01-22 19:59:06.384] [info]  LICENSE: Workflow starting...
[2025-01-22 19:59:06.384] [info]  LICENSE: ... Workflow started
[2025-01-22 19:59:06.386] [info]  LICENSE: ... Process started
[2025-01-22 19:59:06.422] [info]  MAIN: License window loaded
[2025-01-22 20:00:05.940] [info]  MAIN: License window closed
[2025-01-23 14:03:13.013] [info]  MAIN: Process starting...
[2025-01-23 14:03:13.015] [info]  MAIN: Application version 24.2.4
[2025-01-23 14:03:13.015] [info]  MAIN: ...Process started
[2025-01-23 14:03:13.110] [info]  MAIN: App ready
[2025-01-23 14:03:13.424] [info]  RENDER: Process starting...
[2025-01-23 14:03:13.424] [info]  RENDER: License validity: false
[2025-01-23 14:03:13.425] [info]  MAIN: Show license
[2025-01-23 14:03:13.597] [info]  LICENSE: Process starting...
[2025-01-23 14:03:13.597] [info]  LICENSE: Workflow starting...
[2025-01-23 14:03:13.597] [info]  LICENSE: ... Workflow started
[2025-01-23 14:03:13.599] [info]  LICENSE: ... Process started
[2025-01-23 14:03:13.636] [info]  MAIN: License window loaded
[2025-01-23 14:04:53.759] [info]  MAIN: License window closed
[2025-01-23 23:46:50.839] [info]  MAIN: Process starting...
[2025-01-23 23:46:50.843] [info]  MAIN: Application version 24.2.4
[2025-01-23 23:46:50.844] [info]  MAIN: ...Process started
[2025-01-23 23:46:50.950] [info]  MAIN: App ready
[2025-01-23 23:46:51.323] [info]  RENDER: Process starting...
[2025-01-23 23:46:51.323] [info]  RENDER: License validity: false
[2025-01-23 23:46:51.324] [info]  MAIN: Show license
[2025-01-23 23:46:51.519] [info]  LICENSE: Process starting...
[2025-01-23 23:46:51.519] [info]  LICENSE: Workflow starting...
[2025-01-23 23:46:51.519] [info]  LICENSE: ... Workflow started
[2025-01-23 23:46:51.522] [info]  LICENSE: ... Process started
[2025-01-23 23:46:51.572] [info]  MAIN: License window loaded
[2025-01-23 23:47:28.342] [info]  MAIN: License window closed
[2025-01-23 23:47:40.505] [info]  MAIN: Process starting...
[2025-01-23 23:47:40.508] [info]  MAIN: Application version 24.2.4
[2025-01-23 23:47:40.509] [info]  MAIN: ...Process started
[2025-01-23 23:47:40.616] [info]  MAIN: App ready
[2025-01-23 23:47:41.017] [info]  RENDER: Process starting...
[2025-01-23 23:47:41.018] [info]  RENDER: License validity: false
[2025-01-23 23:47:41.019] [info]  MAIN: Show license
[2025-01-23 23:47:41.206] [info]  LICENSE: Process starting...
[2025-01-23 23:47:41.207] [info]  LICENSE: Workflow starting...
[2025-01-23 23:47:41.207] [info]  LICENSE: ... Workflow started
[2025-01-23 23:47:41.209] [info]  LICENSE: ... Process started
[2025-01-23 23:47:41.258] [info]  MAIN: License window loaded
[2025-01-23 23:48:17.987] [info]  MAIN: License window closed
[2025-01-23 23:48:21.878] [info]  MAIN: Process starting...
[2025-01-23 23:48:21.881] [info]  MAIN: Application version 24.2.4
[2025-01-23 23:48:21.881] [info]  MAIN: ...Process started
[2025-01-23 23:48:21.990] [info]  MAIN: App ready
[2025-01-23 23:48:22.353] [info]  RENDER: Process starting...
[2025-01-23 23:48:22.354] [info]  RENDER: License validity: false
[2025-01-23 23:48:22.354] [info]  MAIN: Show license
[2025-01-23 23:48:22.542] [info]  LICENSE: Process starting...
[2025-01-23 23:48:22.542] [info]  LICENSE: Workflow starting...
[2025-01-23 23:48:22.542] [info]  LICENSE: ... Workflow started
[2025-01-23 23:48:22.545] [info]  LICENSE: ... Process started
[2025-01-23 23:48:22.599] [info]  MAIN: License window loaded
[2025-01-23 23:49:35.002] [info]  MAIN: License window closed
[2025-01-24 00:16:01.574] [info]  MAIN: Process starting...
[2025-01-24 00:16:01.576] [info]  MAIN: Application version 24.2.4
[2025-01-24 00:16:01.576] [info]  MAIN: ...Process started
[2025-01-24 00:16:01.679] [info]  MAIN: App ready
[2025-01-24 00:16:02.045] [info]  RENDER: Process starting...
[2025-01-24 00:16:02.045] [info]  RENDER: License validity: false
[2025-01-24 00:16:02.046] [info]  MAIN: Show license
[2025-01-24 00:16:02.233] [info]  LICENSE: Process starting...
[2025-01-24 00:16:02.234] [info]  LICENSE: Workflow starting...
[2025-01-24 00:16:02.234] [info]  LICENSE: ... Workflow started
[2025-01-24 00:16:02.236] [info]  LICENSE: ... Process started
[2025-01-24 00:16:02.279] [info]  MAIN: License window loaded
[2025-01-24 00:42:27.047] [info]  MAIN: License window closed
[2025-01-24 12:25:07.755] [info]  MAIN: Process starting...
[2025-01-24 12:25:07.764] [info]  MAIN: Application version 24.2.4
[2025-01-24 12:25:07.766] [info]  MAIN: ...Process started
[2025-01-24 12:25:07.858] [info]  MAIN: App ready
[2025-01-24 12:25:08.252] [info]  RENDER: Process starting...
[2025-01-24 12:25:08.252] [info]  RENDER: License validity: false
[2025-01-24 12:25:08.253] [info]  MAIN: Show license
[2025-01-24 12:25:08.403] [info]  LICENSE: Process starting...
[2025-01-24 12:25:08.403] [info]  LICENSE: Workflow starting...
[2025-01-24 12:25:08.403] [info]  LICENSE: ... Workflow started
[2025-01-24 12:25:08.405] [info]  LICENSE: ... Process started
[2025-01-24 12:25:08.443] [info]  MAIN: License window loaded
[2025-01-24 12:26:32.027] [info]  MAIN: License window closed
