2025-01-26 13:32:54.426 [info] Added views:outline in workbench.view.explorer
2025-01-26 13:32:54.426 [info] Added views:workbench.view.search in workbench.view.search
2025-01-26 13:32:54.426 [info] Added views:workbench.scm in workbench.view.scm
2025-01-26 13:32:54.426 [info] Added views:workbench.panel.markers.view in workbench.panel.markers
2025-01-26 13:32:54.426 [info] Added views:workbench.panel.output in workbench.panel.output
2025-01-26 13:32:54.426 [info] Added views:terminal in terminal
2025-01-26 13:32:54.426 [info] Added views:timeline in workbench.view.explorer
2025-01-26 13:32:54.426 [info] Added views:workbench.explorer.fileView in workbench.view.explorer
2025-01-26 13:32:54.827 [info] Added views:blackbox-onboarding in workbench.view.extension.blackbox
2025-01-26 13:32:54.827 [info] Added views:remoteTargets in workbench.view.remote
2025-01-26 13:32:54.957 [info] Added views:workbench.debug.welcome in workbench.view.debug
2025-01-26 13:32:55.024 [info] Added views:~remote.forwardedPorts in ~remote.forwardedPortsContainer
2025-01-26 13:32:55.316 [info] Added views:workbench.panel.repl.view in workbench.panel.repl
2025-01-26 13:34:15.472 [info] Added views:outline in workbench.view.explorer
2025-01-26 13:34:15.472 [info] Added views:workbench.view.search in workbench.view.search
2025-01-26 13:34:15.472 [info] Added views:workbench.scm in workbench.view.scm
2025-01-26 13:34:15.472 [info] Added views:workbench.panel.markers.view in workbench.panel.markers
2025-01-26 13:34:15.472 [info] Added views:workbench.panel.output in workbench.panel.output
2025-01-26 13:34:15.472 [info] Added views:terminal in terminal
2025-01-26 13:34:15.472 [info] Added views:timeline in workbench.view.explorer
2025-01-26 13:34:15.472 [info] Added views:workbench.explorer.fileView in workbench.view.explorer
2025-01-26 13:34:15.643 [info] Added views:workbench.debug.welcome in workbench.view.debug
2025-01-26 13:34:16.070 [info] Added views:blackbox-onboarding in workbench.view.extension.blackbox
2025-01-26 13:34:16.071 [info] Added views:remoteTargets in workbench.view.remote
2025-01-26 13:34:16.349 [info] Added views:workbench.panel.repl.view in workbench.panel.repl
2025-01-26 13:34:16.731 [info] Added views:~remote.forwardedPorts in ~remote.forwardedPortsContainer
2025-01-26 13:34:16.943 [info] Added views:workbench.view.testing in workbench.view.extension.test
2025-01-26 13:34:18.702 [info] Added views:workbench.scm.history in workbench.view.scm
2025-01-26 13:35:21.453 [info] Removed views:workbench.scm.history from workbench.view.scm
2025-01-26 13:35:21.456 [info] Removed views:workbench.view.testing from workbench.view.extension.test
