00:00:00.285297 VirtualBox GUI VM Selector Window 7.1.6 r167084 linux.amd64 (Jan 21 2025 22:19:22) release log
00:00:00.285299 Log opened 2025-01-24T19:57:18.832137000Z
00:00:00.285300 Build Type: release
00:00:00.285302 OS Product: Linux
00:00:00.285302 OS Release: 6.12.10-arch1-1
00:00:00.285303 OS Version: #1 SMP PREEMPT_DYNAMIC Sat, 18 Jan 2025 02:26:57 +0000
00:00:00.285324 DMI Product Name: VivoBook_ASUSLaptop X571LH_F571LH
00:00:00.285332 DMI Product Version: 1.0
00:00:00.285336 Firmware type: UEFI
00:00:00.285635 Secure Boot: Disabled
00:00:00.285666 Host RAM: 15824MB (15.4GB) total, 13406MB (13.0GB) available
00:00:00.285669 Executable: /usr/lib/virtualbox/VirtualBox
00:00:00.285669 Process ID: 29102
00:00:00.285670 Package type: LINUX_64BITS_GENERIC (OSE)
00:00:00.285692 Qt version: 6.8.1
00:00:00.286436 GUI: UIMediumEnumerator: Initial medium-enumeration finished!
00:00:00.291659 GUI: UIMediumEnumerator: Medium-enumeration started...
00:00:00.291677 GUI: UIMediumEnumerator: Medium-enumeration finished!
00:00:00.824599 GUI: UIDesktopWidgetWatchdog::sltHandleHostScreenAvailableGeometryCalculated: Screen 0 work area is actually resized to: 650x20 x 620x1003
00:22:20.125548 GUI: UIMediumEnumerator: Medium-enumeration finished!
00:22:20.194442 GUI: UIMediumEnumerator: Medium-enumeration finished!
00:22:21.604279 GUI: UIMediumEnumerator: Medium-enumeration finished!
00:24:15.367743 GUI: UIMediumEnumerator: Medium-enumeration finished!
00:24:18.778736 GUI: UIMediumEnumerator: Medium-enumeration finished!
00:24:32.589436 GUI: UIMediumEnumerator: Medium-enumeration finished!
00:25:37.275595 GUI: UICommon: Handling aboutToQuit request..
00:25:37.905322 GUI: UICommon: aboutToQuit request handled!
