2025-01-26 13:32:56.414 [info] Reading sessions from keychain...
2025-01-26 13:32:56.414 [info] Getting sessions for all scopes...
2025-01-26 13:32:56.414 [info] Getting sessions for all scopes...
2025-01-26 13:32:56.414 [info] Got stored sessions!
2025-01-26 13:32:56.414 [info] Got 1 verified sessions.
2025-01-26 13:32:56.414 [info] Got 1 sessions for ...
2025-01-26 13:32:56.414 [info] Got 1 sessions for ...
2025-01-26 13:32:56.414 [info] Getting sessions for all scopes...
2025-01-26 13:32:56.414 [info] Got 1 sessions for ...
2025-01-26 13:32:56.414 [info] Getting sessions for all scopes...
2025-01-26 13:32:56.414 [info] Got 1 sessions for ...
2025-01-26 13:32:56.414 [info] Getting sessions for all scopes...
2025-01-26 13:32:56.414 [info] Got 1 sessions for ...
2025-01-26 13:32:56.414 [info] Getting sessions for all scopes...
2025-01-26 13:32:56.414 [info] Got 1 sessions for ...
2025-01-26 13:32:56.414 [info] Getting sessions for all scopes...
2025-01-26 13:32:56.414 [info] Got 1 sessions for ...
2025-01-26 13:32:56.982 [info] Getting sessions for all scopes...
2025-01-26 13:32:56.982 [info] Got 1 sessions for ...
2025-01-26 13:34:16.870 [info] Reading sessions from keychain...
2025-01-26 13:34:16.870 [info] Getting sessions for all scopes...
2025-01-26 13:34:16.870 [info] Getting sessions for all scopes...
2025-01-26 13:34:16.870 [info] Getting sessions for all scopes...
2025-01-26 13:34:16.870 [info] Got stored sessions!
2025-01-26 13:34:16.870 [info] Got 1 verified sessions.
2025-01-26 13:34:16.870 [info] Got 1 sessions for ...
2025-01-26 13:34:16.870 [info] Got 1 sessions for ...
2025-01-26 13:34:16.870 [info] Got 1 sessions for ...
2025-01-26 13:34:16.870 [info] Getting sessions for all scopes...
2025-01-26 13:34:16.870 [info] Got 1 sessions for ...
2025-01-26 13:34:16.870 [info] Getting sessions for all scopes...
2025-01-26 13:34:16.870 [info] Got 1 sessions for ...
2025-01-26 13:34:16.870 [info] Getting sessions for all scopes...
2025-01-26 13:34:16.870 [info] Got 1 sessions for ...
2025-01-26 13:34:16.870 [info] Getting sessions for all scopes...
2025-01-26 13:34:16.870 [info] Got 1 sessions for ...
2025-01-26 13:34:16.870 [info] Getting sessions for all scopes...
2025-01-26 13:34:16.870 [info] Got 1 sessions for ...
2025-01-26 13:34:18.350 [info] Getting sessions for all scopes...
2025-01-26 13:34:18.350 [info] Got 1 sessions for ...
2025-01-26 13:34:18.860 [info] Getting sessions for read:user,repo,user:email,workflow...
2025-01-26 13:34:18.860 [info] Got 1 sessions for read:user,repo,user:email,workflow...
2025-01-26 13:34:24.265 [info] Getting sessions for read:user,repo,user:email,workflow...
2025-01-26 13:34:24.265 [info] Got 1 sessions for read:user,repo,user:email,workflow...
2025-01-26 13:34:47.922 [info] Getting sessions for read:user,repo,user:email,workflow...
2025-01-26 13:34:47.922 [info] Got 1 sessions for read:user,repo,user:email,workflow...
