2025-01-24 14:46:11.065 [info] Reading sessions from keychain...
2025-01-24 14:46:11.065 [info] Getting sessions for all scopes...
2025-01-24 14:46:11.065 [info] Getting sessions for all scopes...
2025-01-24 14:46:11.065 [info] Getting sessions for all scopes...
2025-01-24 14:46:11.065 [info] Getting sessions for all scopes...
2025-01-24 14:46:11.065 [info] Getting sessions for all scopes...
2025-01-24 14:46:11.065 [info] Getting sessions for all scopes...
2025-01-24 14:46:11.065 [info] Getting sessions for all scopes...
2025-01-24 14:46:11.065 [info] Getting sessions for all scopes...
2025-01-24 14:46:11.065 [info] Got stored sessions!
2025-01-24 14:46:11.065 [info] Got 1 verified sessions.
2025-01-24 14:46:11.065 [info] Got 1 sessions for ...
2025-01-24 14:46:11.065 [info] Got 1 sessions for ...
2025-01-24 14:46:11.065 [info] Got 1 sessions for ...
2025-01-24 14:46:11.065 [info] Got 1 sessions for ...
2025-01-24 14:46:11.065 [info] Got 1 sessions for ...
2025-01-24 14:46:11.065 [info] Got 1 sessions for ...
2025-01-24 14:46:11.065 [info] Got 1 sessions for ...
2025-01-24 14:46:11.065 [info] Got 1 sessions for ...
2025-01-24 14:46:12.382 [info] Getting sessions for all scopes...
2025-01-24 14:46:12.382 [info] Got 1 sessions for ...
2025-01-24 14:56:40.835 [info] Getting sessions for all scopes...
2025-01-24 14:56:40.835 [info] Got 1 sessions for ...
2025-01-24 14:56:52.152 [info] Getting sessions for all scopes...
2025-01-24 14:56:52.152 [info] Got 1 sessions for ...
2025-01-24 14:57:56.065 [info] Reading sessions from keychain...
2025-01-24 14:57:56.065 [info] Getting sessions for all scopes...
2025-01-24 14:57:56.065 [info] Getting sessions for all scopes...
2025-01-24 14:57:56.065 [info] Getting sessions for all scopes...
2025-01-24 14:57:56.065 [info] Got stored sessions!
2025-01-24 14:57:56.065 [info] Got 1 verified sessions.
2025-01-24 14:57:56.065 [info] Got 1 sessions for ...
2025-01-24 14:57:56.065 [info] Got 1 sessions for ...
2025-01-24 14:57:56.065 [info] Got 1 sessions for ...
2025-01-24 14:57:56.065 [info] Getting sessions for all scopes...
2025-01-24 14:57:56.065 [info] Got 1 sessions for ...
2025-01-24 14:57:56.065 [info] Getting sessions for all scopes...
2025-01-24 14:57:56.065 [info] Got 1 sessions for ...
2025-01-24 14:57:56.065 [info] Getting sessions for all scopes...
2025-01-24 14:57:56.065 [info] Got 1 sessions for ...
2025-01-24 14:57:56.065 [info] Getting sessions for all scopes...
2025-01-24 14:57:56.065 [info] Got 1 sessions for ...
2025-01-24 14:57:56.065 [info] Getting sessions for all scopes...
2025-01-24 14:57:56.065 [info] Got 1 sessions for ...
2025-01-24 14:57:57.458 [info] Getting sessions for read:user,repo,user:email,workflow...
2025-01-24 14:57:57.458 [info] Got 1 sessions for read:user,repo,user:email,workflow...
2025-01-24 14:57:57.762 [info] Getting sessions for all scopes...
2025-01-24 14:57:57.762 [info] Got 1 sessions for ...
2025-01-24 14:57:57.893 [info] Getting sessions for read:user,repo,user:email,workflow...
2025-01-24 14:57:57.893 [info] Got 1 sessions for read:user,repo,user:email,workflow...
2025-01-24 16:19:04.116 [info] Getting sessions for read:user,repo,user:email,workflow...
2025-01-24 16:19:04.116 [info] Got 1 sessions for read:user,repo,user:email,workflow...
