2025-01-24 14:46:11.446 [info] Getting Manifest... blackboxapp.blackboxagent
2025-01-24 14:46:11.671 [info] Installing extension: blackboxapp.blackboxagent {"context":{"extensionInstallSource":"command"},"pinned":false,"productVersion":{"version":"1.96.0","date":"2024-12-11T02:29:09.626Z"},"operation":3,"isApplicationScoped":false,"profileLocation":{"$mid":1,"external":"vscode-userdata:/home/elf/.vscode/extensions/extensions.json","path":"/home/elf/.vscode/extensions/extensions.json","scheme":"vscode-userdata"},"installOnlyNewlyAddedFromExtensionPack":true}
2025-01-24 14:46:11.727 [info] Extension installed successfully: blackboxapp.blackboxagent vscode-userdata:/home/elf/.vscode/extensions/extensions.json
2025-01-24 14:46:11.801 [error] [uncaught exception in sharedProcess]: Error: ENOENT: no such file or directory, stat '/home/elf/.vscode/extensions/extensions.json.vsctmp': EntryNotFound (FileSystemError): Error: ENOENT: no such file or directory, stat '/home/elf/.vscode/extensions/extensions.json.vsctmp'
    at Gm.create (file:///opt/visual-studio-code/resources/app/out/vs/code/electron-utility/sharedProcess/sharedProcessMain.js:35:39624)
    at xs (file:///opt/visual-studio-code/resources/app/out/vs/code/electron-utility/sharedProcess/sharedProcessMain.js:35:39731)
    at Vr.ib (file:///opt/visual-studio-code/resources/app/out/vs/code/electron-utility/sharedProcess/sharedProcessMain.js:78:22778)
    at Vr.stat (file:///opt/visual-studio-code/resources/app/out/vs/code/electron-utility/sharedProcess/sharedProcessMain.js:78:16010)
    at async wh.stat (file:///opt/visual-studio-code/resources/app/out/vs/code/electron-utility/sharedProcess/sharedProcessMain.js:77:85488)
    at async fh.Ab (file:///opt/visual-studio-code/resources/app/out/vs/code/electron-utility/sharedProcess/sharedProcessMain.js:77:67180)
2025-01-24 14:57:57.140 [info] Getting Manifest... blackboxapp.blackboxagent
2025-01-24 14:57:57.237 [info] Installing extension: blackboxapp.blackboxagent {"context":{"extensionInstallSource":"command"},"pinned":false,"productVersion":{"version":"1.96.4","date":"2025-01-16T00:13:50.682Z"},"operation":3,"isApplicationScoped":false,"profileLocation":{"$mid":1,"external":"vscode-userdata:/home/elf/.vscode/extensions/extensions.json","path":"/home/elf/.vscode/extensions/extensions.json","scheme":"vscode-userdata"},"installOnlyNewlyAddedFromExtensionPack":true}
2025-01-24 14:57:57.289 [info] Extension installed successfully: blackboxapp.blackboxagent vscode-userdata:/home/elf/.vscode/extensions/extensions.json
2025-01-24 14:57:57.356 [error] [uncaught exception in sharedProcess]: Error: ENOENT: no such file or directory, stat '/home/elf/.vscode/extensions/extensions.json.vsctmp': EntryNotFound (FileSystemError): Error: ENOENT: no such file or directory, stat '/home/elf/.vscode/extensions/extensions.json.vsctmp'
    at Gm.create (file:///opt/visual-studio-code/resources/app/out/vs/code/electron-utility/sharedProcess/sharedProcessMain.js:35:39624)
    at xs (file:///opt/visual-studio-code/resources/app/out/vs/code/electron-utility/sharedProcess/sharedProcessMain.js:35:39731)
    at Vr.ib (file:///opt/visual-studio-code/resources/app/out/vs/code/electron-utility/sharedProcess/sharedProcessMain.js:78:22778)
    at Vr.stat (file:///opt/visual-studio-code/resources/app/out/vs/code/electron-utility/sharedProcess/sharedProcessMain.js:78:16010)
    at async wh.stat (file:///opt/visual-studio-code/resources/app/out/vs/code/electron-utility/sharedProcess/sharedProcessMain.js:77:85488)
    at async fh.Ab (file:///opt/visual-studio-code/resources/app/out/vs/code/electron-utility/sharedProcess/sharedProcessMain.js:77:67180)
2025-01-24 15:28:03.049 [error] [network] #115: https://main.vscode-cdn.net/extensions/marketplace.json - error GET net::ERR_ADDRESS_UNREACHABLE
